Para la configuración del archivo, 12 discos/patrones son suficientes.
Patrón 4 (usado 1 veces):
Archivos cubiertos: a0017, a0006

Patrón 6 (usado 1 veces):
Archivos cubiertos: a0016, a0001

Patrón 7 (usado 1 veces):
Archivos cubiertos: a0004, a0005

Patrón 10 (usado 1 veces):
Archivos cubiertos: a0007, a0005

Patrón 12 (usado 1 veces):
Archivos cubiertos: a0008, a0006, a0005

Patrón 15 (usado 1 veces):
Archivos cubiertos: a0015, a0005

Patrón 16 (usado 1 veces):
Archivos cubiertos: a0010

Patrón 24 (usado 1 veces):
Archivos cubiertos: a0013, a0005

Patrón 32 (usado 1 veces):
Archivos cubiertos: a0012, a0011

Patrón 34 (usado 1 veces):
Archivos cubiertos: a0002

Patrón 42 (usado 1 veces):
Archivos cubiertos: a0003

Patrón 44 (usado 1 veces):
Archivos cubiertos: a0014, a0009

