Patrones seleccionados y archivos asignados

Patrón 15 (usado 1 veces):
Archivos cubiertos: a0157, a0025, a0142

Patrón 17 (usado 1 veces):
Archivos cubiertos: a0027, a0025, a0150

Patrón 20 (usado 1 veces):
Archivos cubiertos: a0274, a0077, a0025, a0142, a0150

Patrón 23 (usado 1 veces):
Archivos cubiertos: a0316, a0264, a0142, a0150

Patrón 36 (usado 1 veces):
Archivos cubiertos: a0159, a0142

Patrón 39 (usado 1 veces):
Archivos cubiertos: a0309, a0359, a0076, a0265

Patrón 43 (usado 1 veces):
Archivos cubiertos: a0326, a0056, a0076, a0265, a0150

Patrón 46 (usado 1 veces):
Archivos cubiertos: a0026, a0076, a0142, a0150

Patrón 47 (usado 1 veces):
Archivos cubiertos: a0045, a0076, a0142, a0150

Patrón 48 (usado 1 veces):
Archivos cubiertos: a0349, a0193, a0076, a0142, a0150

Patrón 50 (usado 1 veces):
Archivos cubiertos: a0262, a0142

Patrón 54 (usado 1 veces):
Archivos cubiertos: a0355, a0056, a0265, a0150

Patrón 55 (usado 1 veces):
Archivos cubiertos: a0191, a0056, a0076, a0142, a0150

Patrón 56 (usado 1 veces):
Archivos cubiertos: a0163, a0265, a0142

Patrón 57 (usado 1 veces):
Archivos cubiertos: a0214, a0076, a0150

Patrón 60 (usado 1 veces):
Archivos cubiertos: a0116, a0056, a0076, a0142

Patrón 65 (usado 1 veces):
Archivos cubiertos: a0137, a0076, a0265, a0150

Patrón 68 (usado 1 veces):
Archivos cubiertos: a0188, a0076, a0150

Patrón 70 (usado 1 veces):
Archivos cubiertos: a0199, a0076, a0142, a0150

Patrón 72 (usado 1 veces):
Archivos cubiertos: a0123, a0076, a0142, a0150

Patrón 74 (usado 1 veces):
Archivos cubiertos: a0180, a0076, a0142, a0150

Patrón 88 (usado 1 veces):
Archivos cubiertos: a0269, a0114, a0265, a0150

Patrón 89 (usado 1 veces):
Archivos cubiertos: a0093, a0265, a0142, a0150

Patrón 92 (usado 1 veces):
Archivos cubiertos: a0040, a0114, a0357, a0265, a0150

Patrón 93 (usado 1 veces):
Archivos cubiertos: a0041, a0114

Patrón 94 (usado 1 veces):
Archivos cubiertos: a0175, a0142

Patrón 96 (usado 1 veces):
Archivos cubiertos: a0015, a0114, a0150

Patrón 107 (usado 1 veces):
Archivos cubiertos: a0275, a0357, a0150

Patrón 108 (usado 1 veces):
Archivos cubiertos: a0132, a0265, a0142

Patrón 120 (usado 1 veces):
Archivos cubiertos: a0362, a0265, a0142, a0150

Patrón 122 (usado 1 veces):
Archivos cubiertos: a0087, a0142, a0150

Patrón 124 (usado 1 veces):
Archivos cubiertos: a0079, a0265, a0142

Patrón 126 (usado 1 veces):
Archivos cubiertos: a0200, a0265, a0142

Patrón 152 (usado 1 veces):
Archivos cubiertos: a0253, a0360, a0019, a0150

Patrón 155 (usado 1 veces):
Archivos cubiertos: a0186, a0019, a0142, a0150

Patrón 156 (usado 1 veces):
Archivos cubiertos: a0211, a0005, a0150

Patrón 168 (usado 1 veces):
Archivos cubiertos: a0184, a0243

Patrón 173 (usado 1 veces):
Archivos cubiertos: a0140, a0053

Patrón 174 (usado 1 veces):
Archivos cubiertos: a0298, a0083, a0142, a0150

Patrón 181 (usado 1 veces):
Archivos cubiertos: a0341, a0108, a0142, a0150

Patrón 182 (usado 1 veces):
Archivos cubiertos: a0231, a0083, a0142, a0150

Patrón 184 (usado 1 veces):
Archivos cubiertos: a0202, a0108, a0142, a0150

Patrón 185 (usado 1 veces):
Archivos cubiertos: a0332, a0167, a0053

Patrón 191 (usado 1 veces):
Archivos cubiertos: a0320, a0297, a0142, a0150

Patrón 193 (usado 1 veces):
Archivos cubiertos: a0261, a0142

Patrón 196 (usado 1 veces):
Archivos cubiertos: a0134, a0297, a0142, a0150

Patrón 200 (usado 1 veces):
Archivos cubiertos: a0249, a0297, a0053, a0142

Patrón 202 (usado 1 veces):
Archivos cubiertos: a0182, a0053, a0142, a0150

Patrón 208 (usado 1 veces):
Archivos cubiertos: a0002, a0142

Patrón 210 (usado 1 veces):
Archivos cubiertos: a0232, a0204, a0108

Patrón 212 (usado 1 veces):
Archivos cubiertos: a0270, a0083, a0108, a0142, a0150

Patrón 216 (usado 1 veces):
Archivos cubiertos: a0136, a0234, a0083, a0150

Patrón 218 (usado 1 veces):
Archivos cubiertos: a0245, a0234, a0142

Patrón 226 (usado 1 veces):
Archivos cubiertos: a0024, a0142, a0150

Patrón 240 (usado 1 veces):
Archivos cubiertos: a0097, a0009, a0146, a0142

Patrón 242 (usado 1 veces):
Archivos cubiertos: a0251, a0146, a0142

Patrón 243 (usado 1 veces):
Archivos cubiertos: a0178, a0146, a0153, a0142, a0150

Patrón 244 (usado 1 veces):
Archivos cubiertos: a0322, a0146, a0153, a0142

Patrón 247 (usado 1 veces):
Archivos cubiertos: a0306, a0146, a0142, a0150

Patrón 251 (usado 1 veces):
Archivos cubiertos: a0004, a0146, a0153, a0142

Patrón 253 (usado 1 veces):
Archivos cubiertos: a0162, a0142

Patrón 271 (usado 1 veces):
Archivos cubiertos: a0342, a0308, a0277, a0150

Patrón 273 (usado 1 veces):
Archivos cubiertos: a0054, a0308, a0277, a0142

Patrón 274 (usado 1 veces):
Archivos cubiertos: a0115, a0142, a0150

Patrón 277 (usado 1 veces):
Archivos cubiertos: a0023, a0308, a0142

Patrón 278 (usado 1 veces):
Archivos cubiertos: a0033, a0277, a0142, a0150

Patrón 279 (usado 1 veces):
Archivos cubiertos: a0086, a0308, a0142, a0150

Patrón 282 (usado 1 veces):
Archivos cubiertos: a0302

Patrón 283 (usado 1 veces):
Archivos cubiertos: a0247, a0308, a0277, a0142, a0150

Patrón 284 (usado 1 veces):
Archivos cubiertos: a0100, a0277, a0150

Patrón 291 (usado 1 veces):
Archivos cubiertos: a0290, a0153, a0150

Patrón 292 (usado 1 veces):
Archivos cubiertos: a0090, a0106, a0142, a0150

Patrón 295 (usado 1 veces):
Archivos cubiertos: a0238, a0106, a0153, a0142

Patrón 300 (usado 1 veces):
Archivos cubiertos: a0062, a0358, a0111, a0150

Patrón 304 (usado 1 veces):
Archivos cubiertos: a0248, a0001, a0142

Patrón 306 (usado 1 veces):
Archivos cubiertos: a0236, a0142

Patrón 307 (usado 1 veces):
Archivos cubiertos: a0168, a0358, a0142

Patrón 311 (usado 1 veces):
Archivos cubiertos: a0235, a0171, a0358

Patrón 313 (usado 1 veces):
Archivos cubiertos: a0066, a0358, a0142, a0150

Patrón 314 (usado 1 veces):
Archivos cubiertos: a0021, a0142

Patrón 317 (usado 1 veces):
Archivos cubiertos: a0052, a0358, a0111, a0142, a0150

Patrón 318 (usado 1 veces):
Archivos cubiertos: a0080, a0150

Patrón 319 (usado 1 veces):
Archivos cubiertos: a0239, a0358, a0153, a0142, a0150

Patrón 327 (usado 1 veces):
Archivos cubiertos: a0170, a0153

Patrón 328 (usado 1 veces):
Archivos cubiertos: a0288, a0142, a0150

Patrón 344 (usado 1 veces):
Archivos cubiertos: a0063, a0229, a0150

Patrón 346 (usado 1 veces):
Archivos cubiertos: a0049, a0071, a0229, a0142, a0150

Patrón 347 (usado 1 veces):
Archivos cubiertos: a0096, a0229, a0142, a0150

Patrón 349 (usado 1 veces):
Archivos cubiertos: a0246, a0229, a0142, a0150

Patrón 356 (usado 1 veces):
Archivos cubiertos: a0014, a0089, a0229, a0142, a0150

Patrón 358 (usado 1 veces):
Archivos cubiertos: a0300, a0089, a0142

Patrón 359 (usado 1 veces):
Archivos cubiertos: a0048, a0229, a0142, a0150

Patrón 368 (usado 1 veces):
Archivos cubiertos: a0165, a0142, a0150

Patrón 370 (usado 1 veces):
Archivos cubiertos: a0103, a0142, a0150

Patrón 459 (usado 1 veces):
Archivos cubiertos: a0030, a0346, a0150

Patrón 464 (usado 1 veces):
Archivos cubiertos: a0008, a0150

Patrón 466 (usado 1 veces):
Archivos cubiertos: a0254, a0150

Patrón 690 (usado 1 veces):
Archivos cubiertos: a0183, a0012, a0020, a0314

Patrón 694 (usado 1 veces):
Archivos cubiertos: a0177, a0020, a0314

Patrón 695 (usado 1 veces):
Archivos cubiertos: a0240, a0020, a0314

Patrón 696 (usado 1 veces):
Archivos cubiertos: a0174, a0314

Patrón 699 (usado 1 veces):
Archivos cubiertos: a0022, a0020

Patrón 700 (usado 1 veces):
Archivos cubiertos: a0205, a0314

Patrón 757 (usado 1 veces):
Archivos cubiertos: a0172, a0314

Patrón 759 (usado 1 veces):
Archivos cubiertos: a0166, a0078

Patrón 760 (usado 1 veces):
Archivos cubiertos: a0218, a0333, a0314

Patrón 763 (usado 1 veces):
Archivos cubiertos: a0121, a0333, a0314

Patrón 764 (usado 1 veces):
Archivos cubiertos: a0289, a0314

Patrón 771 (usado 1 veces):
Archivos cubiertos: a0281, a0156, a0314

Patrón 773 (usado 1 veces):
Archivos cubiertos: a0201, a0295, a0314

Patrón 775 (usado 1 veces):
Archivos cubiertos: a0095, a0314

Patrón 777 (usado 1 veces):
Archivos cubiertos: a0156, a0067, a0314

Patrón 782 (usado 1 veces):
Archivos cubiertos: a0318, a0314

Patrón 785 (usado 1 veces):
Archivos cubiertos: a0208, a0314

Patrón 787 (usado 1 veces):
Archivos cubiertos: a0016, a0314

Patrón 1018 (usado 1 veces):
Archivos cubiertos: a0291, a0280

Patrón 1066 (usado 1 veces):
Archivos cubiertos: a0338, a0074, a0252, a0331

Patrón 1069 (usado 1 veces):
Archivos cubiertos: a0028, a0252

Patrón 1070 (usado 1 veces):
Archivos cubiertos: a0311, a0313, a0252, a0158

Patrón 1072 (usado 1 veces):
Archivos cubiertos: a0145, a0158

Patrón 1080 (usado 1 veces):
Archivos cubiertos: a0317, a0017, a0085

Patrón 1082 (usado 1 veces):
Archivos cubiertos: a0149, a0017, a0252

Patrón 1083 (usado 1 veces):
Archivos cubiertos: a0299, a0252

Patrón 1089 (usado 1 veces):
Archivos cubiertos: a0258, a0094, a0252, a0085

Patrón 1092 (usado 1 veces):
Archivos cubiertos: a0124, a0252, a0331

Patrón 1097 (usado 1 veces):
Archivos cubiertos: a0055, a0244, a0252

Patrón 1100 (usado 1 veces):
Archivos cubiertos: a0304, a0351, a0252

Patrón 1103 (usado 1 veces):
Archivos cubiertos: a0292, a0252, a0158

Patrón 1104 (usado 1 veces):
Archivos cubiertos: a0091, a0285, a0252, a0158

Patrón 1105 (usado 1 veces):
Archivos cubiertos: a0259, a0252

Patrón 1108 (usado 1 veces):
Archivos cubiertos: a0039, a0252

Patrón 1116 (usado 1 veces):
Archivos cubiertos: a0144, a0252, a0158

Patrón 1118 (usado 1 veces):
Archivos cubiertos: a0169, a0252, a0085

Patrón 1120 (usado 1 veces):
Archivos cubiertos: a0267, a0252, a0158

Patrón 1123 (usado 1 veces):
Archivos cubiertos: a0185, a0252, a0331

Patrón 1126 (usado 1 veces):
Archivos cubiertos: a0206, a0256, a0252, a0085

Patrón 1128 (usado 1 veces):
Archivos cubiertos: a0345, a0252

Patrón 1132 (usado 1 veces):
Archivos cubiertos: a0082, a0252, a0331

Patrón 1133 (usado 1 veces):
Archivos cubiertos: a0283, a0252, a0158

Patrón 1134 (usado 1 veces):
Archivos cubiertos: a0212, a0252, a0085

Patrón 1135 (usado 1 veces):
Archivos cubiertos: a0312, a0252

Patrón 1136 (usado 1 veces):
Archivos cubiertos: a0250, a0252, a0085

Patrón 1139 (usado 1 veces):
Archivos cubiertos: a0126, a0252, a0085

Patrón 1142 (usado 1 veces):
Archivos cubiertos: a0273, a0252, a0085

Patrón 1185 (usado 1 veces):
Archivos cubiertos: a0181, a0224

Patrón 1189 (usado 1 veces):
Archivos cubiertos: a0284, a0237, a0241, a0331, a0158

Patrón 1191 (usado 1 veces):
Archivos cubiertos: a0334, a0241, a0331, a0158

Patrón 1196 (usado 1 veces):
Archivos cubiertos: a0036, a0241, a0331

Patrón 1197 (usado 1 veces):
Archivos cubiertos: a0227, a0241, a0158

Patrón 1205 (usado 1 veces):
Archivos cubiertos: a0141, a0042, a0340, a0331

Patrón 1209 (usado 1 veces):
Archivos cubiertos: a0187, a0217, a0340, a0331, a0085

Patrón 1211 (usado 1 veces):
Archivos cubiertos: a0088, a0217, a0340, a0331

Patrón 1212 (usado 1 veces):
Archivos cubiertos: a0155

Patrón 1215 (usado 1 veces):
Archivos cubiertos: a0225, a0340, a0158

Patrón 1223 (usado 1 veces):
Archivos cubiertos: a0213, a0195, a0331

Patrón 1225 (usado 1 veces):
Archivos cubiertos: a0070, a0195, a0331, a0085

Patrón 1226 (usado 1 veces):
Archivos cubiertos: a0203, a0268, a0331, a0085

Patrón 1227 (usado 1 veces):
Archivos cubiertos: a0336, a0195, a0331, a0085

Patrón 1228 (usado 1 veces):
Archivos cubiertos: a0173, a0195

Patrón 1229 (usado 1 veces):
Archivos cubiertos: a0223, a0195, a0331

Patrón 1232 (usado 1 veces):
Archivos cubiertos: a0084, a0195, a0331, a0158

Patrón 1242 (usado 1 veces):
Archivos cubiertos: a0348, a0343, a0331

Patrón 1246 (usado 1 veces):
Archivos cubiertos: a0176, a0331, a0085

Patrón 1248 (usado 1 veces):
Archivos cubiertos: a0219, a0331

Patrón 1249 (usado 1 veces):
Archivos cubiertos: a0329, a0331, a0158

Patrón 1250 (usado 1 veces):
Archivos cubiertos: a0151, a0331

Patrón 1310 (usado 1 veces):
Archivos cubiertos: a0323, a0305, a0113, a0085

Patrón 1315 (usado 1 veces):
Archivos cubiertos: a0207, a0113, a0085

Patrón 1317 (usado 1 veces):
Archivos cubiertos: a0198, a0013, a0085

Patrón 1320 (usado 1 veces):
Archivos cubiertos: a0092, a0072, a0113, a0344, a0158

Patrón 1322 (usado 1 veces):
Archivos cubiertos: a0164, a0158

Patrón 1328 (usado 1 veces):
Archivos cubiertos: a0058, a0148, a0113, a0344, a0085

Patrón 1330 (usado 1 veces):
Archivos cubiertos: a0194, a0085

Patrón 1331 (usado 1 veces):
Archivos cubiertos: a0135, a0113, a0112, a0158

Patrón 1333 (usado 1 veces):
Archivos cubiertos: a0003, a0113, a0344

Patrón 1334 (usado 1 veces):
Archivos cubiertos: a0350, a0148, a0158

Patrón 1335 (usado 1 veces):
Archivos cubiertos: a0081, a0344, a0158

Patrón 1338 (usado 1 veces):
Archivos cubiertos: a0209, a0266, a0113, a0158, a0085

Patrón 1340 (usado 1 veces):
Archivos cubiertos: a0354, a0113, a0344, a0158

Patrón 1344 (usado 1 veces):
Archivos cubiertos: a0189, a0335, a0113, a0158

Patrón 1345 (usado 1 veces):
Archivos cubiertos: a0064, a0113, a0158

Patrón 1346 (usado 1 veces):
Archivos cubiertos: a0160, a0113, a0344, a0085

Patrón 1347 (usado 1 veces):
Archivos cubiertos: a0179, a0113

Patrón 1348 (usado 1 veces):
Archivos cubiertos: a0032, a0113, a0344

Patrón 1352 (usado 1 veces):
Archivos cubiertos: a0147, a0113, a0158, a0085

Patrón 1353 (usado 1 veces):
Archivos cubiertos: a0339, a0113, a0112, a0085

Patrón 1356 (usado 1 veces):
Archivos cubiertos: a0347, a0113, a0344, a0158

Patrón 1364 (usado 1 veces):
Archivos cubiertos: a0043, a0112, a0344

Patrón 1365 (usado 1 veces):
Archivos cubiertos: a0143, a0112, a0344, a0158, a0085

Patrón 1373 (usado 1 veces):
Archivos cubiertos: a0242, a0282, a0344

Patrón 1380 (usado 1 veces):
Archivos cubiertos: a0105, a0344, a0158

Patrón 1381 (usado 1 veces):
Archivos cubiertos: a0029, a0344, a0158, a0085

Patrón 1382 (usado 1 veces):
Archivos cubiertos: a0233, a0344

Patrón 1385 (usado 1 veces):
Archivos cubiertos: a0010, a0344, a0158

Patrón 1433 (usado 1 veces):
Archivos cubiertos: a0060, a0059, a0325, a0085

Patrón 1434 (usado 1 veces):
Archivos cubiertos: a0073, a0158

Patrón 1435 (usado 1 veces):
Archivos cubiertos: a0220, a0325, a0158

Patrón 1441 (usado 1 veces):
Archivos cubiertos: a0129, a0034, a0158, a0085

Patrón 1443 (usado 1 veces):
Archivos cubiertos: a0109, a0034

Patrón 1451 (usado 1 veces):
Archivos cubiertos: a0330, a0161, a0158, a0085

Patrón 1452 (usado 1 veces):
Archivos cubiertos: a0210, a0161, a0158, a0085

Patrón 1453 (usado 1 veces):
Archivos cubiertos: a0361, a0161, a0158, a0085

Patrón 1456 (usado 1 veces):
Archivos cubiertos: a0018, a0161, a0158, a0085

Patrón 1458 (usado 1 veces):
Archivos cubiertos: a0352, a0158, a0085

Patrón 1468 (usado 1 veces):
Archivos cubiertos: a0125, a0325

Patrón 1477 (usado 1 veces):
Archivos cubiertos: a0279, a0158

Patrón 1482 (usado 1 veces):
Archivos cubiertos: a0068, a0158, a0085

Patrón 1486 (usado 1 veces):
Archivos cubiertos: a0046, a0158, a0085

Patrón 1518 (usado 1 veces):
Archivos cubiertos: a0263, a0085

Patrón 1520 (usado 1 veces):
Archivos cubiertos: a0296, a0102, a0085

Patrón 1522 (usado 1 veces):
Archivos cubiertos: a0337, a0085

Patrón 1523 (usado 1 veces):
Archivos cubiertos: a0038, a0085

Patrón 1526 (usado 1 veces):
Archivos cubiertos: a0152, a0044, a0085

Patrón 1530 (usado 1 veces):
Archivos cubiertos: a0119, a0085

Patrón 1533 (usado 1 veces):
Archivos cubiertos: a0190, a0085

Patrón 1535 (usado 1 veces):
Archivos cubiertos: a0035, a0085

Patrón 1536 (usado 1 veces):
Archivos cubiertos: a0230, a0085

Patrón 1538 (usado 1 veces):
Archivos cubiertos: a0286, a0085

Patrón 1540 (usado 1 veces):
Archivos cubiertos: a0061, a0085

Patrón 1722 (usado 1 veces):
Archivos cubiertos: a0353, a0197

Patrón 1725 (usado 1 veces):
Archivos cubiertos: a0319, a0197

Patrón 1726 (usado 1 veces):
Archivos cubiertos: a0107, a0197

Patrón 1729 (usado 1 veces):
Archivos cubiertos: a0278, a0110

Patrón 1731 (usado 1 veces):
Archivos cubiertos: a0257, a0197

Patrón 1732 (usado 1 veces):
Archivos cubiertos: a0104, a0197

Patrón 1733 (usado 1 veces):
Archivos cubiertos: a0287, a0197

Patrón 1772 (usado 1 veces):
Archivos cubiertos: a0216, a0075

Patrón 1774 (usado 1 veces):
Archivos cubiertos: a0138, a0139

Patrón 1780 (usado 1 veces):
Archivos cubiertos: a0307, a0075

Patrón 1789 (usado 1 veces):
Archivos cubiertos: a0272, a0228, a0222

Patrón 1791 (usado 1 veces):
Archivos cubiertos: a0293, a0228, a0192

Patrón 1796 (usado 1 veces):
Archivos cubiertos: a0101, a0192

Patrón 1797 (usado 1 veces):
Archivos cubiertos: a0037, a0222

Patrón 1799 (usado 1 veces):
Archivos cubiertos: a0356, a0222

Patrón 1808 (usado 1 veces):
Archivos cubiertos: a0260, a0006

Patrón 1809 (usado 1 veces):
Archivos cubiertos: a0276

Patrón 1811 (usado 1 veces):
Archivos cubiertos: a0007, a0011

Patrón 1817 (usado 1 veces):
Archivos cubiertos: a0050, a0192

Patrón 1825 (usado 1 veces):
Archivos cubiertos: a0130

Patrón 1826 (usado 1 veces):
Archivos cubiertos: a0271

Patrón 1829 (usado 1 veces):
Archivos cubiertos: a0321, a0294

Patrón 1831 (usado 1 veces):
Archivos cubiertos: a0154, a0192

Patrón 1837 (usado 1 veces):
Archivos cubiertos: a0065, a0069, a0192

Patrón 1839 (usado 1 veces):
Archivos cubiertos: a0131, a0069, a0192

Patrón 1847 (usado 1 veces):
Archivos cubiertos: a0324, a0128

Patrón 1856 (usado 1 veces):
Archivos cubiertos: a0215, a0117

Patrón 1857 (usado 1 veces):
Archivos cubiertos: a0051, a0117, a0255

Patrón 1859 (usado 1 veces):
Archivos cubiertos: a0315

Patrón 1862 (usado 1 veces):
Archivos cubiertos: a0328, a0098

Patrón 1864 (usado 1 veces):
Archivos cubiertos: a0047, a0255

Patrón 1866 (usado 1 veces):
Archivos cubiertos: a0127, a0255

Patrón 1875 (usado 1 veces):
Archivos cubiertos: a0310, a0057

Patrón 1876 (usado 1 veces):
Archivos cubiertos: a0099, a0031, a0057

Patrón 1877 (usado 1 veces):
Archivos cubiertos: a0226

Patrón 1878 (usado 1 veces):
Archivos cubiertos: a0133

Patrón 1883 (usado 1 veces):
Archivos cubiertos: a0118, a0057

Patrón 1884 (usado 1 veces):
Archivos cubiertos: a0122, a0057

Patrón 1885 (usado 1 veces):
Archivos cubiertos: a0120, a0057

Patrón 1887 (usado 1 veces):
Archivos cubiertos: a0196, a0057

Patrón 1899 (usado 1 veces):
Archivos cubiertos: a0303

Patrón 1900 (usado 1 veces):
Archivos cubiertos: a0301

Patrón 1902 (usado 1 veces):
Archivos cubiertos: a0327

Patrón 1903 (usado 1 veces):
Archivos cubiertos: a0221

