Patrones seleccionados y archivos asignados

Patrón 0 (usado 1 veces):
Archivos cubiertos: a0499, a0157, a0025, a0142

Patrón 12 (usado 1 veces):
Archivos cubiertos: a0027, a0025, a0150

Patrón 15 (usado 1 veces):
Archivos cubiertos: a0274, a0077, a0025, a0142, a0150

Patrón 18 (usado 1 veces):
Archivos cubiertos: a0316, a0264, a0142, a0150

Patrón 31 (usado 1 veces):
Archivos cubiertos: a0159, a0142

Patrón 34 (usado 1 veces):
Archivos cubiertos: a0309, a0359, a0391, a0381

Patrón 38 (usado 1 veces):
Archivos cubiertos: a0326, a0056, a0391, a0150

Patrón 41 (usado 1 veces):
Archivos cubiertos: a0026, a0391, a0381, a0142, a0150

Patrón 42 (usado 1 veces):
Archivos cubiertos: a0045, a0391, a0381, a0142, a0150

Patrón 43 (usado 1 veces):
Archivos cubiertos: a0349, a0193, a0381, a0142

Patrón 45 (usado 1 veces):
Archivos cubiertos: a0262, a0142

Patrón 49 (usado 1 veces):
Archivos cubiertos: a0355, a0056, a0265, a0150

Patrón 50 (usado 1 veces):
Archivos cubiertos: a0191, a0056, a0381, a0142, a0150

Patrón 51 (usado 1 veces):
Archivos cubiertos: a0163, a0265, a0142

Patrón 52 (usado 1 veces):
Archivos cubiertos: a0214, a0391, a0381, a0142, a0150

Patrón 54 (usado 1 veces):
Archivos cubiertos: a0452, a0391, a0142

Patrón 56 (usado 1 veces):
Archivos cubiertos: a0116, a0056, a0381, a0142

Patrón 61 (usado 1 veces):
Archivos cubiertos: a0137, a0391, a0142

Patrón 64 (usado 1 veces):
Archivos cubiertos: a0188, a0501, a0391, a0142, a0150

Patrón 72 (usado 1 veces):
Archivos cubiertos: a0199, a0381, a0142

Patrón 74 (usado 1 veces):
Archivos cubiertos: a0123, a0381, a0142

Patrón 76 (usado 1 veces):
Archivos cubiertos: a0180, a0381, a0265

Patrón 88 (usado 1 veces):
Archivos cubiertos: a0076, a0150

Patrón 92 (usado 1 veces):
Archivos cubiertos: a0407, a0420, a0265, a0142, a0150

Patrón 95 (usado 1 veces):
Archivos cubiertos: a0493, a0093, a0357, a0142

Patrón 97 (usado 1 veces):
Archivos cubiertos: a0269, a0114, a0265, a0150

Patrón 101 (usado 1 veces):
Archivos cubiertos: a0040, a0114, a0357, a0265, a0150

Patrón 102 (usado 1 veces):
Archivos cubiertos: a0507, a0357, a0142, a0150

Patrón 107 (usado 1 veces):
Archivos cubiertos: a0041, a0442, a0357, a0150

Patrón 108 (usado 1 veces):
Archivos cubiertos: a0175, a0142

Patrón 111 (usado 1 veces):
Archivos cubiertos: a0433, a0114, a0142, a0150

Patrón 113 (usado 1 veces):
Archivos cubiertos: a0015, a0114, a0150

Patrón 124 (usado 1 veces):
Archivos cubiertos: a0275, a0357, a0150

Patrón 125 (usado 1 veces):
Archivos cubiertos: a0132, a0265, a0142

Patrón 137 (usado 1 veces):
Archivos cubiertos: a0362, a0423, a0265, a0142

Patrón 138 (usado 1 veces):
Archivos cubiertos: a0470, a0423, a0265, a0142

Patrón 139 (usado 1 veces):
Archivos cubiertos: a0422, a0265, a0142, a0150

Patrón 147 (usado 1 veces):
Archivos cubiertos: a0087, a0142, a0150

Patrón 149 (usado 1 veces):
Archivos cubiertos: a0079, a0459, a0150

Patrón 153 (usado 1 veces):
Archivos cubiertos: a0485, a0265, a0142, a0150

Patrón 154 (usado 1 veces):
Archivos cubiertos: a0200, a0265, a0142

Patrón 180 (usado 1 veces):
Archivos cubiertos: a0253, a0360, a0019, a0150

Patrón 183 (usado 1 veces):
Archivos cubiertos: a0186, a0019, a0142, a0150

Patrón 184 (usado 1 veces):
Archivos cubiertos: a0211, a0005, a0150

Patrón 186 (usado 1 veces):
Archivos cubiertos: a0443, a0005, a0019, a0142, a0150

Patrón 195 (usado 1 veces):
Archivos cubiertos: a0449, a0019, a0150

Patrón 221 (usado 1 veces):
Archivos cubiertos: a0184, a0243

Patrón 226 (usado 1 veces):
Archivos cubiertos: a0140, a0053

Patrón 227 (usado 1 veces):
Archivos cubiertos: a0298, a0083, a0142, a0150

Patrón 234 (usado 1 veces):
Archivos cubiertos: a0341, a0108, a0142, a0150

Patrón 235 (usado 1 veces):
Archivos cubiertos: a0468, a0167, a0108, a0142, a0150

Patrón 237 (usado 1 veces):
Archivos cubiertos: a0231, a0167, a0142, a0150

Patrón 239 (usado 1 veces):
Archivos cubiertos: a0436, a0167, a0053, a0150

Patrón 241 (usado 1 veces):
Archivos cubiertos: a0202, a0108, a0142, a0150

Patrón 242 (usado 1 veces):
Archivos cubiertos: a0332, a0167, a0053

Patrón 248 (usado 1 veces):
Archivos cubiertos: a0320, a0297, a0142, a0150

Patrón 249 (usado 1 veces):
Archivos cubiertos: a0437, a0134, a0142

Patrón 250 (usado 1 veces):
Archivos cubiertos: a0261, a0142

Patrón 257 (usado 1 veces):
Archivos cubiertos: a0249, a0297, a0053, a0142

Patrón 260 (usado 1 veces):
Archivos cubiertos: a0425, a0182, a0108, a0150

Patrón 263 (usado 1 veces):
Archivos cubiertos: a0386, a0297, a0108, a0142, a0150

Patrón 268 (usado 1 veces):
Archivos cubiertos: a0002, a0142

Patrón 269 (usado 1 veces):
Archivos cubiertos: a0232, a0083, a0108, a0142

Patrón 272 (usado 1 veces):
Archivos cubiertos: a0471, a0150

Patrón 273 (usado 1 veces):
Archivos cubiertos: a0270, a0083, a0108, a0142, a0150

Patrón 274 (usado 1 veces):
Archivos cubiertos: a0406, a0204, a0083, a0142, a0150

Patrón 277 (usado 1 veces):
Archivos cubiertos: a0136, a0234, a0083, a0150

Patrón 279 (usado 1 veces):
Archivos cubiertos: a0511, a0083, a0142

Patrón 280 (usado 1 veces):
Archivos cubiertos: a0245, a0083, a0150

Patrón 288 (usado 1 veces):
Archivos cubiertos: a0024, a0142, a0150

Patrón 302 (usado 1 veces):
Archivos cubiertos: a0421, a0009, a0146, a0142, a0150

Patrón 303 (usado 1 veces):
Archivos cubiertos: a0097, a0153

Patrón 305 (usado 1 veces):
Archivos cubiertos: a0251, a0146, a0142

Patrón 306 (usado 1 veces):
Archivos cubiertos: a0375, a0146, a0142, a0150

Patrón 307 (usado 1 veces):
Archivos cubiertos: a0322, a0146, a0153, a0142

Patrón 309 (usado 1 veces):
Archivos cubiertos: a0439, a0146, a0142, a0150

Patrón 311 (usado 1 veces):
Archivos cubiertos: a0178, a0009, a0146, a0142, a0150

Patrón 313 (usado 1 veces):
Archivos cubiertos: a0306, a0146, a0142, a0150

Patrón 317 (usado 1 veces):
Archivos cubiertos: a0004, a0146, a0153, a0142

Patrón 319 (usado 1 veces):
Archivos cubiertos: a0162, a0142

Patrón 337 (usado 1 veces):
Archivos cubiertos: a0342, a0308, a0277, a0150

Patrón 339 (usado 1 veces):
Archivos cubiertos: a0054, a0308, a0277, a0142

Patrón 340 (usado 1 veces):
Archivos cubiertos: a0115, a0142, a0150

Patrón 343 (usado 1 veces):
Archivos cubiertos: a0023, a0308, a0142

Patrón 345 (usado 1 veces):
Archivos cubiertos: a0086, a0308, a0142, a0150

Patrón 346 (usado 1 veces):
Archivos cubiertos: a0487, a0277, a0142, a0150

Patrón 347 (usado 1 veces):
Archivos cubiertos: a0033, a0394, a0142, a0150

Patrón 348 (usado 1 veces):
Archivos cubiertos: a0445, a0308, a0142, a0150

Patrón 350 (usado 1 veces):
Archivos cubiertos: a0404, a0308

Patrón 352 (usado 1 veces):
Archivos cubiertos: a0302

Patrón 354 (usado 1 veces):
Archivos cubiertos: a0395, a0308, a0142, a0150

Patrón 356 (usado 1 veces):
Archivos cubiertos: a0247, a0308, a0277, a0142, a0150

Patrón 357 (usado 1 veces):
Archivos cubiertos: a0100, a0277, a0150

Patrón 358 (usado 1 veces):
Archivos cubiertos: a0383, a0308, a0277, a0142, a0150

Patrón 367 (usado 1 veces):
Archivos cubiertos: a0290, a0153, a0150

Patrón 368 (usado 1 veces):
Archivos cubiertos: a0090, a0106, a0142, a0150

Patrón 369 (usado 1 veces):
Archivos cubiertos: a0413, a0153, a0150

Patrón 372 (usado 1 veces):
Archivos cubiertos: a0238, a0106, a0111

Patrón 377 (usado 1 veces):
Archivos cubiertos: a0062, a0393, a0153, a0142, a0150

Patrón 381 (usado 1 veces):
Archivos cubiertos: a0248, a0001, a0142

Patrón 383 (usado 1 veces):
Archivos cubiertos: a0456, a0111

Patrón 384 (usado 1 veces):
Archivos cubiertos: a0424, a0393, a0153, a0142, a0150

Patrón 386 (usado 1 veces):
Archivos cubiertos: a0454, a0001, a0142, a0150

Patrón 388 (usado 1 veces):
Archivos cubiertos: a0236, a0142

Patrón 389 (usado 1 veces):
Archivos cubiertos: a0168, a0393, a0150

Patrón 393 (usado 1 veces):
Archivos cubiertos: a0235, a0460, a0358, a0142, a0150

Patrón 395 (usado 1 veces):
Archivos cubiertos: a0466, a0111, a0142

Patrón 396 (usado 1 veces):
Archivos cubiertos: a0464, a0393, a0142, a0150

Patrón 399 (usado 1 veces):
Archivos cubiertos: a0066, a0393, a0111, a0142

Patrón 400 (usado 1 veces):
Archivos cubiertos: a0412, a0153, a0142, a0150

Patrón 402 (usado 1 veces):
Archivos cubiertos: a0021, a0171, a0142

Patrón 406 (usado 1 veces):
Archivos cubiertos: a0052, a0358, a0111, a0142, a0150

Patrón 407 (usado 1 veces):
Archivos cubiertos: a0396, a0358, a0111, a0142, a0150

Patrón 409 (usado 1 veces):
Archivos cubiertos: a0492, a0153, a0142, a0150

Patrón 410 (usado 1 veces):
Archivos cubiertos: a0239, a0358, a0142

Patrón 411 (usado 1 veces):
Archivos cubiertos: a0080, a0142

Patrón 412 (usado 1 veces):
Archivos cubiertos: a0505, a0142

Patrón 420 (usado 1 veces):
Archivos cubiertos: a0170, a0153

Patrón 421 (usado 1 veces):
Archivos cubiertos: a0288, a0142, a0150

Patrón 437 (usado 1 veces):
Archivos cubiertos: a0063, a0229, a0150

Patrón 439 (usado 1 veces):
Archivos cubiertos: a0049, a0453, a0229, a0142, a0150

Patrón 443 (usado 1 veces):
Archivos cubiertos: a0096, a0071, a0142, a0150

Patrón 445 (usado 1 veces):
Archivos cubiertos: a0246, a0229, a0142, a0150

Patrón 452 (usado 1 veces):
Archivos cubiertos: a0014, a0089, a0229, a0142, a0150

Patrón 454 (usado 1 veces):
Archivos cubiertos: a0300, a0089, a0142

Patrón 455 (usado 1 veces):
Archivos cubiertos: a0415, a0229, a0142, a0150

Patrón 456 (usado 1 veces):
Archivos cubiertos: a0497, a0089, a0229

Patrón 458 (usado 1 veces):
Archivos cubiertos: a0048, a0089, a0229, a0142, a0150

Patrón 467 (usado 1 veces):
Archivos cubiertos: a0165, a0142, a0150

Patrón 469 (usado 1 veces):
Archivos cubiertos: a0103, a0142, a0150

Patrón 557 (usado 1 veces):
Archivos cubiertos: a0387, a0150

Patrón 559 (usado 1 veces):
Archivos cubiertos: a0030, a0346, a0150

Patrón 564 (usado 1 veces):
Archivos cubiertos: a0008, a0150

Patrón 566 (usado 1 veces):
Archivos cubiertos: a0254, a0150

Patrón 567 (usado 1 veces):
Archivos cubiertos: a0498, a0150

Patrón 745 (usado 1 veces):
Archivos cubiertos: a0183, a0012, a0020, a0314

Patrón 749 (usado 1 veces):
Archivos cubiertos: a0177, a0020, a0314

Patrón 755 (usado 1 veces):
Archivos cubiertos: a0431, a0020

Patrón 757 (usado 1 veces):
Archivos cubiertos: a0174, a0314

Patrón 758 (usado 1 veces):
Archivos cubiertos: a0240, a0020, a0314

Patrón 759 (usado 1 veces):
Archivos cubiertos: a0504, a0020, a0314

Patrón 761 (usado 1 veces):
Archivos cubiertos: a0022, a0020

Patrón 762 (usado 1 veces):
Archivos cubiertos: a0205, a0314

Patrón 819 (usado 1 veces):
Archivos cubiertos: a0172, a0314

Patrón 821 (usado 1 veces):
Archivos cubiertos: a0166, a0078

Patrón 823 (usado 1 veces):
Archivos cubiertos: a0403, a0314

Patrón 825 (usado 1 veces):
Archivos cubiertos: a0218, a0078, a0314

Patrón 828 (usado 1 veces):
Archivos cubiertos: a0435, a0333, a0314

Patrón 829 (usado 1 veces):
Archivos cubiertos: a0121, a0333, a0314

Patrón 830 (usado 1 veces):
Archivos cubiertos: a0440, a0333, a0314

Patrón 832 (usado 1 veces):
Archivos cubiertos: a0289, a0314

Patrón 834 (usado 1 veces):
Archivos cubiertos: a0480, a0333, a0314

Patrón 836 (usado 1 veces):
Archivos cubiertos: a0382, a0333, a0314

Patrón 845 (usado 1 veces):
Archivos cubiertos: a0281, a0367, a0314

Patrón 846 (usado 1 veces):
Archivos cubiertos: a0281, a0156, a0314

Patrón 848 (usado 1 veces):
Archivos cubiertos: a0201, a0295, a0314

Patrón 849 (usado 1 veces):
Archivos cubiertos: a0377

Patrón 850 (usado 1 veces):
Archivos cubiertos: a0458, a0295, a0314

Patrón 851 (usado 1 veces):
Archivos cubiertos: a0095, a0314

Patrón 852 (usado 1 veces):
Archivos cubiertos: a0410, a0295, a0314

Patrón 855 (usado 1 veces):
Archivos cubiertos: a0067, a0314

Patrón 859 (usado 1 veces):
Archivos cubiertos: a0318, a0314

Patrón 862 (usado 1 veces):
Archivos cubiertos: a0208, a0371, a0314

Patrón 864 (usado 1 veces):
Archivos cubiertos: a0016, a0371, a0314

Patrón 930 (usado 1 veces):
Archivos cubiertos: a0291, a0280

Patrón 978 (usado 1 veces):
Archivos cubiertos: a0338, a0074, a0405, a0502

Patrón 981 (usado 1 veces):
Archivos cubiertos: a0028, a0434, a0376, a0085

Patrón 982 (usado 1 veces):
Archivos cubiertos: a0311, a0313, a0405, a0376

Patrón 984 (usado 1 veces):
Archivos cubiertos: a0145, a0376

Patrón 985 (usado 1 veces):
Archivos cubiertos: a0399, a0313, a0405, a0376

Patrón 992 (usado 1 veces):
Archivos cubiertos: a0379, a0434, a0405, a0376

Patrón 994 (usado 1 veces):
Archivos cubiertos: a0317, a0434, a0405, a0085

Patrón 1002 (usado 1 veces):
Archivos cubiertos: a0149, a0017, a0405, a0085

Patrón 1003 (usado 1 veces):
Archivos cubiertos: a0299, a0405, a0085

Patrón 1009 (usado 1 veces):
Archivos cubiertos: a0258, a0094, a0405, a0376

Patrón 1012 (usado 1 veces):
Archivos cubiertos: a0124, a0405, a0376, a0085

Patrón 1017 (usado 1 veces):
Archivos cubiertos: a0055, a0405, a0376

Patrón 1027 (usado 1 veces):
Archivos cubiertos: a0496, a0502, a0376, a0085

Patrón 1032 (usado 1 veces):
Archivos cubiertos: a0500, a0502, a0376, a0085

Patrón 1035 (usado 1 veces):
Archivos cubiertos: a0304, a0351, a0502

Patrón 1038 (usado 1 veces):
Archivos cubiertos: a0292, a0502

Patrón 1089 (usado 1 veces):
Archivos cubiertos: a0091, a0285, a0252

Patrón 1090 (usado 1 veces):
Archivos cubiertos: a0259, a0252

Patrón 1093 (usado 1 veces):
Archivos cubiertos: a0451, a0252, a0376, a0085

Patrón 1094 (usado 1 veces):
Archivos cubiertos: a0400, a0252

Patrón 1097 (usado 1 veces):
Archivos cubiertos: a0365, a0244, a0252, a0376

Patrón 1099 (usado 1 veces):
Archivos cubiertos: a0039, a0252

Patrón 1100 (usado 1 veces):
Archivos cubiertos: a0417, a0252, a0376

Patrón 1108 (usado 1 veces):
Archivos cubiertos: a0144, a0252, a0085

Patrón 1110 (usado 1 veces):
Archivos cubiertos: a0169, a0252, a0085

Patrón 1112 (usado 1 veces):
Archivos cubiertos: a0267, a0252, a0376

Patrón 1115 (usado 1 veces):
Archivos cubiertos: a0185, a0252

Patrón 1118 (usado 1 veces):
Archivos cubiertos: a0206, a0256, a0252, a0085

Patrón 1120 (usado 1 veces):
Archivos cubiertos: a0345, a0252

Patrón 1124 (usado 1 veces):
Archivos cubiertos: a0082, a0252, a0376

Patrón 1125 (usado 1 veces):
Archivos cubiertos: a0283, a0252, a0376, a0085

Patrón 1126 (usado 1 veces):
Archivos cubiertos: a0212, a0252, a0085

Patrón 1127 (usado 1 veces):
Archivos cubiertos: a0312, a0252

Patrón 1128 (usado 1 veces):
Archivos cubiertos: a0250, a0252, a0085

Patrón 1131 (usado 1 veces):
Archivos cubiertos: a0370, a0376

Patrón 1132 (usado 1 veces):
Archivos cubiertos: a0126, a0252, a0376

Patrón 1135 (usado 1 veces):
Archivos cubiertos: a0273, a0252, a0376

Patrón 1178 (usado 1 veces):
Archivos cubiertos: a0366, a0376, a0085

Patrón 1183 (usado 1 veces):
Archivos cubiertos: a0181, a0376

Patrón 1219 (usado 1 veces):
Archivos cubiertos: a0224, a0241, a0331

Patrón 1221 (usado 1 veces):
Archivos cubiertos: a0284, a0390, a0241, a0331

Patrón 1223 (usado 1 veces):
Archivos cubiertos: a0334, a0241, a0331, a0158

Patrón 1228 (usado 1 veces):
Archivos cubiertos: a0369, a0237, a0241, a0085

Patrón 1232 (usado 1 veces):
Archivos cubiertos: a0036, a0241, a0331

Patrón 1233 (usado 1 veces):
Archivos cubiertos: a0227, a0241, a0158

Patrón 1241 (usado 1 veces):
Archivos cubiertos: a0385, a0085

Patrón 1244 (usado 1 veces):
Archivos cubiertos: a0141, a0042, a0340, a0331

Patrón 1246 (usado 1 veces):
Archivos cubiertos: a0476, a0340, a0195, a0331

Patrón 1251 (usado 1 veces):
Archivos cubiertos: a0187, a0217, a0340, a0331, a0085

Patrón 1253 (usado 1 veces):
Archivos cubiertos: a0088, a0217, a0340, a0331

Patrón 1254 (usado 1 veces):
Archivos cubiertos: a0155

Patrón 1257 (usado 1 veces):
Archivos cubiertos: a0225, a0340, a0158

Patrón 1265 (usado 1 veces):
Archivos cubiertos: a0465, a0368, a0158

Patrón 1268 (usado 1 veces):
Archivos cubiertos: a0213, a0195, a0331

Patrón 1269 (usado 1 veces):
Archivos cubiertos: a0203, a0368, a0195, a0331

Patrón 1270 (usado 1 veces):
Archivos cubiertos: a0070, a0195, a0331, a0085

Patrón 1273 (usado 1 veces):
Archivos cubiertos: a0173, a0368, a0085

Patrón 1279 (usado 1 veces):
Archivos cubiertos: a0223, a0336, a0158

Patrón 1282 (usado 1 veces):
Archivos cubiertos: a0429, a0268

Patrón 1284 (usado 1 veces):
Archivos cubiertos: a0084, a0195, a0331, a0158

Patrón 1285 (usado 1 veces):
Archivos cubiertos: a0389, a0195, a0331, a0085

Patrón 1296 (usado 1 veces):
Archivos cubiertos: a0348, a0343, a0331, a0085

Patrón 1298 (usado 1 veces):
Archivos cubiertos: a0441, a0343, a0331, a0085

Patrón 1299 (usado 1 veces):
Archivos cubiertos: a0428, a0331

Patrón 1303 (usado 1 veces):
Archivos cubiertos: a0430, a0331

Patrón 1304 (usado 1 veces):
Archivos cubiertos: a0176, a0331, a0085

Patrón 1306 (usado 1 veces):
Archivos cubiertos: a0219, a0331

Patrón 1307 (usado 1 veces):
Archivos cubiertos: a0398, a0331

Patrón 1308 (usado 1 veces):
Archivos cubiertos: a0329, a0331, a0158

Patrón 1309 (usado 1 veces):
Archivos cubiertos: a0151, a0331

Patrón 1369 (usado 1 veces):
Archivos cubiertos: a0323, a0305, a0113, a0085

Patrón 1374 (usado 1 veces):
Archivos cubiertos: a0207, a0392, a0344

Patrón 1376 (usado 1 veces):
Archivos cubiertos: a0198, a0013

Patrón 1379 (usado 1 veces):
Archivos cubiertos: a0092, a0408, a0113

Patrón 1381 (usado 1 veces):
Archivos cubiertos: a0164, a0158

Patrón 1382 (usado 1 veces):
Archivos cubiertos: a0448, a0408, a0113, a0344, a0158, a0085

Patrón 1387 (usado 1 veces):
Archivos cubiertos: a0473, a0072, a0113, a0344, a0158, a0085

Patrón 1390 (usado 1 veces):
Archivos cubiertos: a0058, a0113, a0344

Patrón 1393 (usado 1 veces):
Archivos cubiertos: a0378, a0392, a0113, a0344

Patrón 1394 (usado 1 veces):
Archivos cubiertos: a0426, a0113, a0344

Patrón 1395 (usado 1 veces):
Archivos cubiertos: a0194, a0085

Patrón 1398 (usado 1 veces):
Archivos cubiertos: a0135, a0392, a0158, a0085

Patrón 1400 (usado 1 veces):
Archivos cubiertos: a0508, a0113, a0344, a0085

Patrón 1402 (usado 1 veces):
Archivos cubiertos: a0003, a0113, a0344

Patrón 1403 (usado 1 veces):
Archivos cubiertos: a0411, a0392, a0113, a0085

Patrón 1405 (usado 1 veces):
Archivos cubiertos: a0350, a0392, a0113, a0344

Patrón 1407 (usado 1 veces):
Archivos cubiertos: a0482, a0344, a0085

Patrón 1408 (usado 1 veces):
Archivos cubiertos: a0446, a0113, a0112

Patrón 1409 (usado 1 veces):
Archivos cubiertos: a0484, a0344, a0158

Patrón 1414 (usado 1 veces):
Archivos cubiertos: a0388, a0113, a0344, a0085

Patrón 1415 (usado 1 veces):
Archivos cubiertos: a0081, a0463, a0344, a0158

Patrón 1416 (usado 1 veces):
Archivos cubiertos: a0148, a0495

Patrón 1418 (usado 1 veces):
Archivos cubiertos: a0209, a0495, a0113, a0085

Patrón 1423 (usado 1 veces):
Archivos cubiertos: a0494, a0266, a0113, a0344, a0085

Patrón 1425 (usado 1 veces):
Archivos cubiertos: a0354, a0113, a0344, a0158

Patrón 1429 (usado 1 veces):
Archivos cubiertos: a0479, a0113, a0344

Patrón 1432 (usado 1 veces):
Archivos cubiertos: a0189, a0335, a0113, a0158

Patrón 1433 (usado 1 veces):
Archivos cubiertos: a0064, a0113, a0158

Patrón 1434 (usado 1 veces):
Archivos cubiertos: a0160, a0463, a0344, a0158

Patrón 1435 (usado 1 veces):
Archivos cubiertos: a0179, a0113

Patrón 1436 (usado 1 veces):
Archivos cubiertos: a0032, a0113, a0344

Patrón 1440 (usado 1 veces):
Archivos cubiertos: a0432, a0113, a0344, a0158

Patrón 1441 (usado 1 veces):
Archivos cubiertos: a0147, a0112

Patrón 1442 (usado 1 veces):
Archivos cubiertos: a0339, a0463, a0113, a0344

Patrón 1445 (usado 1 veces):
Archivos cubiertos: a0347, a0463, a0113, a0344, a0085

Patrón 1450 (usado 1 veces):
Archivos cubiertos: a0414, a0401, a0113, a0344

Patrón 1453 (usado 1 veces):
Archivos cubiertos: a0486, a0401, a0113, a0344

Patrón 1455 (usado 1 veces):
Archivos cubiertos: a0477, a0113, a0344, a0085

Patrón 1459 (usado 1 veces):
Archivos cubiertos: a0438, a0113, a0344, a0158

Patrón 1471 (usado 1 veces):
Archivos cubiertos: a0043, a0112, a0344

Patrón 1472 (usado 1 veces):
Archivos cubiertos: a0143, a0488, a0112, a0085

Patrón 1478 (usado 1 veces):
Archivos cubiertos: a0242, a0282, a0344

Patrón 1485 (usado 1 veces):
Archivos cubiertos: a0105, a0374, a0344, a0158, a0085

Patrón 1487 (usado 1 veces):
Archivos cubiertos: a0233, a0462, a0344, a0158, a0085

Patrón 1492 (usado 1 veces):
Archivos cubiertos: a0029, a0462, a0344, a0085

Patrón 1497 (usado 1 veces):
Archivos cubiertos: a0010, a0344, a0158

Patrón 1545 (usado 1 veces):
Archivos cubiertos: a0060, a0475

Patrón 1547 (usado 1 veces):
Archivos cubiertos: a0220, a0475, a0158, a0085

Patrón 1572 (usado 1 veces):
Archivos cubiertos: a0073, a0059, a0034, a0158, a0085

Patrón 1577 (usado 1 veces):
Archivos cubiertos: a0129, a0450, a0325, a0158

Patrón 1580 (usado 1 veces):
Archivos cubiertos: a0419, a0034, a0158, a0085

Patrón 1583 (usado 1 veces):
Archivos cubiertos: a0109, a0034

Patrón 1591 (usado 1 veces):
Archivos cubiertos: a0330, a0512, a0158, a0085

Patrón 1594 (usado 1 veces):
Archivos cubiertos: a0361, a0161, a0158, a0085

Patrón 1595 (usado 1 veces):
Archivos cubiertos: a0210, a0161, a0158, a0085

Patrón 1597 (usado 1 veces):
Archivos cubiertos: a0018, a0161, a0158, a0085

Patrón 1599 (usado 1 veces):
Archivos cubiertos: a0352, a0158, a0085

Patrón 1600 (usado 1 veces):
Archivos cubiertos: a0444, a0161, a0158, a0085

Patrón 1602 (usado 1 veces):
Archivos cubiertos: a0380, a0161, a0158

Patrón 1611 (usado 1 veces):
Archivos cubiertos: a0125, a0325

Patrón 1620 (usado 1 veces):
Archivos cubiertos: a0279, a0158

Patrón 1625 (usado 1 veces):
Archivos cubiertos: a0068, a0158, a0085

Patrón 1627 (usado 1 veces):
Archivos cubiertos: a0474, a0046, a0158, a0085

Patrón 1661 (usado 1 veces):
Archivos cubiertos: a0263, a0085

Patrón 1677 (usado 1 veces):
Archivos cubiertos: a0510, a0085

Patrón 1680 (usado 1 veces):
Archivos cubiertos: a0296, a0102, a0085

Patrón 1682 (usado 1 veces):
Archivos cubiertos: a0337, a0461, a0085

Patrón 1683 (usado 1 veces):
Archivos cubiertos: a0503, a0085

Patrón 1684 (usado 1 veces):
Archivos cubiertos: a0038, a0461, a0085

Patrón 1687 (usado 1 veces):
Archivos cubiertos: a0152, a0044, a0085

Patrón 1688 (usado 1 veces):
Archivos cubiertos: a0457, a0461, a0085

Patrón 1689 (usado 1 veces):
Archivos cubiertos: a0409, a0085

Patrón 1691 (usado 1 veces):
Archivos cubiertos: a0481, a0044, a0085

Patrón 1693 (usado 1 veces):
Archivos cubiertos: a0402, a0085

Patrón 1695 (usado 1 veces):
Archivos cubiertos: a0469, a0044, a0461, a0085

Patrón 1697 (usado 1 veces):
Archivos cubiertos: a0483, a0044, a0461, a0085

Patrón 1700 (usado 1 veces):
Archivos cubiertos: a0119, a0372, a0085

Patrón 1703 (usado 1 veces):
Archivos cubiertos: a0190, a0372

Patrón 1705 (usado 1 veces):
Archivos cubiertos: a0035, a0372, a0085

Patrón 1706 (usado 1 veces):
Archivos cubiertos: a0230, a0461, a0085

Patrón 1708 (usado 1 veces):
Archivos cubiertos: a0286, a0372, a0461, a0085

Patrón 1712 (usado 1 veces):
Archivos cubiertos: a0061, a0085

Patrón 1722 (usado 1 veces):
Archivos cubiertos: a0472, a0085

Patrón 1834 (usado 1 veces):
Archivos cubiertos: a0353, a0467, a0197

Patrón 1837 (usado 1 veces):
Archivos cubiertos: a0489, a0384, a0197

Patrón 1838 (usado 1 veces):
Archivos cubiertos: a0107, a0197

Patrón 1839 (usado 1 veces):
Archivos cubiertos: a0319, a0384

Patrón 1842 (usado 1 veces):
Archivos cubiertos: a0418, a0384, a0197

Patrón 1843 (usado 1 veces):
Archivos cubiertos: a0278, a0197

Patrón 1846 (usado 1 veces):
Archivos cubiertos: a0257, a0467, a0197

Patrón 1847 (usado 1 veces):
Archivos cubiertos: a0287

Patrón 1848 (usado 1 veces):
Archivos cubiertos: a0491, a0197

Patrón 1853 (usado 1 veces):
Archivos cubiertos: a0416, a0197

Patrón 1854 (usado 1 veces):
Archivos cubiertos: a0104, a0197

Patrón 1855 (usado 1 veces):
Archivos cubiertos: a0110, a0197

Patrón 1892 (usado 1 veces):
Archivos cubiertos: a0216, a0075

Patrón 1894 (usado 1 veces):
Archivos cubiertos: a0138, a0139

Patrón 1901 (usado 1 veces):
Archivos cubiertos: a0307, a0075

Patrón 1903 (usado 1 veces):
Archivos cubiertos: a0506, a0075

Patrón 1916 (usado 1 veces):
Archivos cubiertos: a0272, a0228, a0222

Patrón 1918 (usado 1 veces):
Archivos cubiertos: a0293, a0228, a0192

Patrón 1923 (usado 1 veces):
Archivos cubiertos: a0101, a0192

Patrón 1924 (usado 1 veces):
Archivos cubiertos: a0037, a0222

Patrón 1926 (usado 1 veces):
Archivos cubiertos: a0356, a0222

Patrón 1934 (usado 1 veces):
Archivos cubiertos: a0260, a0006

Patrón 1936 (usado 1 veces):
Archivos cubiertos: a0276

Patrón 1937 (usado 1 veces):
Archivos cubiertos: a0397, a0006, a0011

Patrón 1940 (usado 1 veces):
Archivos cubiertos: a0007, a0011

Patrón 1946 (usado 1 veces):
Archivos cubiertos: a0447

Patrón 1947 (usado 1 veces):
Archivos cubiertos: a0050, a0192

Patrón 1955 (usado 1 veces):
Archivos cubiertos: a0130

Patrón 1956 (usado 1 veces):
Archivos cubiertos: a0271

Patrón 1959 (usado 1 veces):
Archivos cubiertos: a0321, a0294

Patrón 1961 (usado 1 veces):
Archivos cubiertos: a0154, a0192

Patrón 1967 (usado 1 veces):
Archivos cubiertos: a0065, a0069, a0192

Patrón 1969 (usado 1 veces):
Archivos cubiertos: a0131, a0069, a0192

Patrón 1984 (usado 1 veces):
Archivos cubiertos: a0490, a0128

Patrón 1986 (usado 1 veces):
Archivos cubiertos: a0324, a0128

Patrón 1995 (usado 1 veces):
Archivos cubiertos: a0215, a0427

Patrón 1997 (usado 1 veces):
Archivos cubiertos: a0373

Patrón 1998 (usado 1 veces):
Archivos cubiertos: a0051, a0509

Patrón 2001 (usado 1 veces):
Archivos cubiertos: a0363

Patrón 2002 (usado 1 veces):
Archivos cubiertos: a0478, a0255

Patrón 2006 (usado 1 veces):
Archivos cubiertos: a0117

Patrón 2007 (usado 1 veces):
Archivos cubiertos: a0315

Patrón 2011 (usado 1 veces):
Archivos cubiertos: a0328, a0098

Patrón 2013 (usado 1 veces):
Archivos cubiertos: a0047, a0255

Patrón 2015 (usado 1 veces):
Archivos cubiertos: a0127, a0255

Patrón 2024 (usado 1 veces):
Archivos cubiertos: a0310, a0057

Patrón 2025 (usado 1 veces):
Archivos cubiertos: a0099, a0031, a0057

Patrón 2026 (usado 1 veces):
Archivos cubiertos: a0226

Patrón 2027 (usado 1 veces):
Archivos cubiertos: a0133

Patrón 2032 (usado 1 veces):
Archivos cubiertos: a0118, a0057

Patrón 2033 (usado 1 veces):
Archivos cubiertos: a0122, a0057

Patrón 2034 (usado 1 veces):
Archivos cubiertos: a0120, a0057

Patrón 2036 (usado 1 veces):
Archivos cubiertos: a0196, a0057

Patrón 2048 (usado 1 veces):
Archivos cubiertos: a0303

Patrón 2049 (usado 1 veces):
Archivos cubiertos: a0301

Patrón 2050 (usado 1 veces):
Archivos cubiertos: a0455

Patrón 2052 (usado 1 veces):
Archivos cubiertos: a0364, a0327

Patrón 2055 (usado 1 veces):
Archivos cubiertos: a0221

