Patrones seleccionados y archivos asignados

Patrón 0 (usado 1 veces):
Archivos cubiertos: a0499, a0157, a0025, a0670, a0594

Patrón 12 (usado 1 veces):
Archivos cubiertos: a0027, a0025, a0670, a0594

Patrón 15 (usado 1 veces):
Archivos cubiertos: a0274, a0077, a0025, a0670

Patrón 18 (usado 1 veces):
Archivos cubiertos: a0316, a0264, a0670, a0150

Patrón 21 (usado 1 veces):
Archivos cubiertos: a0595, a0025, a0670

Patrón 41 (usado 1 veces):
Archivos cubiertos: a0159, a0359, a0588, a0670, a0150, a0594

Patrón 43 (usado 1 veces):
Archivos cubiertos: a0309, a0359, a0555, a0670, a0594

Patrón 47 (usado 1 veces):
Archivos cubiertos: a0543, a0588, a0555, a0670, a0150, a0594

Patrón 50 (usado 1 veces):
Archivos cubiertos: a0680, a0326, a0555, a0391, a0670, a0150

Patrón 55 (usado 1 veces):
Archivos cubiertos: a0026, a0555, a0670, a0150, a0594

Patrón 56 (usado 1 veces):
Archivos cubiertos: a0045, a0555, a0670, a0150, a0594

Patrón 57 (usado 1 veces):
Archivos cubiertos: a0349, a0193, a0670, a0594

Patrón 59 (usado 1 veces):
Archivos cubiertos: a0262, a0670, a0594

Patrón 63 (usado 1 veces):
Archivos cubiertos: a0355, a0056, a0670, a0150

Patrón 64 (usado 1 veces):
Archivos cubiertos: a0564, a0670, a0150

Patrón 65 (usado 1 veces):
Archivos cubiertos: a0163, a0670, a0594

Patrón 67 (usado 1 veces):
Archivos cubiertos: a0191, a0056, a0150

Patrón 68 (usado 1 veces):
Archivos cubiertos: a0214, a0555, a0150

Patrón 70 (usado 1 veces):
Archivos cubiertos: a0452, a0391, a0670, a0150

Patrón 72 (usado 1 veces):
Archivos cubiertos: a0116, a0056, a0670

Patrón 80 (usado 1 veces):
Archivos cubiertos: a0137, a0391, a0670

Patrón 83 (usado 1 veces):
Archivos cubiertos: a0188, a0501, a0391, a0670, a0594

Patrón 91 (usado 1 veces):
Archivos cubiertos: a0199, a0670

Patrón 93 (usado 1 veces):
Archivos cubiertos: a0123, a0670, a0594

Patrón 95 (usado 1 veces):
Archivos cubiertos: a0180, a0670, a0150

Patrón 203 (usado 1 veces):
Archivos cubiertos: a0381, a0076, a0594

Patrón 208 (usado 1 veces):
Archivos cubiertos: a0407, a0420, a0533

Patrón 211 (usado 1 veces):
Archivos cubiertos: a0493, a0093, a0533, a0556, a0150, a0594

Patrón 213 (usado 1 veces):
Archivos cubiertos: a0269, a0533, a0556, a0594

Patrón 215 (usado 1 veces):
Archivos cubiertos: a0093, a0551, a0533, a0142, a0150, a0594

Patrón 218 (usado 1 veces):
Archivos cubiertos: a0040, a0533, a0142

Patrón 219 (usado 1 veces):
Archivos cubiertos: a0507, a0533, a0150

Patrón 224 (usado 1 veces):
Archivos cubiertos: a0041, a0533, a0594

Patrón 225 (usado 1 veces):
Archivos cubiertos: a0175, a0142

Patrón 227 (usado 1 veces):
Archivos cubiertos: a0620, a0533, a0150, a0594

Patrón 273 (usado 1 veces):
Archivos cubiertos: a0442, a0114, a0265, a0150, a0594

Patrón 275 (usado 1 veces):
Archivos cubiertos: a0433, a0114, a0142, a0150

Patrón 277 (usado 1 veces):
Archivos cubiertos: a0015, a0114, a0150, a0594

Patrón 288 (usado 1 veces):
Archivos cubiertos: a0275, a0644, a0265, a0594

Patrón 292 (usado 1 veces):
Archivos cubiertos: a0132, a0357, a0265, a0150

Patrón 294 (usado 1 veces):
Archivos cubiertos: a0516, a0357, a0265, a0556, a0142, a0150

Patrón 309 (usado 1 veces):
Archivos cubiertos: a0362, a0423, a0265, a0556, a0142, a0150

Patrón 310 (usado 1 veces):
Archivos cubiertos: a0470, a0423, a0265, a0556, a0142, a0594

Patrón 311 (usado 1 veces):
Archivos cubiertos: a0422, a0265, a0556, a0150, a0594

Patrón 314 (usado 1 veces):
Archivos cubiertos: a0653, a0265, a0556, a0142

Patrón 327 (usado 1 veces):
Archivos cubiertos: a0674, a0459, a0265, a0019, a0594

Patrón 329 (usado 1 veces):
Archivos cubiertos: a0087, a0556, a0150, a0594

Patrón 330 (usado 1 veces):
Archivos cubiertos: a0578, a0265, a0556, a0142, a0594

Patrón 331 (usado 1 veces):
Archivos cubiertos: a0079, a0459, a0265, a0142, a0594

Patrón 335 (usado 1 veces):
Archivos cubiertos: a0485, a0265, a0556, a0150, a0594

Patrón 336 (usado 1 veces):
Archivos cubiertos: a0200, a0265, a0556

Patrón 337 (usado 1 veces):
Archivos cubiertos: a0546, a0265, a0150

Patrón 339 (usado 1 veces):
Archivos cubiertos: a0521, a0265, a0556, a0142, a0594

Patrón 363 (usado 1 veces):
Archivos cubiertos: a0253, a0360, a0019, a0150, a0594

Patrón 367 (usado 1 veces):
Archivos cubiertos: a0596, a0005, a0019, a0142, a0150

Patrón 369 (usado 1 veces):
Archivos cubiertos: a0186, a0597, a0019, a0556

Patrón 370 (usado 1 veces):
Archivos cubiertos: a0211, a0005, a0150, a0594

Patrón 372 (usado 1 veces):
Archivos cubiertos: a0443, a0005, a0019, a0556, a0150, a0594

Patrón 387 (usado 1 veces):
Archivos cubiertos: a0668, a0019, a0150

Patrón 389 (usado 1 veces):
Archivos cubiertos: a0449, a0019, a0150, a0594

Patrón 418 (usado 1 veces):
Archivos cubiertos: a0184, a0556, a0594

Patrón 420 (usado 1 veces):
Archivos cubiertos: a0140, a0556, a0142, a0150

Patrón 485 (usado 1 veces):
Archivos cubiertos: a0298, a0243, a0519, a0142

Patrón 492 (usado 1 veces):
Archivos cubiertos: a0341, a0519, a0142, a0150, a0594

Patrón 493 (usado 1 veces):
Archivos cubiertos: a0468, a0519, a0150, a0594

Patrón 545 (usado 1 veces):
Archivos cubiertos: a0231, a0167, a0142, a0150, a0594

Patrón 546 (usado 1 veces):
Archivos cubiertos: a0554, a0167, a0083, a0142, a0150

Patrón 547 (usado 1 veces):
Archivos cubiertos: a0664, a0592, a0142, a0150, a0594

Patrón 549 (usado 1 veces):
Archivos cubiertos: a0530, a0167, a0142, a0150, a0594

Patrón 551 (usado 1 veces):
Archivos cubiertos: a0436, a0167, a0592, a0142, a0594

Patrón 553 (usado 1 veces):
Archivos cubiertos: a0202, a0108, a0142, a0150, a0594

Patrón 554 (usado 1 veces):
Archivos cubiertos: a0332, a0167, a0592, a0142, a0150

Patrón 556 (usado 1 veces):
Archivos cubiertos: a0613, a0142, a0150, a0594

Patrón 566 (usado 1 veces):
Archivos cubiertos: a0320, a0592, a0108, a0142, a0150, a0594

Patrón 567 (usado 1 veces):
Archivos cubiertos: a0587, a0108, a0142, a0594

Patrón 568 (usado 1 veces):
Archivos cubiertos: a0625, a0592, a0142, a0150, a0594

Patrón 570 (usado 1 veces):
Archivos cubiertos: a0261, a0142

Patrón 571 (usado 1 veces):
Archivos cubiertos: a0437, a0150

Patrón 574 (usado 1 veces):
Archivos cubiertos: a0643, a0592, a0142, a0594

Patrón 583 (usado 1 veces):
Archivos cubiertos: a0134, a0558, a0108, a0142, a0150, a0594

Patrón 587 (usado 1 veces):
Archivos cubiertos: a0249, a0558, a0108, a0150, a0594

Patrón 590 (usado 1 veces):
Archivos cubiertos: a0425, a0558, a0150, a0594

Patrón 597 (usado 1 veces):
Archivos cubiertos: a0182, a0053, a0142, a0150

Patrón 600 (usado 1 veces):
Archivos cubiertos: a0386, a0297, a0108, a0142, a0150

Patrón 605 (usado 1 veces):
Archivos cubiertos: a0002, a0142

Patrón 606 (usado 1 veces):
Archivos cubiertos: a0232, a0083, a0108, a0142, a0594

Patrón 609 (usado 1 veces):
Archivos cubiertos: a0471, a0150

Patrón 610 (usado 1 veces):
Archivos cubiertos: a0569, a0083, a0142, a0594

Patrón 611 (usado 1 veces):
Archivos cubiertos: a0641, a0204, a0108, a0142, a0594

Patrón 613 (usado 1 veces):
Archivos cubiertos: a0270, a0083, a0108, a0142, a0150, a0594

Patrón 614 (usado 1 veces):
Archivos cubiertos: a0406, a0204, a0083, a0142, a0150

Patrón 617 (usado 1 veces):
Archivos cubiertos: a0136, a0234, a0083, a0150, a0594

Patrón 619 (usado 1 veces):
Archivos cubiertos: a0511, a0083, a0142

Patrón 620 (usado 1 veces):
Archivos cubiertos: a0245, a0083, a0150

Patrón 628 (usado 1 veces):
Archivos cubiertos: a0024, a0142, a0150

Patrón 642 (usado 1 veces):
Archivos cubiertos: a0421, a0601, a0616, a0594

Patrón 644 (usado 1 veces):
Archivos cubiertos: a0584, a0616

Patrón 646 (usado 1 veces):
Archivos cubiertos: a0541, a0142, a0594

Patrón 647 (usado 1 veces):
Archivos cubiertos: a0097, a0601, a0146, a0150, a0594

Patrón 649 (usado 1 veces):
Archivos cubiertos: a0251, a0675, a0142, a0594

Patrón 653 (usado 1 veces):
Archivos cubiertos: a0322, a0675, a0142, a0150

Patrón 654 (usado 1 veces):
Archivos cubiertos: a0375, a0675, a0142

Patrón 655 (usado 1 veces):
Archivos cubiertos: a0439, a0146, a0142, a0150

Patrón 657 (usado 1 veces):
Archivos cubiertos: a0178, a0675, a0146, a0142, a0150, a0594

Patrón 663 (usado 1 veces):
Archivos cubiertos: a0306, a0146, a0142, a0150, a0594

Patrón 664 (usado 1 veces):
Archivos cubiertos: a0009, a0591, a0616, a0142, a0150

Patrón 667 (usado 1 veces):
Archivos cubiertos: a0004, a0591, a0146, a0142, a0150

Patrón 669 (usado 1 veces):
Archivos cubiertos: a0162, a0142

Patrón 681 (usado 1 veces):
Archivos cubiertos: a0633, a0342, a0153, a0142

Patrón 685 (usado 1 veces):
Archivos cubiertos: a0054, a0606, a0153, a0150

Patrón 686 (usado 1 veces):
Archivos cubiertos: a0115, a0142, a0150

Patrón 689 (usado 1 veces):
Archivos cubiertos: a0023, a0606, a0616, a0142, a0150

Patrón 690 (usado 1 veces):
Archivos cubiertos: a0033, a0606, a0142, a0150, a0594

Patrón 691 (usado 1 veces):
Archivos cubiertos: a0086, a0606, a0153, a0594

Patrón 692 (usado 1 veces):
Archivos cubiertos: a0487, a0606, a0142

Patrón 702 (usado 1 veces):
Archivos cubiertos: a0624, a0277, a0142, a0150, a0594

Patrón 703 (usado 1 veces):
Archivos cubiertos: a0445, a0394, a0142, a0594

Patrón 704 (usado 1 veces):
Archivos cubiertos: a0445, a0395, a0150

Patrón 706 (usado 1 veces):
Archivos cubiertos: a0404, a0308

Patrón 708 (usado 1 veces):
Archivos cubiertos: a0302

Patrón 712 (usado 1 veces):
Archivos cubiertos: a0247, a0308, a0277, a0142, a0150

Patrón 713 (usado 1 veces):
Archivos cubiertos: a0100, a0277, a0150

Patrón 714 (usado 1 veces):
Archivos cubiertos: a0383, a0308, a0277, a0142, a0150

Patrón 721 (usado 1 veces):
Archivos cubiertos: a0532, a0277, a0142, a0150

Patrón 733 (usado 1 veces):
Archivos cubiertos: a0290, a0153, a0150, a0594

Patrón 734 (usado 1 veces):
Archivos cubiertos: a0090, a0106, a0142, a0150

Patrón 735 (usado 1 veces):
Archivos cubiertos: a0413, a0153, a0150, a0594

Patrón 738 (usado 1 veces):
Archivos cubiertos: a0238, a0106, a0616, a0150, a0594

Patrón 743 (usado 1 veces):
Archivos cubiertos: a0062, a0600, a0150, a0594

Patrón 745 (usado 1 veces):
Archivos cubiertos: a0553, a0142, a0594

Patrón 746 (usado 1 veces):
Archivos cubiertos: a0248, a0600, a0616

Patrón 749 (usado 1 veces):
Archivos cubiertos: a0640, a0616, a0142, a0150, a0594

Patrón 750 (usado 1 veces):
Archivos cubiertos: a0582, a0616, a0153, a0594

Patrón 752 (usado 1 veces):
Archivos cubiertos: a0456, a0616, a0142, a0594

Patrón 753 (usado 1 veces):
Archivos cubiertos: a0424, a0600, a0150, a0594

Patrón 755 (usado 1 veces):
Archivos cubiertos: a0454, a0600, a0616, a0150, a0594

Patrón 757 (usado 1 veces):
Archivos cubiertos: a0236, a0142, a0594

Patrón 762 (usado 1 veces):
Archivos cubiertos: a0168, a0616, a0153, a0594

Patrón 763 (usado 1 veces):
Archivos cubiertos: a0001, a0616, a0153, a0150

Patrón 771 (usado 1 veces):
Archivos cubiertos: a0235, a0460, a0522, a0142, a0150, a0594

Patrón 773 (usado 1 veces):
Archivos cubiertos: a0466, a0522, a0142, a0150

Patrón 774 (usado 1 veces):
Archivos cubiertos: a0662, a0522, a0150

Patrón 776 (usado 1 veces):
Archivos cubiertos: a0464, a0460, a0153, a0142, a0594

Patrón 779 (usado 1 veces):
Archivos cubiertos: a0066, a0522, a0153, a0142, a0150

Patrón 780 (usado 1 veces):
Archivos cubiertos: a0412, a0522, a0142, a0150

Patrón 790 (usado 1 veces):
Archivos cubiertos: a0021, a0171, a0142, a0594

Patrón 791 (usado 1 veces):
Archivos cubiertos: a0171, a0393, a0153, a0142, a0150

Patrón 794 (usado 1 veces):
Archivos cubiertos: a0052, a0358, a0111, a0142, a0150, a0594

Patrón 796 (usado 1 veces):
Archivos cubiertos: a0552, a0153, a0142, a0150

Patrón 798 (usado 1 veces):
Archivos cubiertos: a0396, a0544, a0142, a0150, a0594

Patrón 800 (usado 1 veces):
Archivos cubiertos: a0492, a0153, a0142, a0150, a0594

Patrón 801 (usado 1 veces):
Archivos cubiertos: a0239, a0358, a0142, a0150, a0594

Patrón 803 (usado 1 veces):
Archivos cubiertos: a0505, a0142, a0594

Patrón 807 (usado 1 veces):
Archivos cubiertos: a0577, a0153, a0142, a0150, a0594

Patrón 808 (usado 1 veces):
Archivos cubiertos: a0080, a0358, a0153, a0142, a0150

Patrón 815 (usado 1 veces):
Archivos cubiertos: a0170, a0153, a0594

Patrón 816 (usado 1 veces):
Archivos cubiertos: a0586, a0153, a0594

Patrón 819 (usado 1 veces):
Archivos cubiertos: a0288, a0153, a0142, a0150, a0594

Patrón 835 (usado 1 veces):
Archivos cubiertos: a0063, a0622, a0150

Patrón 837 (usado 1 veces):
Archivos cubiertos: a0049, a0453, a0622, a0142, a0150, a0594

Patrón 839 (usado 1 veces):
Archivos cubiertos: a0453, a0604, a0142, a0150, a0594

Patrón 842 (usado 1 veces):
Archivos cubiertos: a0096, a0622, a0229, a0142, a0150, a0594

Patrón 844 (usado 1 veces):
Archivos cubiertos: a0246, a0622, a0229, a0142, a0150, a0594

Patrón 860 (usado 1 veces):
Archivos cubiertos: a0071, a0229, a0142, a0594

Patrón 864 (usado 1 veces):
Archivos cubiertos: a0014, a0089, a0229, a0142, a0594

Patrón 866 (usado 1 veces):
Archivos cubiertos: a0300, a0089, a0142, a0594

Patrón 867 (usado 1 veces):
Archivos cubiertos: a0415, a0229, a0142, a0150

Patrón 868 (usado 1 veces):
Archivos cubiertos: a0497, a0089, a0229

Patrón 870 (usado 1 veces):
Archivos cubiertos: a0048, a0089, a0229, a0142, a0150

Patrón 879 (usado 1 veces):
Archivos cubiertos: a0165, a0142, a0150, a0594

Patrón 881 (usado 1 veces):
Archivos cubiertos: a0103, a0142, a0150

Patrón 883 (usado 1 veces):
Archivos cubiertos: a0645, a0142, a0150

Patrón 1014 (usado 1 veces):
Archivos cubiertos: a0387, a0150

Patrón 1016 (usado 1 veces):
Archivos cubiertos: a0030, a0346, a0150, a0594

Patrón 1021 (usado 1 veces):
Archivos cubiertos: a0008, a0150

Patrón 1023 (usado 1 veces):
Archivos cubiertos: a0254, a0150

Patrón 1024 (usado 1 veces):
Archivos cubiertos: a0498, a0150

Patrón 1202 (usado 1 veces):
Archivos cubiertos: a0183, a0012, a0020, a0314, a0594

Patrón 1208 (usado 1 veces):
Archivos cubiertos: a0605, a0431, a0020, a0314

Patrón 1210 (usado 1 veces):
Archivos cubiertos: a0177, a0020, a0314, a0594

Patrón 1218 (usado 1 veces):
Archivos cubiertos: a0632, a0020, a0314, a0594

Patrón 1219 (usado 1 veces):
Archivos cubiertos: a0504, a0020, a0314, a0594

Patrón 1220 (usado 1 veces):
Archivos cubiertos: a0174, a0314

Patrón 1221 (usado 1 veces):
Archivos cubiertos: a0240, a0020, a0314, a0594

Patrón 1224 (usado 1 veces):
Archivos cubiertos: a0022, a0020, a0594

Patrón 1225 (usado 1 veces):
Archivos cubiertos: a0205, a0594

Patrón 1282 (usado 1 veces):
Archivos cubiertos: a0172, a0314, a0594

Patrón 1284 (usado 1 veces):
Archivos cubiertos: a0166, a0683, a0314

Patrón 1286 (usado 1 veces):
Archivos cubiertos: a0403, a0314, a0594

Patrón 1297 (usado 1 veces):
Archivos cubiertos: a0612, a0634, a0314, a0594

Patrón 1298 (usado 1 veces):
Archivos cubiertos: a0218, a0634, a0314, a0594

Patrón 1300 (usado 1 veces):
Archivos cubiertos: a0581, a0078, a0634, a0314

Patrón 1306 (usado 1 veces):
Archivos cubiertos: a0435, a0333, a0314, a0594

Patrón 1307 (usado 1 veces):
Archivos cubiertos: a0121, a0333, a0314, a0594

Patrón 1308 (usado 1 veces):
Archivos cubiertos: a0440, a0333, a0314, a0594

Patrón 1310 (usado 1 veces):
Archivos cubiertos: a0289, a0314

Patrón 1312 (usado 1 veces):
Archivos cubiertos: a0480, a0333, a0314

Patrón 1314 (usado 1 veces):
Archivos cubiertos: a0382, a0333, a0314

Patrón 1324 (usado 1 veces):
Archivos cubiertos: a0636, a0281, a0314

Patrón 1327 (usado 1 veces):
Archivos cubiertos: a0201, a0568, a0314

Patrón 1328 (usado 1 veces):
Archivos cubiertos: a0377

Patrón 1330 (usado 1 veces):
Archivos cubiertos: a0095, a0314, a0594

Patrón 1340 (usado 1 veces):
Archivos cubiertos: a0410, a0295, a0314, a0594

Patrón 1341 (usado 1 veces):
Archivos cubiertos: a0458, a0295, a0314, a0594

Patrón 1342 (usado 1 veces):
Archivos cubiertos: a0156, a0314, a0594

Patrón 1343 (usado 1 veces):
Archivos cubiertos: a0067, a0314, a0594

Patrón 1347 (usado 1 veces):
Archivos cubiertos: a0318, a0314, a0594

Patrón 1350 (usado 1 veces):
Archivos cubiertos: a0549, a0593, a0314, a0594

Patrón 1352 (usado 1 veces):
Archivos cubiertos: a0208, a0593, a0314

Patrón 1354 (usado 1 veces):
Archivos cubiertos: a0570, a0593, a0314, a0594

Patrón 1361 (usado 1 veces):
Archivos cubiertos: a0016, a0371, a0314, a0594

Patrón 1364 (usado 1 veces):
Archivos cubiertos: a0671, a0367, a0314, a0594

Patrón 1365 (usado 1 veces):
Archivos cubiertos: a0576, a0314, a0594

Patrón 1366 (usado 1 veces):
Archivos cubiertos: a0684, a0367, a0314, a0594

Patrón 1430 (usado 1 veces):
Archivos cubiertos: a0291, a0280

Patrón 1511 (usado 1 veces):
Archivos cubiertos: a0583, a0531, a0594

Patrón 1514 (usado 1 veces):
Archivos cubiertos: a0338, a0074, a0405, a0531

Patrón 1517 (usado 1 veces):
Archivos cubiertos: a0682, a0405, a0531, a0594

Patrón 1518 (usado 1 veces):
Archivos cubiertos: a0028, a0405, a0531, a0594

Patrón 1519 (usado 1 veces):
Archivos cubiertos: a0311, a0313, a0405, a0531, a0594

Patrón 1521 (usado 1 veces):
Archivos cubiertos: a0638, a0405, a0531, a0594

Patrón 1522 (usado 1 veces):
Archivos cubiertos: a0399, a0313, a0405, a0594

Patrón 1523 (usado 1 veces):
Archivos cubiertos: a0145, a0531, a0594

Patrón 1531 (usado 1 veces):
Archivos cubiertos: a0379, a0602, a0434, a0594

Patrón 1535 (usado 1 veces):
Archivos cubiertos: a0317, a0434, a0405, a0531, a0594

Patrón 1543 (usado 1 veces):
Archivos cubiertos: a0651, a0017, a0405, a0531

Patrón 1544 (usado 1 veces):
Archivos cubiertos: a0621, a0405, a0531, a0594

Patrón 1547 (usado 1 veces):
Archivos cubiertos: a0149, a0017, a0405, a0531, a0594

Patrón 1548 (usado 1 veces):
Archivos cubiertos: a0299, a0405, a0594

Patrón 1554 (usado 1 veces):
Archivos cubiertos: a0258, a0590, a0405, a0531, a0594

Patrón 1557 (usado 1 veces):
Archivos cubiertos: a0627, a0124, a0405, a0594

Patrón 1558 (usado 1 veces):
Archivos cubiertos: a0614, a0124, a0531, a0594

Patrón 1559 (usado 1 veces):
Archivos cubiertos: a0094, a0405, a0531

Patrón 1566 (usado 1 veces):
Archivos cubiertos: a0055, a0405, a0531, a0594

Patrón 1580 (usado 1 veces):
Archivos cubiertos: a0618, a0502, a0594

Patrón 1582 (usado 1 veces):
Archivos cubiertos: a0496, a0502, a0594

Patrón 1587 (usado 1 veces):
Archivos cubiertos: a0500, a0502, a0594

Patrón 1590 (usado 1 veces):
Archivos cubiertos: a0304, a0351, a0502, a0594

Patrón 1593 (usado 1 veces):
Archivos cubiertos: a0292, a0502, a0594

Patrón 1644 (usado 1 veces):
Archivos cubiertos: a0580, a0594

Patrón 1645 (usado 1 veces):
Archivos cubiertos: a0091, a0285, a0594

Patrón 1646 (usado 1 veces):
Archivos cubiertos: a0259, a0594

Patrón 1649 (usado 1 veces):
Archivos cubiertos: a0451, a0594

Patrón 2428 (usado 1 veces):
Archivos cubiertos: a0400, a0514, a0376

Patrón 2431 (usado 1 veces):
Archivos cubiertos: a0365, a0514, a0252, a0376

Patrón 2433 (usado 1 veces):
Archivos cubiertos: a0039, a0514, a0252, a0085

Patrón 2444 (usado 1 veces):
Archivos cubiertos: a0417, a0252, a0376

Patrón 2447 (usado 1 veces):
Archivos cubiertos: a0244, a0252, a0085

Patrón 2452 (usado 1 veces):
Archivos cubiertos: a0144, a0619

Patrón 2455 (usado 1 veces):
Archivos cubiertos: a0169, a0252, a0085

Patrón 2457 (usado 1 veces):
Archivos cubiertos: a0267, a0252, a0376

Patrón 2460 (usado 1 veces):
Archivos cubiertos: a0185, a0252

Patrón 2463 (usado 1 veces):
Archivos cubiertos: a0206, a0256, a0252, a0085

Patrón 2465 (usado 1 veces):
Archivos cubiertos: a0345, a0252

Patrón 2469 (usado 1 veces):
Archivos cubiertos: a0082, a0252, a0376

Patrón 2470 (usado 1 veces):
Archivos cubiertos: a0283, a0252, a0376, a0085

Patrón 2471 (usado 1 veces):
Archivos cubiertos: a0212, a0252, a0085

Patrón 2472 (usado 1 veces):
Archivos cubiertos: a0548, a0252, a0376, a0085

Patrón 2474 (usado 1 veces):
Archivos cubiertos: a0312, a0252

Patrón 2475 (usado 1 veces):
Archivos cubiertos: a0250, a0252, a0085

Patrón 2477 (usado 1 veces):
Archivos cubiertos: a0657, a0252, a0085

Patrón 2479 (usado 1 veces):
Archivos cubiertos: a0370, a0376

Patrón 2481 (usado 1 veces):
Archivos cubiertos: a0126, a0631, a0252, a0376

Patrón 2484 (usado 1 veces):
Archivos cubiertos: a0273, a0252, a0376

Patrón 2527 (usado 1 veces):
Archivos cubiertos: a0366, a0376, a0085

Patrón 2532 (usado 1 veces):
Archivos cubiertos: a0181, a0376

Patrón 2568 (usado 1 veces):
Archivos cubiertos: a0224, a0525, a0158

Patrón 2570 (usado 1 veces):
Archivos cubiertos: a0284, a0525

Patrón 2615 (usado 1 veces):
Archivos cubiertos: a0334, a0241, a0331, a0158

Patrón 2618 (usado 1 veces):
Archivos cubiertos: a0390, a0237

Patrón 2620 (usado 1 veces):
Archivos cubiertos: a0369, a0237, a0241, a0085

Patrón 2624 (usado 1 veces):
Archivos cubiertos: a0036, a0241, a0331

Patrón 2625 (usado 1 veces):
Archivos cubiertos: a0227, a0241, a0158

Patrón 2633 (usado 1 veces):
Archivos cubiertos: a0385, a0085

Patrón 2636 (usado 1 veces):
Archivos cubiertos: a0141, a0652, a0195, a0085

Patrón 2638 (usado 1 veces):
Archivos cubiertos: a0607, a0042, a0331

Patrón 2640 (usado 1 veces):
Archivos cubiertos: a0476, a0340, a0195, a0331

Patrón 2645 (usado 1 veces):
Archivos cubiertos: a0654, a0217, a0195, a0158

Patrón 2646 (usado 1 veces):
Archivos cubiertos: a0187, a0340, a0331

Patrón 2648 (usado 1 veces):
Archivos cubiertos: a0088, a0217, a0340, a0331

Patrón 2649 (usado 1 veces):
Archivos cubiertos: a0155

Patrón 2652 (usado 1 veces):
Archivos cubiertos: a0225, a0340, a0158

Patrón 2660 (usado 1 veces):
Archivos cubiertos: a0465, a0368, a0158

Patrón 2663 (usado 1 veces):
Archivos cubiertos: a0527, a0331, a0085

Patrón 2664 (usado 1 veces):
Archivos cubiertos: a0609, a0368, a0085

Patrón 2665 (usado 1 veces):
Archivos cubiertos: a0518, a0368, a0195

Patrón 2666 (usado 1 veces):
Archivos cubiertos: a0213, a0195, a0331

Patrón 2669 (usado 1 veces):
Archivos cubiertos: a0070, a0195, a0331, a0085

Patrón 2670 (usado 1 veces):
Archivos cubiertos: a0203, a0368, a0195, a0331, a0158

Patrón 2672 (usado 1 veces):
Archivos cubiertos: a0173, a0368, a0085

Patrón 2678 (usado 1 veces):
Archivos cubiertos: a0223, a0336, a0158

Patrón 2681 (usado 1 veces):
Archivos cubiertos: a0429, a0268

Patrón 2683 (usado 1 veces):
Archivos cubiertos: a0084, a0195, a0331, a0158

Patrón 2684 (usado 1 veces):
Archivos cubiertos: a0389, a0195, a0331, a0085

Patrón 2686 (usado 1 veces):
Archivos cubiertos: a0666, a0331

Patrón 2690 (usado 1 veces):
Archivos cubiertos: a0560, a0195, a0331, a0158

Patrón 2701 (usado 1 veces):
Archivos cubiertos: a0348, a0343, a0331, a0085

Patrón 2703 (usado 1 veces):
Archivos cubiertos: a0441, a0343, a0331, a0085

Patrón 2704 (usado 1 veces):
Archivos cubiertos: a0428, a0331

Patrón 2708 (usado 1 veces):
Archivos cubiertos: a0430, a0331

Patrón 2709 (usado 1 veces):
Archivos cubiertos: a0176, a0331, a0085

Patrón 2711 (usado 1 veces):
Archivos cubiertos: a0219, a0331

Patrón 2712 (usado 1 veces):
Archivos cubiertos: a0685, a0331

Patrón 2713 (usado 1 veces):
Archivos cubiertos: a0329, a0331, a0158

Patrón 2714 (usado 1 veces):
Archivos cubiertos: a0398, a0331

Patrón 2716 (usado 1 veces):
Archivos cubiertos: a0151, a0331

Patrón 2776 (usado 1 veces):
Archivos cubiertos: a0323, a0305, a0524, a0158, a0085

Patrón 2778 (usado 1 veces):
Archivos cubiertos: a0608, a0524, a0158

Patrón 2786 (usado 1 veces):
Archivos cubiertos: a0207, a0524, a0344

Patrón 2788 (usado 1 veces):
Archivos cubiertos: a0198, a0013

Patrón 2791 (usado 1 veces):
Archivos cubiertos: a0092, a0538, a0524, a0158

Patrón 2792 (usado 1 veces):
Archivos cubiertos: a0639, a0524, a0344

Patrón 2794 (usado 1 veces):
Archivos cubiertos: a0164, a0158

Patrón 2797 (usado 1 veces):
Archivos cubiertos: a0610, a0524, a0344, a0158, a0085

Patrón 2799 (usado 1 veces):
Archivos cubiertos: a0448, a0408, a0524, a0085

Patrón 2804 (usado 1 veces):
Archivos cubiertos: a0473, a0072, a0524, a0344, a0158, a0085

Patrón 2807 (usado 1 veces):
Archivos cubiertos: a0058, a0524, a0112

Patrón 2810 (usado 1 veces):
Archivos cubiertos: a0378, a0524, a0344, a0158

Patrón 2811 (usado 1 veces):
Archivos cubiertos: a0426, a0524

Patrón 2812 (usado 1 veces):
Archivos cubiertos: a0194, a0085

Patrón 2815 (usado 1 veces):
Archivos cubiertos: a0135, a0524, a0344, a0158

Patrón 2817 (usado 1 veces):
Archivos cubiertos: a0508, a0524, a0344, a0158, a0085

Patrón 2819 (usado 1 veces):
Archivos cubiertos: a0003, a0524, a0344, a0158

Patrón 2820 (usado 1 veces):
Archivos cubiertos: a0411, a0524, a0344, a0085

Patrón 2822 (usado 1 veces):
Archivos cubiertos: a0557, a0524, a0344, a0085

Patrón 2823 (usado 1 veces):
Archivos cubiertos: a0350, a0344, a0158, a0085

Patrón 2825 (usado 1 veces):
Archivos cubiertos: a0482, a0344, a0085

Patrón 2841 (usado 1 veces):
Archivos cubiertos: a0446, a0562, a0113

Patrón 2842 (usado 1 veces):
Archivos cubiertos: a0484, a0344, a0085

Patrón 2844 (usado 1 veces):
Archivos cubiertos: a0628, a0562, a0344, a0085

Patrón 2845 (usado 1 veces):
Archivos cubiertos: a0539, a0344, a0158

Patrón 2848 (usado 1 veces):
Archivos cubiertos: a0392, a0571, a0344, a0085

Patrón 2850 (usado 1 veces):
Archivos cubiertos: a0388, a0562, a0112

Patrón 2851 (usado 1 veces):
Archivos cubiertos: a0081, a0571, a0113

Patrón 2852 (usado 1 veces):
Archivos cubiertos: a0148, a0495

Patrón 2854 (usado 1 veces):
Archivos cubiertos: a0679, a0562, a0344, a0158, a0085

Patrón 2855 (usado 1 veces):
Archivos cubiertos: a0209, a0495, a0158, a0085

Patrón 2860 (usado 1 veces):
Archivos cubiertos: a0494, a0344, a0158

Patrón 2867 (usado 1 veces):
Archivos cubiertos: a0354, a0113, a0344, a0158

Patrón 2868 (usado 1 veces):
Archivos cubiertos: a0266, a0463, a0158

Patrón 2871 (usado 1 veces):
Archivos cubiertos: a0479, a0113, a0344

Patrón 2874 (usado 1 veces):
Archivos cubiertos: a0189, a0615, a0344

Patrón 2876 (usado 1 veces):
Archivos cubiertos: a0642, a0463, a0344, a0158

Patrón 2877 (usado 1 veces):
Archivos cubiertos: a0603, a0113

Patrón 2879 (usado 1 veces):
Archivos cubiertos: a0160, a0463, a0344, a0158

Patrón 2882 (usado 1 veces):
Archivos cubiertos: a0032, a0113, a0344

Patrón 2883 (usado 1 veces):
Archivos cubiertos: a0179, a0463, a0158

Patrón 2884 (usado 1 veces):
Archivos cubiertos: a0535, a0113, a0344, a0158

Patrón 2886 (usado 1 veces):
Archivos cubiertos: a0064, a0113, a0344

Patrón 2887 (usado 1 veces):
Archivos cubiertos: a0526, a0344

Patrón 2888 (usado 1 veces):
Archivos cubiertos: a0432, a0113, a0344, a0158

Patrón 2889 (usado 1 veces):
Archivos cubiertos: a0147, a0112

Patrón 2890 (usado 1 veces):
Archivos cubiertos: a0598, a0113, a0344, a0158, a0085

Patrón 2893 (usado 1 veces):
Archivos cubiertos: a0339, a0335, a0113, a0344, a0158

Patrón 2896 (usado 1 veces):
Archivos cubiertos: a0347, a0463, a0113, a0344, a0085

Patrón 2898 (usado 1 veces):
Archivos cubiertos: a0563, a0463, a0344, a0158

Patrón 2903 (usado 1 veces):
Archivos cubiertos: a0534, a0414, a0113, a0158, a0085

Patrón 2906 (usado 1 veces):
Archivos cubiertos: a0681, a0113, a0344

Patrón 2908 (usado 1 veces):
Archivos cubiertos: a0656, a0113, a0344

Patrón 2910 (usado 1 veces):
Archivos cubiertos: a0637, a0401, a0113

Patrón 2913 (usado 1 veces):
Archivos cubiertos: a0486, a0401, a0113, a0344

Patrón 2915 (usado 1 veces):
Archivos cubiertos: a0542, a0344, a0085

Patrón 2916 (usado 1 veces):
Archivos cubiertos: a0477, a0113

Patrón 2920 (usado 1 veces):
Archivos cubiertos: a0438, a0113, a0344, a0158

Patrón 2934 (usado 1 veces):
Archivos cubiertos: a0589, a0488, a0344

Patrón 2936 (usado 1 veces):
Archivos cubiertos: a0043, a0112, a0344

Patrón 2937 (usado 1 veces):
Archivos cubiertos: a0143, a0488, a0112, a0085

Patrón 2943 (usado 1 veces):
Archivos cubiertos: a0242, a0282, a0344

Patrón 2950 (usado 1 veces):
Archivos cubiertos: a0567, a0462, a0344, a0085

Patrón 2951 (usado 1 veces):
Archivos cubiertos: a0105, a0462, a0158

Patrón 2953 (usado 1 veces):
Archivos cubiertos: a0233, a0462, a0344, a0158, a0085

Patrón 2956 (usado 1 veces):
Archivos cubiertos: a0374, a0462, a0344, a0158

Patrón 2958 (usado 1 veces):
Archivos cubiertos: a0029, a0462, a0344, a0085

Patrón 2963 (usado 1 veces):
Archivos cubiertos: a0010, a0344, a0158

Patrón 3011 (usado 1 veces):
Archivos cubiertos: a0060, a0475

Patrón 3013 (usado 1 veces):
Archivos cubiertos: a0220, a0475, a0566, a0085

Patrón 3038 (usado 1 veces):
Archivos cubiertos: a0073, a0059, a0523, a0085

Patrón 3043 (usado 1 veces):
Archivos cubiertos: a0129, a0450, a0566, a0158

Patrón 3048 (usado 1 veces):
Archivos cubiertos: a0419, a0566, a0158, a0085

Patrón 3064 (usado 1 veces):
Archivos cubiertos: a0109, a0034

Patrón 3072 (usado 1 veces):
Archivos cubiertos: a0330, a0536, a0325, a0158

Patrón 3080 (usado 1 veces):
Archivos cubiertos: a0512, a0161, a0325

Patrón 3082 (usado 1 veces):
Archivos cubiertos: a0361, a0161, a0599, a0158, a0085

Patrón 3083 (usado 1 veces):
Archivos cubiertos: a0210, a0161, a0599

Patrón 3085 (usado 1 veces):
Archivos cubiertos: a0018, a0161, a0599

Patrón 3087 (usado 1 veces):
Archivos cubiertos: a0352, a0599

Patrón 3088 (usado 1 veces):
Archivos cubiertos: a0517, a0599, a0085

Patrón 3089 (usado 1 veces):
Archivos cubiertos: a0444, a0325, a0158

Patrón 3090 (usado 1 veces):
Archivos cubiertos: a0380

Patrón 3099 (usado 1 veces):
Archivos cubiertos: a0125, a0325

Patrón 3112 (usado 1 veces):
Archivos cubiertos: a0659, a0068, a0158, a0085

Patrón 3114 (usado 1 veces):
Archivos cubiertos: a0279, a0158

Patrón 3121 (usado 1 veces):
Archivos cubiertos: a0474, a0046, a0158, a0085

Patrón 3123 (usado 1 veces):
Archivos cubiertos: a0672, a0158

Patrón 3158 (usado 1 veces):
Archivos cubiertos: a0263, a0085

Patrón 3174 (usado 1 veces):
Archivos cubiertos: a0510, a0085

Patrón 3177 (usado 1 veces):
Archivos cubiertos: a0296, a0528, a0575, a0085

Patrón 3179 (usado 1 veces):
Archivos cubiertos: a0337, a0575, a0085

Patrón 3180 (usado 1 veces):
Archivos cubiertos: a0503, a0085

Patrón 3185 (usado 1 veces):
Archivos cubiertos: a0561, a0044, a0085

Patrón 3186 (usado 1 veces):
Archivos cubiertos: a0038, a0085

Patrón 3187 (usado 1 veces):
Archivos cubiertos: a0661, a0372, a0085

Patrón 3189 (usado 1 veces):
Archivos cubiertos: a0102, a0575, a0085

Patrón 3192 (usado 1 veces):
Archivos cubiertos: a0152, a0044, a0085

Patrón 3193 (usado 1 veces):
Archivos cubiertos: a0457, a0575, a0085

Patrón 3194 (usado 1 veces):
Archivos cubiertos: a0409, a0085

Patrón 3196 (usado 1 veces):
Archivos cubiertos: a0481, a0044, a0085

Patrón 3198 (usado 1 veces):
Archivos cubiertos: a0402, a0085

Patrón 3200 (usado 1 veces):
Archivos cubiertos: a0469, a0044, a0575, a0085

Patrón 3202 (usado 1 veces):
Archivos cubiertos: a0483, a0044, a0575, a0085

Patrón 3205 (usado 1 veces):
Archivos cubiertos: a0520, a0119, a0085

Patrón 3207 (usado 1 veces):
Archivos cubiertos: a0665, a0085

Patrón 3211 (usado 1 veces):
Archivos cubiertos: a0190, a0372

Patrón 3213 (usado 1 veces):
Archivos cubiertos: a0035, a0372, a0085

Patrón 3214 (usado 1 veces):
Archivos cubiertos: a0230, a0575

Patrón 3216 (usado 1 veces):
Archivos cubiertos: a0286, a0372, a0575, a0085

Patrón 3222 (usado 1 veces):
Archivos cubiertos: a0061, a0085

Patrón 3230 (usado 1 veces):
Archivos cubiertos: a0461, a0085

Patrón 3232 (usado 1 veces):
Archivos cubiertos: a0472, a0630, a0085

Patrón 3234 (usado 1 veces):
Archivos cubiertos: a0559, a0630, a0085

Patrón 3271 (usado 1 veces):
Archivos cubiertos: a0353, a0537, a0197

Patrón 3274 (usado 1 veces):
Archivos cubiertos: a0585, a0537, a0197

Patrón 3278 (usado 1 veces):
Archivos cubiertos: a0648, a0647, a0197

Patrón 3281 (usado 1 veces):
Archivos cubiertos: a0489, a0537, a0197

Patrón 3282 (usado 1 veces):
Archivos cubiertos: a0677, a0197

Patrón 3284 (usado 1 veces):
Archivos cubiertos: a0319, a0537, a0197

Patrón 3292 (usado 1 veces):
Archivos cubiertos: a0107, a0197

Patrón 3295 (usado 1 veces):
Archivos cubiertos: a0418, a0384, a0197

Patrón 3296 (usado 1 veces):
Archivos cubiertos: a0278, a0197

Patrón 3299 (usado 1 veces):
Archivos cubiertos: a0658, a0197

Patrón 3302 (usado 1 veces):
Archivos cubiertos: a0257, a0467, a0197

Patrón 3304 (usado 1 veces):
Archivos cubiertos: a0491, a0197

Patrón 3306 (usado 1 veces):
Archivos cubiertos: a0547, a0197

Patrón 3307 (usado 1 veces):
Archivos cubiertos: a0287, a0197

Patrón 3311 (usado 1 veces):
Archivos cubiertos: a0416, a0197

Patrón 3312 (usado 1 veces):
Archivos cubiertos: a0104, a0197

Patrón 3313 (usado 1 veces):
Archivos cubiertos: a0110, a0197

Patrón 3366 (usado 1 veces):
Archivos cubiertos: a0626, a0529

Patrón 3375 (usado 1 veces):
Archivos cubiertos: a0216, a0075

Patrón 3377 (usado 1 veces):
Archivos cubiertos: a0138, a0139

Patrón 3384 (usado 1 veces):
Archivos cubiertos: a0307, a0075, a0529

Patrón 3386 (usado 1 veces):
Archivos cubiertos: a0506, a0075, a0529

Patrón 3398 (usado 1 veces):
Archivos cubiertos: a0272, a0228, a0222

Patrón 3400 (usado 1 veces):
Archivos cubiertos: a0293, a0228, a0529

Patrón 3404 (usado 1 veces):
Archivos cubiertos: a0101, a0529

Patrón 3405 (usado 1 veces):
Archivos cubiertos: a0037, a0222, a0529

Patrón 3407 (usado 1 veces):
Archivos cubiertos: a0356, a0222, a0529

Patrón 3408 (usado 1 veces):
Archivos cubiertos: a0579, a0529

Patrón 3421 (usado 1 veces):
Archivos cubiertos: a0565, a0669, a0655

Patrón 3423 (usado 1 veces):
Archivos cubiertos: a0573, a0655

Patrón 3433 (usado 1 veces):
Archivos cubiertos: a0260, a0540, a0655

Patrón 3436 (usado 1 veces):
Archivos cubiertos: a0397, a0617, a0192

Patrón 3446 (usado 1 veces):
Archivos cubiertos: a0649, a0550, a0655

Patrón 3449 (usado 1 veces):
Archivos cubiertos: a0276, a0550, a0655

Patrón 3451 (usado 1 veces):
Archivos cubiertos: a0007, a0011, a0655

Patrón 3456 (usado 1 veces):
Archivos cubiertos: a0006

Patrón 3458 (usado 1 veces):
Archivos cubiertos: a0447

Patrón 3459 (usado 1 veces):
Archivos cubiertos: a0050, a0667

Patrón 3467 (usado 1 veces):
Archivos cubiertos: a0130, a0655

Patrón 3468 (usado 1 veces):
Archivos cubiertos: a0271, a0655

Patrón 3471 (usado 1 veces):
Archivos cubiertos: a0623, a0667, a0192

Patrón 3472 (usado 1 veces):
Archivos cubiertos: a0545, a0667, a0655

Patrón 3482 (usado 1 veces):
Archivos cubiertos: a0321, a0515, a0655

Patrón 3483 (usado 1 veces):
Archivos cubiertos: a0574, a0515, a0655

Patrón 3485 (usado 1 veces):
Archivos cubiertos: a0513, a0515, a0192

Patrón 3487 (usado 1 veces):
Archivos cubiertos: a0154, a0515, a0655

Patrón 3496 (usado 1 veces):
Archivos cubiertos: a0294, a0069, a0192

Patrón 3500 (usado 1 veces):
Archivos cubiertos: a0065, a0069, a0192, a0655

Patrón 3502 (usado 1 veces):
Archivos cubiertos: a0131, a0069, a0192

Patrón 3517 (usado 1 veces):
Archivos cubiertos: a0673, a0490

Patrón 3521 (usado 1 veces):
Archivos cubiertos: a0324, a0128, a0655

Patrón 3530 (usado 1 veces):
Archivos cubiertos: a0215, a0427, a0650

Patrón 3532 (usado 1 veces):
Archivos cubiertos: a0373, a0650

Patrón 3534 (usado 1 veces):
Archivos cubiertos: a0051, a0427, a0650, a0655

Patrón 3536 (usado 1 veces):
Archivos cubiertos: a0635

Patrón 3537 (usado 1 veces):
Archivos cubiertos: a0363, a0655

Patrón 3538 (usado 1 veces):
Archivos cubiertos: a0478, a0650

Patrón 3544 (usado 1 veces):
Archivos cubiertos: a0611, a0117, a0650

Patrón 3547 (usado 1 veces):
Archivos cubiertos: a0646

Patrón 3551 (usado 1 veces):
Archivos cubiertos: a0315, a0650, a0655

Patrón 3556 (usado 1 veces):
Archivos cubiertos: a0629, a0509, a0655

Patrón 3561 (usado 1 veces):
Archivos cubiertos: a0328

Patrón 3564 (usado 1 veces):
Archivos cubiertos: a0676, a0655

Patrón 3609 (usado 1 veces):
Archivos cubiertos: a0047, a0255

Patrón 3610 (usado 1 veces):
Archivos cubiertos: a0098, a0255

Patrón 3611 (usado 1 veces):
Archivos cubiertos: a0127, a0255

Patrón 3620 (usado 1 veces):
Archivos cubiertos: a0310, a0057

Patrón 3621 (usado 1 veces):
Archivos cubiertos: a0099, a0031, a0057

Patrón 3622 (usado 1 veces):
Archivos cubiertos: a0226

Patrón 3623 (usado 1 veces):
Archivos cubiertos: a0133

Patrón 3628 (usado 1 veces):
Archivos cubiertos: a0660

Patrón 3629 (usado 1 veces):
Archivos cubiertos: a0118, a0678

Patrón 3632 (usado 1 veces):
Archivos cubiertos: a0122, a0120

Patrón 3635 (usado 1 veces):
Archivos cubiertos: a0196, a0057

Patrón 3647 (usado 1 veces):
Archivos cubiertos: a0303

Patrón 3656 (usado 1 veces):
Archivos cubiertos: a0572

Patrón 3658 (usado 1 veces):
Archivos cubiertos: a0301

Patrón 3659 (usado 1 veces):
Archivos cubiertos: a0455

Patrón 3661 (usado 1 veces):
Archivos cubiertos: a0663, a0364

Patrón 3663 (usado 1 veces):
Archivos cubiertos: a0327

Patrón 3665 (usado 1 veces):
Archivos cubiertos: a0221

