Patrones seleccionados y archivos asignados

Patrón 3 (usado 1 veces):
Archivos cubiertos: a1972, a1933, a0868, a0774, a0150, a0594

Patrón 7 (usado 1 veces):
Archivos cubiertos: a2039, a0868, a0774, a0150

Patrón 9 (usado 1 veces):
Archivos cubiertos: a1492, a0025, a0150, a0594

Patrón 31 (usado 1 veces):
Archivos cubiertos: a1733, a0025, a0774

Patrón 32 (usado 1 veces):
Archivos cubiertos: a0264, a0025, a0774, a0150

Patrón 44 (usado 1 veces):
Archivos cubiertos: a0938, a1463, a0774

Patrón 45 (usado 1 veces):
Archivos cubiertos: a0680, a0736, a0774, a0150

Patrón 49 (usado 1 veces):
Archivos cubiertos: a1222, a1463, a0774, a0150, a0594

Patrón 51 (usado 1 veces):
Archivos cubiertos: a0045, a1463, a0774, a0142, a0150, a0594

Patrón 57 (usado 1 veces):
Archivos cubiertos: a1544, a0774, a0150

Patrón 109 (usado 1 veces):
Archivos cubiertos: a1965, a0391, a0556, a0150, a0594

Patrón 111 (usado 1 veces):
Archivos cubiertos: a0188, a0391, a0556, a0150

Patrón 124 (usado 1 veces):
Archivos cubiertos: a0814, a1270, a1689, a0830, a0142, a0594

Patrón 126 (usado 1 veces):
Archivos cubiertos: a1833, a1689, a0142

Patrón 127 (usado 1 veces):
Archivos cubiertos: a1951, a1689, a0150

Patrón 128 (usado 1 veces):
Archivos cubiertos: a1738, a0830

Patrón 130 (usado 1 veces):
Archivos cubiertos: a0123, a1689, a0142, a0150, a0594

Patrón 131 (usado 1 veces):
Archivos cubiertos: a1737, a1689

Patrón 133 (usado 1 veces):
Archivos cubiertos: a0269, a1689, a0830, a0594

Patrón 143 (usado 1 veces):
Archivos cubiertos: a0507, a1592, a0556, a0150

Patrón 144 (usado 1 veces):
Archivos cubiertos: a1606, a0830, a0556, a0150

Patrón 155 (usado 1 veces):
Archivos cubiertos: a0620, a0556, a0150, a0594

Patrón 156 (usado 1 veces):
Archivos cubiertos: a1537, a0357, a0556, a0142, a0150, a0594

Patrón 157 (usado 1 veces):
Archivos cubiertos: a1048, a0357, a0556, a0142

Patrón 158 (usado 1 veces):
Archivos cubiertos: a0015, a0357, a0556, a0150, a0594

Patrón 159 (usado 1 veces):
Archivos cubiertos: a1090, a0357, a0556, a0142, a0594

Patrón 162 (usado 1 veces):
Archivos cubiertos: a0760, a0150

Patrón 164 (usado 1 veces):
Archivos cubiertos: a0812, a0357, a0556, a0142, a0150, a0594

Patrón 173 (usado 1 veces):
Archivos cubiertos: a1067, a0596, a0556, a0142, a0150, a0594

Patrón 180 (usado 1 veces):
Archivos cubiertos: a0186, a0556, a0594

Patrón 181 (usado 1 veces):
Archivos cubiertos: a0443, a0556, a0150

Patrón 183 (usado 1 veces):
Archivos cubiertos: a1690, a0556, a0142, a0594

Patrón 185 (usado 1 veces):
Archivos cubiertos: a0704, a0799, a0556, a0142, a0150

Patrón 188 (usado 1 veces):
Archivos cubiertos: a0140, a0556, a0142, a0150

Patrón 258 (usado 1 veces):
Archivos cubiertos: a0243, a0519, a0142

Patrón 260 (usado 1 veces):
Archivos cubiertos: a0468, a0519, a0150

Patrón 312 (usado 1 veces):
Archivos cubiertos: a0320, a1007, a0594

Patrón 313 (usado 1 veces):
Archivos cubiertos: a0860, a1007, a0594

Patrón 315 (usado 1 veces):
Archivos cubiertos: a0261, a0922

Patrón 316 (usado 1 veces):
Archivos cubiertos: a0643, a1622, a1007, a0108, a0142, a0594

Patrón 327 (usado 1 veces):
Archivos cubiertos: a1751, a1289, a0108, a0594

Patrón 331 (usado 1 veces):
Archivos cubiertos: a0134, a1289, a0108, a0922, a0594

Patrón 335 (usado 1 veces):
Archivos cubiertos: a1979, a1289, a0142, a0150

Patrón 337 (usado 1 veces):
Archivos cubiertos: a1895, a1289, a0142

Patrón 338 (usado 1 veces):
Archivos cubiertos: a0425, a1289, a0108, a0142, a0594

Patrón 354 (usado 1 veces):
Archivos cubiertos: a0558, a0108, a0142

Patrón 356 (usado 1 veces):
Archivos cubiertos: a0793, a1852, a0108, a0142, a0150, a0594

Patrón 357 (usado 1 veces):
Archivos cubiertos: a1198, a1852, a0922, a0142, a0150

Patrón 359 (usado 1 veces):
Archivos cubiertos: a0914, a1852, a0150

Patrón 361 (usado 1 veces):
Archivos cubiertos: a1010, a1852, a0108, a0142, a0150

Patrón 371 (usado 1 veces):
Archivos cubiertos: a0641, a0108, a0150

Patrón 374 (usado 1 veces):
Archivos cubiertos: a1316, a1246, a0108, a0142, a0150, a0594

Patrón 375 (usado 1 veces):
Archivos cubiertos: a0733, a0922, a0142, a0150, a0594

Patrón 376 (usado 1 veces):
Archivos cubiertos: a0816, a0108, a0922, a0150

Patrón 378 (usado 1 veces):
Archivos cubiertos: a1159, a0142, a0150, a0594

Patrón 379 (usado 1 veces):
Archivos cubiertos: a1665, a0142, a0594

Patrón 380 (usado 1 veces):
Archivos cubiertos: a1678, a0108, a0142, a0150

Patrón 384 (usado 1 veces):
Archivos cubiertos: a0950, a0108, a0150

Patrón 402 (usado 1 veces):
Archivos cubiertos: a1518, a0591, a0142, a0594

Patrón 404 (usado 1 veces):
Archivos cubiertos: a0251, a0591, a1532, a0150, a0594

Patrón 405 (usado 1 veces):
Archivos cubiertos: a0601, a0591, a0150

Patrón 408 (usado 1 veces):
Archivos cubiertos: a0994, a0591, a0142, a0150

Patrón 411 (usado 1 veces):
Archivos cubiertos: a1385, a0591, a1532, a0142, a0594

Patrón 412 (usado 1 veces):
Archivos cubiertos: a0906, a0591, a0142, a0150, a0594

Patrón 419 (usado 1 veces):
Archivos cubiertos: a1878, a1532, a0922, a0150

Patrón 420 (usado 1 veces):
Archivos cubiertos: a1765, a1532, a0922, a0142, a0594

Patrón 423 (usado 1 veces):
Archivos cubiertos: a0023, a1532

Patrón 439 (usado 1 veces):
Archivos cubiertos: a0930, a0394, a0277, a1780, a0150, a0594

Patrón 441 (usado 1 veces):
Archivos cubiertos: a0624, a0277, a1780, a0594

Patrón 442 (usado 1 veces):
Archivos cubiertos: a0977, a0394, a0142, a0594

Patrón 443 (usado 1 veces):
Archivos cubiertos: a1454, a1780, a0150, a0594

Patrón 445 (usado 1 veces):
Archivos cubiertos: a1352, a0394, a0150, a0594

Patrón 447 (usado 1 veces):
Archivos cubiertos: a1441, a0394, a0594

Patrón 454 (usado 1 veces):
Archivos cubiertos: a2026, a0150, a0594

Patrón 455 (usado 1 veces):
Archivos cubiertos: a0532, a0277, a0150, a0594

Patrón 467 (usado 1 veces):
Archivos cubiertos: a1002, a1380, a1780, a0150, a0594

Patrón 468 (usado 1 veces):
Archivos cubiertos: a0413, a1380, a0150, a0594

Patrón 469 (usado 1 veces):
Archivos cubiertos: a1681, a1380, a0922, a0142

Patrón 472 (usado 1 veces):
Archivos cubiertos: a1317, a1380, a0142, a0150, a0594

Patrón 475 (usado 1 veces):
Archivos cubiertos: a0062, a1380, a0922, a0142

Patrón 477 (usado 1 veces):
Archivos cubiertos: a1181, a1380, a1780, a0150

Patrón 488 (usado 1 veces):
Archivos cubiertos: a0640, a1780, a0142

Patrón 489 (usado 1 veces):
Archivos cubiertos: a0582, a1780, a0142, a0594

Patrón 502 (usado 1 veces):
Archivos cubiertos: a0959, a0600, a0932, a0142

Patrón 504 (usado 1 veces):
Archivos cubiertos: a0424, a0600, a0932, a0142, a0150

Patrón 506 (usado 1 veces):
Archivos cubiertos: a0454, a0600, a0922, a0142, a0150, a0594

Patrón 511 (usado 1 veces):
Archivos cubiertos: a1495, a1144, a0932, a0922, a0142, a0150

Patrón 513 (usado 1 veces):
Archivos cubiertos: a0001, a0142

Patrón 515 (usado 1 veces):
Archivos cubiertos: a1075, a0932, a0922, a0150

Patrón 518 (usado 1 veces):
Archivos cubiertos: a1304, a0932, a0922, a0142, a0594

Patrón 520 (usado 1 veces):
Archivos cubiertos: a1637, a0932, a0142, a0594

Patrón 522 (usado 1 veces):
Archivos cubiertos: a0466, a0932, a0922, a0142

Patrón 535 (usado 1 veces):
Archivos cubiertos: a1257, a0913, a0153, a0142, a0150, a0594

Patrón 537 (usado 1 veces):
Archivos cubiertos: a1041, a0393, a0153, a0150, a0594

Patrón 538 (usado 1 veces):
Archivos cubiertos: a0066, a0153, a0142, a0150, a0594

Patrón 539 (usado 1 veces):
Archivos cubiertos: a1378, a0153, a0150, a0594

Patrón 540 (usado 1 veces):
Archivos cubiertos: a1481, a0153, a0142, a0150

Patrón 541 (usado 1 veces):
Archivos cubiertos: a0892, a0150

Patrón 544 (usado 1 veces):
Archivos cubiertos: a1809, a0393, a0153, a0142, a0150, a0594

Patrón 548 (usado 1 veces):
Archivos cubiertos: a1918, a1017, a0142, a0150, a0594

Patrón 549 (usado 1 veces):
Archivos cubiertos: a1524, a1324, a0142, a0150, a0594

Patrón 550 (usado 1 veces):
Archivos cubiertos: a0171, a0153, a0142, a0150

Patrón 554 (usado 1 veces):
Archivos cubiertos: a0052, a1324, a0142

Patrón 555 (usado 1 veces):
Archivos cubiertos: a1307, a1324, a0153, a0142

Patrón 556 (usado 1 veces):
Archivos cubiertos: a0918, a1324, a0150

Patrón 557 (usado 1 veces):
Archivos cubiertos: a0552, a0153, a0142, a0150

Patrón 558 (usado 1 veces):
Archivos cubiertos: a1711, a1324, a0153, a0142, a0150, a0594

Patrón 563 (usado 1 veces):
Archivos cubiertos: a0505, a0142, a0594

Patrón 564 (usado 1 veces):
Archivos cubiertos: a1405, a1017, a0142

Patrón 565 (usado 1 veces):
Archivos cubiertos: a0544, a0142, a0150, a0594

Patrón 568 (usado 1 veces):
Archivos cubiertos: a1756, a1269, a0142

Patrón 572 (usado 1 veces):
Archivos cubiertos: a1049, a1017, a0153, a0142, a0594

Patrón 574 (usado 1 veces):
Archivos cubiertos: a1734, a1017, a0142, a0150

Patrón 576 (usado 1 veces):
Archivos cubiertos: a0852, a0142

Patrón 589 (usado 1 veces):
Archivos cubiertos: a1170, a0153, a0142, a0594

Patrón 592 (usado 1 veces):
Archivos cubiertos: a1180, a0153, a0142, a0150, a0594

Patrón 606 (usado 1 veces):
Archivos cubiertos: a1855, a0880, a0142, a0150, a0594

Patrón 608 (usado 1 veces):
Archivos cubiertos: a1989, a1374, a0142, a0150, a0594

Patrón 609 (usado 1 veces):
Archivos cubiertos: a0978, a1374, a0594

Patrón 613 (usado 1 veces):
Archivos cubiertos: a0934, a1374, a0142, a0150, a0594

Patrón 614 (usado 1 veces):
Archivos cubiertos: a1191, a0142, a0150, a0594

Patrón 617 (usado 1 veces):
Archivos cubiertos: a1471, a0071, a0142, a0150

Patrón 618 (usado 1 veces):
Archivos cubiertos: a1278, a1374, a0142, a0150

Patrón 624 (usado 1 veces):
Archivos cubiertos: a0014, a1374, a0142, a0150

Patrón 626 (usado 1 veces):
Archivos cubiertos: a0300, a1374

Patrón 627 (usado 1 veces):
Archivos cubiertos: a1605, a0142, a0150, a0594

Patrón 629 (usado 1 veces):
Archivos cubiertos: a0497, a0841, a0594

Patrón 631 (usado 1 veces):
Archivos cubiertos: a1415, a0954, a1374, a0594

Patrón 635 (usado 1 veces):
Archivos cubiertos: a0939, a0142, a0150

Patrón 653 (usado 1 veces):
Archivos cubiertos: a1970, a0142, a0150

Patrón 655 (usado 1 veces):
Archivos cubiertos: a0645, a0142, a0150

Patrón 656 (usado 1 veces):
Archivos cubiertos: a1369, a0142, a0150, a0594

Patrón 659 (usado 1 veces):
Archivos cubiertos: a1464, a0142, a0150

Patrón 700 (usado 1 veces):
Archivos cubiertos: a1315, a0150, a0594

Patrón 702 (usado 1 veces):
Archivos cubiertos: a2007, a0150, a0594

Patrón 703 (usado 1 veces):
Archivos cubiertos: a0030, a0346, a0150, a0594

Patrón 708 (usado 1 veces):
Archivos cubiertos: a0008, a0150

Patrón 825 (usado 1 veces):
Archivos cubiertos: a1001, a1946, a0172, a0531, a0314

Patrón 827 (usado 1 veces):
Archivos cubiertos: a1027, a1946, a0172, a0531, a0314, a0594

Patrón 829 (usado 1 veces):
Archivos cubiertos: a1061, a1946, a0172, a0531, a0314, a0594

Patrón 831 (usado 1 veces):
Archivos cubiertos: a0177, a0172, a1280, a0531

Patrón 836 (usado 1 veces):
Archivos cubiertos: a1926, a1280, a0314

Patrón 837 (usado 1 veces):
Archivos cubiertos: a1461, a0172, a1280, a0531, a0594

Patrón 839 (usado 1 veces):
Archivos cubiertos: a0174, a0531, a0594

Patrón 840 (usado 1 veces):
Archivos cubiertos: a0022, a0172, a0314

Patrón 844 (usado 1 veces):
Archivos cubiertos: a0921, a0172, a0405, a0531, a0594

Patrón 849 (usado 1 veces):
Archivos cubiertos: a1122, a1280

Patrón 854 (usado 1 veces):
Archivos cubiertos: a1948, a0683, a1280, a0594

Patrón 856 (usado 1 veces):
Archivos cubiertos: a1529, a0683, a1280, a0531, a0314

Patrón 865 (usado 1 veces):
Archivos cubiertos: a0764, a1572, a1280, a0531, a0594

Patrón 866 (usado 1 veces):
Archivos cubiertos: a1232, a1280, a0531

Patrón 868 (usado 1 veces):
Archivos cubiertos: a1643, a1280, a0531, a0594

Patrón 869 (usado 1 veces):
Archivos cubiertos: a1360, a1280, a0531, a0314, a0594

Patrón 873 (usado 1 veces):
Archivos cubiertos: a1839, a1280, a0531

Patrón 898 (usado 1 veces):
Archivos cubiertos: a1236, a1399, a0405, a0531, a0314

Patrón 901 (usado 1 veces):
Archivos cubiertos: a1375, a0281, a0405, a0531, a0314, a0594

Patrón 903 (usado 1 veces):
Archivos cubiertos: a1450, a1399, a0531, a0314, a0594

Patrón 905 (usado 1 veces):
Archivos cubiertos: a1419, a1399, a0405, a0531, a0594

Patrón 907 (usado 1 veces):
Archivos cubiertos: a1477, a0739, a1399, a0531

Patrón 910 (usado 1 veces):
Archivos cubiertos: a1699, a1956, a0405, a0531, a0314, a0594

Patrón 913 (usado 1 veces):
Archivos cubiertos: a1788, a0531, a0594

Patrón 915 (usado 1 veces):
Archivos cubiertos: a0410, a1440, a0531, a0594

Patrón 916 (usado 1 veces):
Archivos cubiertos: a0458, a1440, a0405, a0531, a0314

Patrón 918 (usado 1 veces):
Archivos cubiertos: a1298, a1139, a0531

Patrón 919 (usado 1 veces):
Archivos cubiertos: a0318, a1440, a0405

Patrón 923 (usado 1 veces):
Archivos cubiertos: a2025, a1139, a1399, a0405, a0531, a0314, a0594

Patrón 928 (usado 1 veces):
Archivos cubiertos: a1891, a1760, a0531, a0314

Patrón 930 (usado 1 veces):
Archivos cubiertos: a0877, a0405, a0531, a0594

Patrón 938 (usado 1 veces):
Archivos cubiertos: a0723, a0017, a0405, a0531, a0859

Patrón 939 (usado 1 veces):
Archivos cubiertos: a0965, a0405, a0531, a0314

Patrón 940 (usado 1 veces):
Archivos cubiertos: a1941, a0405, a0531

Patrón 942 (usado 1 veces):
Archivos cubiertos: a0379, a1817, a0405, a0531, a0314

Patrón 944 (usado 1 veces):
Archivos cubiertos: a0651, a0017, a0405, a0531

Patrón 948 (usado 1 veces):
Archivos cubiertos: a0729, a0405, a0531, a0314

Patrón 954 (usado 1 veces):
Archivos cubiertos: a0614, a1854, a0405, a0531, a0594

Patrón 961 (usado 1 veces):
Archivos cubiertos: a1377, a0405, a0531, a0859

Patrón 978 (usado 1 veces):
Archivos cubiertos: a1052, a1088, a0502, a0859, a0594

Patrón 983 (usado 1 veces):
Archivos cubiertos: a0292, a0502, a0594

Patrón 1036 (usado 1 veces):
Archivos cubiertos: a0285, a1131, a0859, a0594

Patrón 1038 (usado 1 veces):
Archivos cubiertos: a1549, a1131, a0859, a0314

Patrón 1050 (usado 1 veces):
Archivos cubiertos: a0400, a0794, a0859

Patrón 1053 (usado 1 veces):
Archivos cubiertos: a1533, a0794, a0859, a0594

Patrón 1055 (usado 1 veces):
Archivos cubiertos: a1781, a0514, a0859

Patrón 1066 (usado 1 veces):
Archivos cubiertos: a1455, a0144, a0859, a0594

Patrón 1068 (usado 1 veces):
Archivos cubiertos: a0144, a0619

Patrón 1071 (usado 1 veces):
Archivos cubiertos: a0169, a0859, a0594

Patrón 1233 (usado 1 veces):
Archivos cubiertos: a1504, a0924, a0314

Patrón 1236 (usado 1 veces):
Archivos cubiertos: a1706, a0924, a0376, a0594

Patrón 1256 (usado 1 veces):
Archivos cubiertos: a0780, a2006, a0940, a1714

Patrón 1259 (usado 1 veces):
Archivos cubiertos: a0696, a0894, a0376, a0314

Patrón 1262 (usado 1 veces):
Archivos cubiertos: a0345, a0940, a0314

Patrón 1263 (usado 1 veces):
Archivos cubiertos: a0762, a0940, a0376, a0314, a0594

Patrón 1265 (usado 1 veces):
Archivos cubiertos: a1498, a0376, a0314, a0594

Patrón 1266 (usado 1 veces):
Archivos cubiertos: a0082, a0940, a0376, a0314, a0594

Patrón 1267 (usado 1 veces):
Archivos cubiertos: a0848, a0940, a0376

Patrón 1269 (usado 1 veces):
Archivos cubiertos: a0212, a0940, a0376, a0594

Patrón 1293 (usado 1 veces):
Archivos cubiertos: a1245, a1256, a1497

Patrón 1296 (usado 1 veces):
Archivos cubiertos: a0370, a0376, a0314

Patrón 1299 (usado 1 veces):
Archivos cubiertos: a0987, a1497, a0376, a1714

Patrón 1304 (usado 1 veces):
Archivos cubiertos: a0745, a1669, a0376, a0314

Patrón 1307 (usado 1 veces):
Archivos cubiertos: a1815, a1900, a0376

Patrón 1308 (usado 1 veces):
Archivos cubiertos: a0126, a0376, a0085, a0594

Patrón 1312 (usado 1 veces):
Archivos cubiertos: a1679, a0376, a1714

Patrón 1313 (usado 1 veces):
Archivos cubiertos: a1927, a0376, a1714

Patrón 1372 (usado 1 veces):
Archivos cubiertos: a0759, a0525, a2015, a0314, a0594

Patrón 1373 (usado 1 veces):
Archivos cubiertos: a1913, a0525, a2015

Patrón 1375 (usado 1 veces):
Archivos cubiertos: a0903, a0525, a0594

Patrón 1376 (usado 1 veces):
Archivos cubiertos: a0284, a0525, a0314

Patrón 1421 (usado 1 veces):
Archivos cubiertos: a1354, a0791, a1546, a0314

Patrón 1422 (usado 1 veces):
Archivos cubiertos: a0652, a1387, a1546, a2015, a0085

Patrón 1424 (usado 1 veces):
Archivos cubiertos: a1340, a1546, a2015, a0085

Patrón 1429 (usado 1 veces):
Archivos cubiertos: a0719, a1546, a2015, a0314, a0594

Patrón 1432 (usado 1 veces):
Archivos cubiertos: a0088, a0791, a1546, a0594

Patrón 1433 (usado 1 veces):
Archivos cubiertos: a0155, a0594

Patrón 1435 (usado 1 veces):
Archivos cubiertos: a1434, a1546, a0085

Patrón 1443 (usado 1 veces):
Archivos cubiertos: a0217, a0755, a1546, a0085, a0594

Patrón 1449 (usado 1 veces):
Archivos cubiertos: a1055, a1546, a0085, a0594

Patrón 1451 (usado 1 veces):
Archivos cubiertos: a1886, a1546, a0314

Patrón 1493 (usado 1 veces):
Archivos cubiertos: a1345, a1185, a2015, a0314, a0594

Patrón 1494 (usado 1 veces):
Archivos cubiertos: a1168, a2015, a0085, a0594

Patrón 1496 (usado 1 veces):
Archivos cubiertos: a0070, a2015, a0314

Patrón 1498 (usado 1 veces):
Archivos cubiertos: a1080, a0974, a2015, a1714

Patrón 1500 (usado 1 veces):
Archivos cubiertos: a0173, a1185, a2015, a1714

Patrón 1501 (usado 1 veces):
Archivos cubiertos: a1523, a1185, a2015, a1714

Patrón 1502 (usado 1 veces):
Archivos cubiertos: a0957, a1185, a2015, a0314

Patrón 1503 (usado 1 veces):
Archivos cubiertos: a0429, a0974, a2015, a0085, a0594

Patrón 1506 (usado 1 veces):
Archivos cubiertos: a0389, a1185, a2015, a0314

Patrón 1507 (usado 1 veces):
Archivos cubiertos: a1798, a2015, a0085

Patrón 1510 (usado 1 veces):
Archivos cubiertos: a0268, a1185, a2015, a0314

Patrón 1513 (usado 1 veces):
Archivos cubiertos: a0560, a1185, a2015, a0314, a0594

Patrón 1516 (usado 1 veces):
Archivos cubiertos: a0806, a1185, a2015

Patrón 1517 (usado 1 veces):
Archivos cubiertos: a1248, a2015, a0085, a0594

Patrón 1525 (usado 1 veces):
Archivos cubiertos: a1942, a1044, a2015, a0314

Patrón 1526 (usado 1 veces):
Archivos cubiertos: a0428, a2015, a0085, a0594

Patrón 1529 (usado 1 veces):
Archivos cubiertos: a1189, a2015, a0314, a0594

Patrón 1531 (usado 1 veces):
Archivos cubiertos: a1753, a2015, a0594

Patrón 1533 (usado 1 veces):
Archivos cubiertos: a1117, a2015, a0594

Patrón 1536 (usado 1 veces):
Archivos cubiertos: a1525, a2015, a0594

Patrón 1538 (usado 1 veces):
Archivos cubiertos: a1889, a2015, a0085, a0594

Patrón 1540 (usado 1 veces):
Archivos cubiertos: a0398, a2015, a0314

Patrón 1642 (usado 1 veces):
Archivos cubiertos: a2034, a2040, a0594

Patrón 1644 (usado 1 veces):
Archivos cubiertos: a1916, a0198, a1714, a0085, a0594

Patrón 1680 (usado 1 veces):
Archivos cubiertos: a1063, a1714

Patrón 1684 (usado 1 veces):
Archivos cubiertos: a0013, a1496, a1591, a1714

Patrón 1686 (usado 1 veces):
Archivos cubiertos: a1743, a1591, a1714, a0314

Patrón 1687 (usado 1 veces):
Archivos cubiertos: a0092, a0408, a1591, a1714, a0594

Patrón 1689 (usado 1 veces):
Archivos cubiertos: a0164, a1714, a0594

Patrón 1691 (usado 1 veces):
Archivos cubiertos: a0842, a0408, a1591

Patrón 1695 (usado 1 veces):
Archivos cubiertos: a0058, a1496, a1714, a0085

Patrón 1699 (usado 1 veces):
Archivos cubiertos: a0194, a0085, a0594

Patrón 1700 (usado 1 veces):
Archivos cubiertos: a0135, a0392, a1714, a0594

Patrón 1701 (usado 1 veces):
Archivos cubiertos: a1155, a0314, a0594

Patrón 1703 (usado 1 veces):
Archivos cubiertos: a1363, a1342, a0085

Patrón 1705 (usado 1 veces):
Archivos cubiertos: a0003, a1591, a0314

Patrón 1706 (usado 1 veces):
Archivos cubiertos: a1528, a1342, a1714, a0594

Patrón 1707 (usado 1 veces):
Archivos cubiertos: a0350, a1342, a1591, a1714, a0085, a0594

Patrón 1708 (usado 1 veces):
Archivos cubiertos: a1567, a1714, a0085

Patrón 1709 (usado 1 veces):
Archivos cubiertos: a1474, a0392, a1714, a0314, a0594

Patrón 1711 (usado 1 veces):
Archivos cubiertos: a0875, a0392, a1714, a0314

Patrón 1713 (usado 1 veces):
Archivos cubiertos: a2008, a0392, a1342, a1591, a1714, a0085, a0594

Patrón 1715 (usado 1 veces):
Archivos cubiertos: a1992, a0392, a1342

Patrón 1717 (usado 1 veces):
Archivos cubiertos: a0484, a1342, a1714, a0085

Patrón 1719 (usado 1 veces):
Archivos cubiertos: a1600, a1342, a1591, a1714, a0314, a0594

Patrón 1728 (usado 1 veces):
Archivos cubiertos: a1186, a0266, a2027, a1714, a0594

Patrón 1730 (usado 1 veces):
Archivos cubiertos: a1908, a2027, a1714, a0594

Patrón 1731 (usado 1 veces):
Archivos cubiertos: a0642, a1714, a0085

Patrón 1742 (usado 1 veces):
Archivos cubiertos: a0615, a1714, a0594

Patrón 1745 (usado 1 veces):
Archivos cubiertos: a1011, a1714, a0314, a0594

Patrón 1746 (usado 1 veces):
Archivos cubiertos: a1907, a1714, a0085

Patrón 1810 (usado 1 veces):
Archivos cubiertos: a1654, a1875, a0970, a0825

Patrón 1813 (usado 1 veces):
Archivos cubiertos: a1912, a1824, a0085

Patrón 1814 (usado 1 veces):
Archivos cubiertos: a0526, a0970, a1824, a0158

Patrón 1827 (usado 1 veces):
Archivos cubiertos: a1320, a1837, a0566

Patrón 1828 (usado 1 veces):
Archivos cubiertos: a1418, a1837, a0085, a0594

Patrón 1840 (usado 1 veces):
Archivos cubiertos: a0335, a1509, a0566, a0085, a0594

Patrón 1843 (usado 1 veces):
Archivos cubiertos: a0534, a0998, a0825, a0158, a0594

Patrón 1847 (usado 1 veces):
Archivos cubiertos: a1196, a0769, a0594

Patrón 1857 (usado 1 veces):
Archivos cubiertos: a1350, a0566, a1824, a0314, a0594

Patrón 1865 (usado 1 veces):
Archivos cubiertos: a1106, a0566, a0158

Patrón 1867 (usado 1 veces):
Archivos cubiertos: a0438, a1822, a1824, a0085

Patrón 1870 (usado 1 veces):
Archivos cubiertos: a1612, a1822, a0566, a0158, a0314

Patrón 1872 (usado 1 veces):
Archivos cubiertos: a1176, a1822, a0566, a0158

Patrón 1876 (usado 1 veces):
Archivos cubiertos: a1479, a1384, a0566, a0594

Patrón 1877 (usado 1 veces):
Archivos cubiertos: a0143, a1384, a0566, a0085, a0314

Patrón 1879 (usado 1 veces):
Archivos cubiertos: a0726, a0566, a0085, a0314, a0594

Patrón 1880 (usado 1 veces):
Archivos cubiertos: a0242, a1384, a0566, a1824, a0158

Patrón 1882 (usado 1 veces):
Archivos cubiertos: a0567, a1384, a0566, a1824, a0594

Patrón 1888 (usado 1 veces):
Archivos cubiertos: a0105, a2045, a1824, a0158, a0594

Patrón 1889 (usado 1 veces):
Archivos cubiertos: a1597, a2045, a0158, a0594

Patrón 1891 (usado 1 veces):
Archivos cubiertos: a1476, a2045, a1824

Patrón 1897 (usado 1 veces):
Archivos cubiertos: a0010, a0566, a0085

Patrón 1898 (usado 1 veces):
Archivos cubiertos: a1684, a0566, a0314, a0594

Patrón 1899 (usado 1 veces):
Archivos cubiertos: a0073, a0566, a0085, a0314

Patrón 1900 (usado 1 veces):
Archivos cubiertos: a0450, a0566, a1824, a0594

Patrón 1914 (usado 1 veces):
Archivos cubiertos: a0963, a1824, a0158, a0594

Patrón 1915 (usado 1 veces):
Archivos cubiertos: a1943, a0700, a1824, a0085, a0314

Patrón 1916 (usado 1 veces):
Archivos cubiertos: a1709, a1824, a0314, a0594

Patrón 1918 (usado 1 veces):
Archivos cubiertos: a0808, a1824, a0158, a0314

Patrón 1920 (usado 1 veces):
Archivos cubiertos: a1217, a1824, a0314, a0594

Patrón 1921 (usado 1 veces):
Archivos cubiertos: a0361, a1824, a0085

Patrón 1923 (usado 1 veces):
Archivos cubiertos: a0018, a0700, a1824, a0085, a0314, a0594

Patrón 1946 (usado 1 veces):
Archivos cubiertos: a2010, a0158

Patrón 1949 (usado 1 veces):
Archivos cubiertos: a1275, a1880, a0158, a0594

Patrón 1952 (usado 1 veces):
Archivos cubiertos: a1936, a0158, a0594

Patrón 1954 (usado 1 veces):
Archivos cubiertos: a0279, a0158

Patrón 1956 (usado 1 veces):
Archivos cubiertos: a1467, a0158

Patrón 1957 (usado 1 veces):
Archivos cubiertos: a1319, a0158

Patrón 1959 (usado 1 veces):
Archivos cubiertos: a0474, a0158, a0594

Patrón 2026 (usado 1 veces):
Archivos cubiertos: a0773, a1456, a0085

Patrón 2030 (usado 1 veces):
Archivos cubiertos: a1911, a1541, a0085, a0314, a0594

Patrón 2033 (usado 1 veces):
Archivos cubiertos: a0561, a1541, a0085, a0314, a0594

Patrón 2046 (usado 1 veces):
Archivos cubiertos: a0409, a1114, a0085

Patrón 2049 (usado 1 veces):
Archivos cubiertos: a0481, a1114, a0085, a0594

Patrón 2051 (usado 1 veces):
Archivos cubiertos: a0402, a0085, a0594

Patrón 2052 (usado 1 veces):
Archivos cubiertos: a1255, a1114, a0085, a0594

Patrón 2053 (usado 1 veces):
Archivos cubiertos: a0893, a1114, a0085, a0594

Patrón 2065 (usado 1 veces):
Archivos cubiertos: a0119, a1030, a0085, a0314

Patrón 2068 (usado 1 veces):
Archivos cubiertos: a0286, a1030, a0085

Patrón 2070 (usado 1 veces):
Archivos cubiertos: a0758, a0085, a0314

Patrón 2075 (usado 1 veces):
Archivos cubiertos: a1814, a0085, a0594

Patrón 2201 (usado 1 veces):
Archivos cubiertos: a0803, a1029, a1543, a0314

Patrón 2203 (usado 1 veces):
Archivos cubiertos: a1892, a0863, a0594

Patrón 2205 (usado 1 veces):
Archivos cubiertos: a1695, a0863, a1543, a1194

Patrón 2206 (usado 1 veces):
Archivos cubiertos: a1029, a0647, a1543, a1194, a0314

Patrón 2209 (usado 1 veces):
Archivos cubiertos: a0677, a0863, a1543, a0594

Patrón 2211 (usado 1 veces):
Archivos cubiertos: a1422, a0863, a0594

Patrón 2213 (usado 1 veces):
Archivos cubiertos: a0822, a1543, a0314

Patrón 2215 (usado 1 veces):
Archivos cubiertos: a0278, a0863, a1543

Patrón 2226 (usado 1 veces):
Archivos cubiertos: a0287, a0942, a0617, a1543, a1194

Patrón 2228 (usado 1 veces):
Archivos cubiertos: a0416, a0617, a0650, a1543, a0314

Patrón 2230 (usado 1 veces):
Archivos cubiertos: a1348, a0617

Patrón 2236 (usado 1 veces):
Archivos cubiertos: a1070, a0228, a0650, a0314

Patrón 2237 (usado 1 veces):
Archivos cubiertos: a0138, a0650, a1543, a0314

Patrón 2239 (usado 1 veces):
Archivos cubiertos: a1702, a0228, a1543, a0314

Patrón 2241 (usado 1 veces):
Archivos cubiertos: a0976, a0617, a1543, a1194, a0594

Patrón 2243 (usado 1 veces):
Archivos cubiertos: a1514, a0228, a0617, a0650, a1543, a0594

Patrón 2245 (usado 1 veces):
Archivos cubiertos: a0767, a0650, a1543, a1194

Patrón 2246 (usado 1 veces):
Archivos cubiertos: a0293, a0228, a1543, a0314, a0594

Patrón 2252 (usado 1 veces):
Archivos cubiertos: a1487, a1732, a1987, a0314, a0594

Patrón 2255 (usado 1 veces):
Archivos cubiertos: a1607, a1732, a0617, a0594

Patrón 2257 (usado 1 veces):
Archivos cubiertos: a0101, a0617, a0314, a0594

Patrón 2258 (usado 1 veces):
Archivos cubiertos: a0356, a1543, a0314

Patrón 2263 (usado 1 veces):
Archivos cubiertos: a1728, a0617, a1543, a1194

Patrón 2264 (usado 1 veces):
Archivos cubiertos: a1867, a0617, a0650, a1194, a0594

Patrón 2266 (usado 1 veces):
Archivos cubiertos: a0573, a1543, a1194, a0314, a0594

Patrón 2267 (usado 1 veces):
Archivos cubiertos: a1421, a0617, a1543, a0594

Patrón 2269 (usado 1 veces):
Archivos cubiertos: a0865, a0650, a1543, a1194

Patrón 2271 (usado 1 veces):
Archivos cubiertos: a0260, a0617, a0650, a1194

Patrón 2276 (usado 1 veces):
Archivos cubiertos: a0276, a0890, a1543, a0594

Patrón 2279 (usado 1 veces):
Archivos cubiertos: a0899, a0006, a1543, a1194, a0314

Patrón 2281 (usado 1 veces):
Archivos cubiertos: a0923, a0006, a1543, a1194, a0594

Patrón 2287 (usado 1 veces):
Archivos cubiertos: a1069, a0890, a1543, a1194

Patrón 2288 (usado 1 veces):
Archivos cubiertos: a0545, a0890, a1543, a1194, a0314, a0594

Patrón 2289 (usado 1 veces):
Archivos cubiertos: a0130, a1543, a0314

Patrón 2290 (usado 1 veces):
Archivos cubiertos: a0623, a0650, a1543, a1194

Patrón 2292 (usado 1 veces):
Archivos cubiertos: a0574, a1987, a0314

Patrón 2294 (usado 1 veces):
Archivos cubiertos: a0896, a0065, a0314, a0594

Patrón 2302 (usado 1 veces):
Archivos cubiertos: a1661, a1925, a0650, a1194, a0594

Patrón 2304 (usado 1 veces):
Archivos cubiertos: a1917, a1659, a1543, a0314, a0594

Patrón 2306 (usado 1 veces):
Archivos cubiertos: a0917, a0650, a1543, a1194

Patrón 2307 (usado 1 veces):
Archivos cubiertos: a2012, a1925, a0650, a1543, a1194

Patrón 2310 (usado 1 veces):
Archivos cubiertos: a0871, a0650, a1987, a0314

Patrón 2315 (usado 1 veces):
Archivos cubiertos: a1413, a1543, a0594

Patrón 2319 (usado 1 veces):
Archivos cubiertos: a0427, a0117, a0314

Patrón 2324 (usado 1 veces):
Archivos cubiertos: a1745, a1508, a1543, a1194, a0314

Patrón 2330 (usado 1 veces):
Archivos cubiertos: a0315, a0650, a1543, a0314

Patrón 2335 (usado 1 veces):
Archivos cubiertos: a1268, a0255, a1543, a0314

Patrón 2336 (usado 1 veces):
Archivos cubiertos: a0676, a1543, a1194, a0594

Patrón 2348 (usado 1 veces):
Archivos cubiertos: a0098, a1083, a1805, a1543, a0314

Patrón 2350 (usado 1 veces):
Archivos cubiertos: a0310, a1987, a1543, a1194, a0594

Patrón 2351 (usado 1 veces):
Archivos cubiertos: a0099, a1083, a1543, a1194, a0314, a0594

Patrón 2353 (usado 1 veces):
Archivos cubiertos: a1062, a1987, a1543, a1194, a0594

Patrón 2354 (usado 1 veces):
Archivos cubiertos: a1672, a1805, a1987, a1543, a1194, a0314, a0594

Patrón 2355 (usado 1 veces):
Archivos cubiertos: a0226, a1987, a1543, a1194, a0314, a0594

Patrón 2357 (usado 1 veces):
Archivos cubiertos: a1489, a1987, a0314

Patrón 2358 (usado 1 veces):
Archivos cubiertos: a1757, a1543, a1194, a0594

Patrón 2359 (usado 1 veces):
Archivos cubiertos: a0118, a1805, a1543, a1194, a0314, a0594

Patrón 2360 (usado 1 veces):
Archivos cubiertos: a1288, a1987, a1543

Patrón 2364 (usado 1 veces):
Archivos cubiertos: a0703, a0995, a1543, a0314

Patrón 2366 (usado 1 veces):
Archivos cubiertos: a0960, a1805, a1987, a1543, a1194, a0314, a0594

Patrón 2368 (usado 1 veces):
Archivos cubiertos: a1344, a1805, a1987, a0314

Patrón 2374 (usado 1 veces):
Archivos cubiertos: a0455, a1987, a1543, a1194

Patrón 2375 (usado 1 veces):
Archivos cubiertos: a1411, a1987, a1543, a0314, a0594

Patrón 2378 (usado 1 veces):
Archivos cubiertos: a0221, a1987, a1543, a1194, a0594

Patrón 2392 (usado 1 veces):
Archivos cubiertos: a0274, a1863, a1543, a1194, a0314, a0594

Patrón 2425 (usado 1 veces):
Archivos cubiertos: a0743, a1182, a1581, a0314, a0594

Patrón 2426 (usado 1 veces):
Archivos cubiertos: a1585, a1581, a0594

Patrón 2427 (usado 1 veces):
Archivos cubiertos: a1904, a1194, a0314

Patrón 2428 (usado 1 veces):
Archivos cubiertos: a0728, a1182, a1581, a1194, a0314, a0594

Patrón 2430 (usado 1 veces):
Archivos cubiertos: a1829, a1182, a1581

Patrón 2431 (usado 1 veces):
Archivos cubiertos: a0543, a0588, a1194, a0594

Patrón 2432 (usado 1 veces):
Archivos cubiertos: a0326, a0314, a0594

Patrón 2437 (usado 1 veces):
Archivos cubiertos: a0349, a1128, a1182, a1581, a1194, a0314

Patrón 2440 (usado 1 veces):
Archivos cubiertos: a0262, a0191, a0314, a0594

Patrón 2442 (usado 1 veces):
Archivos cubiertos: a0452, a1581, a1194, a0314

Patrón 2444 (usado 1 veces):
Archivos cubiertos: a0116, a1182, a1581, a1194

Patrón 2445 (usado 1 veces):
Archivos cubiertos: a0873, a1182, a0314, a0594

Patrón 2451 (usado 1 veces):
Archivos cubiertos: a1823, a1581, a0314

Patrón 2486 (usado 1 veces):
Archivos cubiertos: a0501, a1736, a1194, a0314, a0594

Patrón 2488 (usado 1 veces):
Archivos cubiertos: a1986, a1736, a1194, a0594

Patrón 2509 (usado 1 veces):
Archivos cubiertos: a0199, a0381, a1194, a0314

Patrón 2510 (usado 1 veces):
Archivos cubiertos: a1123, a1206, a1435, a1194, a0594

Patrón 2517 (usado 1 veces):
Archivos cubiertos: a1193, a0381, a0076

Patrón 2529 (usado 1 veces):
Archivos cubiertos: a1755, a1358, a0792, a0594

Patrón 2532 (usado 1 veces):
Archivos cubiertos: a0093, a1460, a1893, a1194, a0314

Patrón 2537 (usado 1 veces):
Archivos cubiertos: a1687, a0927, a1194, a0594

Patrón 2538 (usado 1 veces):
Archivos cubiertos: a1313, a1194, a0314

Patrón 2543 (usado 1 veces):
Archivos cubiertos: a1040, a1177, a0594

Patrón 2545 (usado 1 veces):
Archivos cubiertos: a1720, a1893, a0792, a0314

Patrón 2553 (usado 1 veces):
Archivos cubiertos: a0040, a0792, a1194, a0314, a0594

Patrón 2556 (usado 1 veces):
Archivos cubiertos: a0420, a0792, a1194, a0594

Patrón 2558 (usado 1 veces):
Archivos cubiertos: a1575, a0792, a1177, a0594

Patrón 2560 (usado 1 veces):
Archivos cubiertos: a1872, a0792, a1194, a0314

Patrón 2584 (usado 1 veces):
Archivos cubiertos: a0041, a1560, a1050, a1177, a1194

Patrón 2589 (usado 1 veces):
Archivos cubiertos: a1599, a0442, a1177, a1194, a0314, a0594

Patrón 2592 (usado 1 veces):
Archivos cubiertos: a1190, a1050, a1177, a1194, a0594

Patrón 2593 (usado 1 veces):
Archivos cubiertos: a0275, a1050, a1194, a0314

Patrón 2595 (usado 1 veces):
Archivos cubiertos: a0644, a1552, a1194, a0594

Patrón 2597 (usado 1 veces):
Archivos cubiertos: a1465, a1050, a1177, a1194

Patrón 2601 (usado 1 veces):
Archivos cubiertos: a1125, a1050, a1194

Patrón 2604 (usado 1 veces):
Archivos cubiertos: a1578, a1050, a1177, a1194, a0314

Patrón 2619 (usado 1 veces):
Archivos cubiertos: a0674, a0713, a1988, a1194, a0594

Patrón 2622 (usado 1 veces):
Archivos cubiertos: a0578, a0005, a0314

Patrón 2623 (usado 1 veces):
Archivos cubiertos: a1339, a0005, a1194, a0594

Patrón 2624 (usado 1 veces):
Archivos cubiertos: a0693, a1194, a0314, a0594

Patrón 2635 (usado 1 veces):
Archivos cubiertos: a0184, a0823, a1194

Patrón 2637 (usado 1 veces):
Archivos cubiertos: a0838, a0751, a0823, a1194, a0314, a0594

Patrón 2638 (usado 1 veces):
Archivos cubiertos: a0554, a1194, a0314

Patrón 2639 (usado 1 veces):
Archivos cubiertos: a1794, a0823, a1194, a0594

Patrón 2640 (usado 1 veces):
Archivos cubiertos: a0298, a1194, a0314

Patrón 2641 (usado 1 veces):
Archivos cubiertos: a0784, a1988, a1194, a0314, a0594

Patrón 2647 (usado 1 veces):
Archivos cubiertos: a0664, a0436, a1194

Patrón 2649 (usado 1 veces):
Archivos cubiertos: a0530, a0823, a0594

Patrón 2654 (usado 1 veces):
Archivos cubiertos: a1337, a0625, a1194, a0314, a0594

Patrón 2657 (usado 1 veces):
Archivos cubiertos: a0587, a0823, a1194

Patrón 2659 (usado 1 veces):
Archivos cubiertos: a0820, a0823, a1194, a0314, a0594

Patrón 2661 (usado 1 veces):
Archivos cubiertos: a1082, a1988, a0314

Patrón 2670 (usado 1 veces):
Archivos cubiertos: a1228, a0592, a1988, a0594

Patrón 2678 (usado 1 veces):
Archivos cubiertos: a1934, a1930, a1988, a1194, a0314

Patrón 2682 (usado 1 veces):
Archivos cubiertos: a0249, a1930, a1194, a0594

Patrón 2684 (usado 1 veces):
Archivos cubiertos: a0870, a1930, a1194, a0314

Patrón 2685 (usado 1 veces):
Archivos cubiertos: a0182, a1930, a0314, a0594

Patrón 2691 (usado 1 veces):
Archivos cubiertos: a0232, a1716, a1194, a0594

Patrón 2694 (usado 1 veces):
Archivos cubiertos: a1935, a1716, a1988, a1194, a0314

Patrón 2702 (usado 1 veces):
Archivos cubiertos: a0136, a1416, a1194

Patrón 2704 (usado 1 veces):
Archivos cubiertos: a0511, a1988, a1194, a0314, a0594

Patrón 2708 (usado 1 veces):
Archivos cubiertos: a0907, a1194, a0314

Patrón 2711 (usado 1 veces):
Archivos cubiertos: a0948, a1988, a1194, a0594

Patrón 2712 (usado 1 veces):
Archivos cubiertos: a1656, a1988, a1194, a0314

Patrón 2713 (usado 1 veces):
Archivos cubiertos: a0763, a1988, a1194, a0594

Patrón 2716 (usado 1 veces):
Archivos cubiertos: a0584, a1194

Patrón 2717 (usado 1 veces):
Archivos cubiertos: a1391, a1988, a1194, a0314

Patrón 2726 (usado 1 veces):
Archivos cubiertos: a0375, a1194, a0314

Patrón 2727 (usado 1 veces):
Archivos cubiertos: a0439, a1194

Patrón 2810 (usado 1 veces):
Archivos cubiertos: a2041, a1802, a1120, a1811, a0594

Patrón 2813 (usado 1 veces):
Archivos cubiertos: a1003, a1802, a0314

Patrón 2817 (usado 1 veces):
Archivos cubiertos: a1230, a0115, a1811, a0314

Patrón 2819 (usado 1 veces):
Archivos cubiertos: a1905, a0106, a1811, a0314, a0594

Patrón 2823 (usado 1 veces):
Archivos cubiertos: a0086, a0106, a1120, a1811

Patrón 2824 (usado 1 veces):
Archivos cubiertos: a0487, a1120, a1811, a0314

Patrón 2826 (usado 1 veces):
Archivos cubiertos: a1442, a1120, a1811, a0314, a0594

Patrón 2827 (usado 1 veces):
Archivos cubiertos: a0033, a1981, a0616, a0594

Patrón 2829 (usado 1 veces):
Archivos cubiertos: a1845, a0594

Patrón 2830 (usado 1 veces):
Archivos cubiertos: a0975, a0238, a0314, a0594

Patrón 2832 (usado 1 veces):
Archivos cubiertos: a0445, a1981, a1120, a1811

Patrón 2834 (usado 1 veces):
Archivos cubiertos: a0691, a0106, a0314, a0594

Patrón 2836 (usado 1 veces):
Archivos cubiertos: a1610, a1120, a1811, a0314, a0594

Patrón 2838 (usado 1 veces):
Archivos cubiertos: a1058, a1981, a0106, a0314, a0594

Patrón 2841 (usado 1 veces):
Archivos cubiertos: a0815, a0238, a0106, a1120, a1811, a0594

Patrón 2843 (usado 1 veces):
Archivos cubiertos: a1357, a0106, a1120, a1811, a0314

Patrón 2845 (usado 1 veces):
Archivos cubiertos: a1013, a0314

Patrón 2852 (usado 1 veces):
Archivos cubiertos: a1615, a1562, a1120, a1811, a0314

Patrón 2853 (usado 1 veces):
Archivos cubiertos: a1535, a1120, a1811, a0314, a0594

Patrón 2869 (usado 1 veces):
Archivos cubiertos: a1696, a0616, a1811, a0314

Patrón 2871 (usado 1 veces):
Archivos cubiertos: a0456, a0616, a0314, a0594

Patrón 2872 (usado 1 veces):
Archivos cubiertos: a0740, a0616, a1811, a0314, a0594

Patrón 2874 (usado 1 veces):
Archivos cubiertos: a1688, a0616, a0314, a0594

Patrón 2891 (usado 1 veces):
Archivos cubiertos: a1103, a1291, a0952, a1811

Patrón 2894 (usado 1 veces):
Archivos cubiertos: a0662, a1651, a1811, a0314, a0594

Patrón 2896 (usado 1 veces):
Archivos cubiertos: a0464, a0952, a1811

Patrón 2899 (usado 1 veces):
Archivos cubiertos: a0910, a1887, a1811, a0314, a0594

Patrón 2900 (usado 1 veces):
Archivos cubiertos: a0021, a0952, a1811, a0314, a0594

Patrón 2901 (usado 1 veces):
Archivos cubiertos: a1241, a1887, a1811

Patrón 2902 (usado 1 veces):
Archivos cubiertos: a0396, a1887, a0594

Patrón 2904 (usado 1 veces):
Archivos cubiertos: a1383, a0314

Patrón 2915 (usado 1 veces):
Archivos cubiertos: a1984, a0358, a1811, a0314

Patrón 2918 (usado 1 veces):
Archivos cubiertos: a0782, a0063, a1811, a0314, a0594

Patrón 2919 (usado 1 veces):
Archivos cubiertos: a1675, a0063, a1811, a0314, a0594

Patrón 2921 (usado 1 veces):
Archivos cubiertos: a1294, a1811, a0314

Patrón 2934 (usado 1 veces):
Archivos cubiertos: a1632, a1811

Patrón 2936 (usado 1 veces):
Archivos cubiertos: a0843, a1811, a0314, a0594

Patrón 2984 (usado 1 veces):
Archivos cubiertos: a0604, a0089, a0314, a0594

Patrón 2986 (usado 1 veces):
Archivos cubiertos: a0096, a0089, a1501, a0971

Patrón 2988 (usado 1 veces):
Archivos cubiertos: a1130, a1501, a0971, a0314, a0594

Patrón 2989 (usado 1 veces):
Archivos cubiertos: a1747, a1501, a0314

Patrón 2990 (usado 1 veces):
Archivos cubiertos: a0796, a1376, a0971, a0314, a0594

Patrón 2993 (usado 1 veces):
Archivos cubiertos: a0839, a0314, a0594

Patrón 2998 (usado 1 veces):
Archivos cubiertos: a0103, a1501, a1376, a0314

Patrón 2999 (usado 1 veces):
Archivos cubiertos: a0980, a1376, a0314

Patrón 3000 (usado 1 veces):
Archivos cubiertos: a0897, a1501, a1376, a0314

Patrón 3005 (usado 1 veces):
Archivos cubiertos: a1126, a1376, a0971, a0314, a0594

Patrón 3006 (usado 1 veces):
Archivos cubiertos: a1149, a1376, a0314

Patrón 3008 (usado 1 veces):
Archivos cubiertos: a0966, a1376, a0314

Patrón 3009 (usado 1 veces):
Archivos cubiertos: a0183, a1376, a0971, a0314

Patrón 3011 (usado 1 veces):
Archivos cubiertos: a1314, a1376, a0971, a0314, a0594

Patrón 3035 (usado 1 veces):
Archivos cubiertos: a0829, a0971, a0314, a0594

Patrón 3037 (usado 1 veces):
Archivos cubiertos: a1971, a1708, a0971, a0314, a0594

Patrón 3041 (usado 1 veces):
Archivos cubiertos: a1505, a0971, a0314, a0594

Patrón 3045 (usado 1 veces):
Archivos cubiertos: a0911, a0431, a0314

Patrón 3049 (usado 1 veces):
Archivos cubiertos: a1627, a0971, a0594

Patrón 3050 (usado 1 veces):
Archivos cubiertos: a0748, a0971, a0314

Patrón 3053 (usado 1 veces):
Archivos cubiertos: a1819, a0971, a0314, a0594

Patrón 3079 (usado 1 veces):
Archivos cubiertos: a1694, a1795, a0314

Patrón 3081 (usado 1 veces):
Archivos cubiertos: a0205, a1795, a0314

Patrón 3082 (usado 1 veces):
Archivos cubiertos: a1663, a1795, a0314, a0594

Patrón 3091 (usado 1 veces):
Archivos cubiertos: a0749, a1783, a0314

Patrón 3094 (usado 1 veces):
Archivos cubiertos: a1292, a1783, a0314, a0594

Patrón 3116 (usado 1 veces):
Archivos cubiertos: a1000, a0969, a0314, a0594

Patrón 3117 (usado 1 veces):
Archivos cubiertos: a0734, a0634, a0314, a0594

Patrón 3126 (usado 1 veces):
Archivos cubiertos: a1884, a1685, a0314

Patrón 3129 (usado 1 veces):
Archivos cubiertos: a1334, a0804, a0314, a0594

Patrón 3131 (usado 1 veces):
Archivos cubiertos: a0382, a0969, a1542

Patrón 3132 (usado 1 veces):
Archivos cubiertos: a1949, a0804, a0969, a0314

Patrón 3137 (usado 1 veces):
Archivos cubiertos: a0636, a1023, a0969, a0314

Patrón 3139 (usado 1 veces):
Archivos cubiertos: a1395, a0969, a0314, a0594

Patrón 3141 (usado 1 veces):
Archivos cubiertos: a2018, a0969, a0314, a0594

Patrón 3155 (usado 1 veces):
Archivos cubiertos: a1843, a0568, a0314, a0594

Patrón 3157 (usado 1 veces):
Archivos cubiertos: a0984, a0314, a0594

Patrón 3174 (usado 1 veces):
Archivos cubiertos: a1263, a1329, a0314

Patrón 3180 (usado 1 veces):
Archivos cubiertos: a0295, a1432, a0314

Patrón 3183 (usado 1 veces):
Archivos cubiertos: a0549, a1329, a0314, a0594

Patrón 3192 (usado 1 veces):
Archivos cubiertos: a1746, a0593, a0813, a0314, a0594

Patrón 3194 (usado 1 veces):
Archivos cubiertos: a0570, a0593, a0813, a0314, a0594

Patrón 3196 (usado 1 veces):
Archivos cubiertos: a1005, a0593, a0314, a0594

Patrón 3203 (usado 1 veces):
Archivos cubiertos: a1445, a0813, a0314, a0594

Patrón 3215 (usado 1 veces):
Archivos cubiertos: a0671, a0367, a0314, a0594

Patrón 3216 (usado 1 veces):
Archivos cubiertos: a0576, a0314, a0594

Patrón 3217 (usado 1 veces):
Archivos cubiertos: a0684, a0367, a0314, a0594

Patrón 3221 (usado 1 veces):
Archivos cubiertos: a0962, a0314, a0594

Patrón 3395 (usado 1 veces):
Archivos cubiertos: a0867, a0602, a2002, a0594

Patrón 3397 (usado 1 veces):
Archivos cubiertos: a2029, a2002, a0594

Patrón 3398 (usado 1 veces):
Archivos cubiertos: a1036, a2002, a0594

Patrón 3400 (usado 1 veces):
Archivos cubiertos: a0399, a0602, a0594

Patrón 3405 (usado 1 veces):
Archivos cubiertos: a1786, a0594

Patrón 3406 (usado 1 veces):
Archivos cubiertos: a1008, a1276, a2002, a0594

Patrón 3408 (usado 1 veces):
Archivos cubiertos: a0149, a2002, a0594

Patrón 3413 (usado 1 veces):
Archivos cubiertos: a0958, a1580, a0594

Patrón 3415 (usado 1 veces):
Archivos cubiertos: a0590, a2002, a0594

Patrón 3417 (usado 1 veces):
Archivos cubiertos: a2038, a2002, a0594

Patrón 3418 (usado 1 veces):
Archivos cubiertos: a0094, a2002, a0594

Patrón 3420 (usado 1 veces):
Archivos cubiertos: a0716, a2002, a0594

Patrón 3423 (usado 1 veces):
Archivos cubiertos: a1835, a2002, a0594

Patrón 3439 (usado 1 veces):
Archivos cubiertos: a1590, a1224, a0594

Patrón 3442 (usado 1 veces):
Archivos cubiertos: a1209, a0594

Patrón 3445 (usado 1 veces):
Archivos cubiertos: a1763, a0351, a0594

Patrón 3449 (usado 1 veces):
Archivos cubiertos: a0805, a0710, a0594

Patrón 3454 (usado 1 veces):
Archivos cubiertos: a2033, a0594

Patrón 4108 (usado 1 veces):
Archivos cubiertos: a1614, a2014, a0252

Patrón 4115 (usado 1 veces):
Archivos cubiertos: a1388, a0244, a0252, a1938

Patrón 4118 (usado 1 veces):
Archivos cubiertos: a0986, a0252, a1825, a1938

Patrón 4119 (usado 1 veces):
Archivos cubiertos: a0714, a0252, a1825

Patrón 4120 (usado 1 veces):
Archivos cubiertos: a0267, a0252, a1825

Patrón 4122 (usado 1 veces):
Archivos cubiertos: a0884, a0252, a1825, a1938

Patrón 4123 (usado 1 veces):
Archivos cubiertos: a1229, a1081, a0252, a1825

Patrón 4126 (usado 1 veces):
Archivos cubiertos: a1853, a1081, a0252, a1825

Patrón 4128 (usado 1 veces):
Archivos cubiertos: a0206, a0256, a0252, a1825

Patrón 4131 (usado 1 veces):
Archivos cubiertos: a1484, a1081, a0252, a1825

Patrón 4132 (usado 1 veces):
Archivos cubiertos: a0548, a0252

Patrón 4139 (usado 1 veces):
Archivos cubiertos: a1921, a1890, a0252, a1825

Patrón 4143 (usado 1 veces):
Archivos cubiertos: a1865, a0252, a1825

Patrón 4144 (usado 1 veces):
Archivos cubiertos: a1940, a0252, a1825

Patrón 4146 (usado 1 veces):
Archivos cubiertos: a1653, a0252, a1825

Patrón 4185 (usado 1 veces):
Archivos cubiertos: a0366, a0224, a1825, a1938

Patrón 4187 (usado 1 veces):
Archivos cubiertos: a1047, a1825, a1938

Patrón 4203 (usado 1 veces):
Archivos cubiertos: a0951, a1825

Patrón 4205 (usado 1 veces):
Archivos cubiertos: a0369, a1825, a1938

Patrón 4207 (usado 1 veces):
Archivos cubiertos: a1724, a1825

Patrón 4612 (usado 1 veces):
Archivos cubiertos: a1473, a0687, a1519, a0988

Patrón 4615 (usado 1 veces):
Archivos cubiertos: a1937, a1519, a0988, a1169

Patrón 4616 (usado 1 veces):
Archivos cubiertos: a1910, a0988, a1169

Patrón 4619 (usado 1 veces):
Archivos cubiertos: a2024, a1519, a0988, a1938

Patrón 4621 (usado 1 veces):
Archivos cubiertos: a1250, a1519, a0988, a1169

Patrón 4635 (usado 1 veces):
Archivos cubiertos: a1483, a1166, a0195, a0988

Patrón 4639 (usado 1 veces):
Archivos cubiertos: a0225, a0465, a0988, a1169

Patrón 4641 (usado 1 veces):
Archivos cubiertos: a1172, a1119, a1169

Patrón 4643 (usado 1 veces):
Archivos cubiertos: a0518, a0195, a0988, a1169

Patrón 4649 (usado 1 veces):
Archivos cubiertos: a1143, a0336, a0988, a1169, a1938

Patrón 4652 (usado 1 veces):
Archivos cubiertos: a1308, a0195, a0988

Patrón 4654 (usado 1 veces):
Archivos cubiertos: a1188, a0195, a0988, a1169

Patrón 4656 (usado 1 veces):
Archivos cubiertos: a1922, a0988, a1169

Patrón 4658 (usado 1 veces):
Archivos cubiertos: a0666, a0988, a1169

Patrón 4675 (usado 1 veces):
Archivos cubiertos: a1626, a1557, a0988, a1169

Patrón 4676 (usado 1 veces):
Archivos cubiertos: a0430, a1557, a0988, a1169

Patrón 4677 (usado 1 veces):
Archivos cubiertos: a1530, a1557, a0988

Patrón 4680 (usado 1 veces):
Archivos cubiertos: a0826, a1557, a0988

Patrón 4682 (usado 1 veces):
Archivos cubiertos: a1583, a0988, a1938

Patrón 4684 (usado 1 veces):
Archivos cubiertos: a0732, a1557, a0988, a1938

Patrón 4688 (usado 1 veces):
Archivos cubiertos: a1520, a0988

Patrón 4841 (usado 1 veces):
Archivos cubiertos: a1748, a0885, a1169

Patrón 4844 (usado 1 veces):
Archivos cubiertos: a0329, a1759, a0885

Patrón 4846 (usado 1 veces):
Archivos cubiertos: a0207, a1759, a0885, a1169

Patrón 4856 (usado 1 veces):
Archivos cubiertos: a0639, a0538, a0885, a1169, a1938

Patrón 4858 (usado 1 veces):
Archivos cubiertos: a1929, a0775, a0885, a1169, a1938

Patrón 4860 (usado 1 veces):
Archivos cubiertos: a0538, a0610, a0885, a1169

Patrón 4863 (usado 1 veces):
Archivos cubiertos: a0448, a1774, a0885, a1169

Patrón 4869 (usado 1 veces):
Archivos cubiertos: a1137, a1111, a0885, a1169

Patrón 4871 (usado 1 veces):
Archivos cubiertos: a1285, a0885, a1169

Patrón 4882 (usado 1 veces):
Archivos cubiertos: a1392, a0885, a1169

Patrón 4884 (usado 1 veces):
Archivos cubiertos: a1290, a0885, a1169

Patrón 4886 (usado 1 veces):
Archivos cubiertos: a0557, a0885

Patrón 4888 (usado 1 veces):
Archivos cubiertos: a1274, a0885, a1169, a1938

Patrón 4927 (usado 1 veces):
Archivos cubiertos: a0783, a1408, a1169

Patrón 4930 (usado 1 veces):
Archivos cubiertos: a1789, a1804, a1042, a1169, a1938

Patrón 4931 (usado 1 veces):
Archivos cubiertos: a2035, a1169

Patrón 4932 (usado 1 veces):
Archivos cubiertos: a1136, a1804, a0731, a1169

Patrón 4935 (usado 1 veces):
Archivos cubiertos: a0081, a1804, a1042, a1169, a1938

Patrón 4941 (usado 1 veces):
Archivos cubiertos: a0148, a1042

Patrón 4943 (usado 1 veces):
Archivos cubiertos: a1846, a0817, a1408, a1169

Patrón 4944 (usado 1 veces):
Archivos cubiertos: a0479, a1042, a1408, a1169

Patrón 4945 (usado 1 veces):
Archivos cubiertos: a2016, a1042, a1408, a1169

Patrón 4946 (usado 1 veces):
Archivos cubiertos: a1692, a1408, a1169

Patrón 4947 (usado 1 veces):
Archivos cubiertos: a1596, a0731, a1169

