\BOOKMARK [0][]{title.0}{\376\377\000T\000\355\000t\000u\000l\000o}{}% 1
\BOOKMARK [1][]{section.1}{\376\377\0001\000\040\000I\000n\000t\000r\000o\000d\000u\000c\000c\000i\000\363\000n}{title.0}% 2
\BOOKMARK [1][]{section.2}{\376\377\0002\000\040\000P\000a\000r\000t\000e\000\040\0001}{title.0}% 3
\BOOKMARK [2][-]{subsection.2.1}{\376\377\0002\000.\0001\000\040\000D\000e\000s\000c\000r\000i\000p\000c\000i\000\363\000n}{section.2}% 4
\BOOKMARK [2][-]{subsection.2.2}{\376\377\0002\000.\0002\000\040\000M\000o\000d\000e\000l\000o\000\040\000L\000i\000n\000e\000a\000l}{section.2}% 5
\BOOKMARK [3][-]{subsubsection.2.2.1}{\376\377\0002\000.\0002\000.\0001\000\040\000D\000e\000f\000i\000n\000i\000c\000i\000\363\000n\000\040\000d\000e\000\040\000v\000a\000r\000i\000a\000b\000l\000e\000s}{subsection.2.2}% 6
\BOOKMARK [3][-]{subsubsection.2.2.2}{\376\377\0002\000.\0002\000.\0002\000\040\000M\000o\000d\000e\000l\000o}{subsection.2.2}% 7
\BOOKMARK [3][-]{subsubsection.2.2.3}{\376\377\0002\000.\0002\000.\0003\000\040\000R\000e\000s\000t\000r\000i\000c\000c\000i\000\363\000n\000:\000\040\000q\000u\000e\000\040\000n\000o\000\040\000s\000e\000\040\000e\000l\000i\000j\000a\000n\000\040\000d\000i\000s\000c\000o\000s\000\040\000v\000a\000c\000\355\000o\000s}{subsection.2.2}% 8
\BOOKMARK [3][-]{subsubsection.2.2.4}{\376\377\0002\000.\0002\000.\0004\000\040\000M\000o\000d\000e\000l\000o\000\040\000Z\000i\000m\000p\000l}{subsection.2.2}% 9
\BOOKMARK [3][-]{subsubsection.2.2.5}{\376\377\0002\000.\0002\000.\0005\000\040\000M\000o\000d\000e\000l\000o\000\040\000P\000y\000S\000C\000I\000P\000O\000p\000t}{subsection.2.2}% 10
\BOOKMARK [1][]{section.3}{\376\377\0003\000\040\000P\000a\000r\000t\000e\000\040\0002}{title.0}% 11
\BOOKMARK [2][-]{subsection.3.1}{\376\377\0003\000.\0001\000\040\000D\000e\000s\000c\000r\000i\000p\000c\000i\000\363\000n}{section.3}% 12
\BOOKMARK [2][-]{subsection.3.2}{\376\377\0003\000.\0002\000\040\000M\000o\000d\000e\000l\000o\000\040\000L\000i\000n\000e\000a\000l}{section.3}% 13
\BOOKMARK [3][-]{subsubsection.3.2.1}{\376\377\0003\000.\0002\000.\0001\000\040\000D\000e\000f\000i\000n\000i\000c\000i\000\363\000n\000\040\000d\000e\000\040\000v\000a\000r\000i\000a\000b\000l\000e\000s}{subsection.3.2}% 14
\BOOKMARK [3][-]{subsubsection.3.2.2}{\376\377\0003\000.\0002\000.\0002\000\040\000M\000o\000d\000e\000l\000o}{subsection.3.2}% 15
\BOOKMARK [3][-]{subsubsection.3.2.3}{\376\377\0003\000.\0002\000.\0003\000\040\000M\000o\000d\000e\000l\000o\000\040\000Z\000i\000m\000p\000l}{subsection.3.2}% 16
\BOOKMARK [3][-]{subsubsection.3.2.4}{\376\377\0003\000.\0002\000.\0004\000\040\000M\000o\000d\000e\000l\000o\000\040\000P\000y\000S\000C\000I\000P\000O\000p\000t}{subsection.3.2}% 17
\BOOKMARK [1][]{section.4}{\376\377\0004\000\040\000P\000a\000r\000t\000e\000\040\0003}{title.0}% 18
\BOOKMARK [2][-]{subsection.4.1}{\376\377\0004\000.\0001\000\040\000D\000e\000s\000c\000r\000i\000p\000c\000i\000\363\000n}{section.4}% 19
\BOOKMARK [2][-]{subsection.4.2}{\376\377\0004\000.\0002\000\040\000M\000o\000d\000e\000l\000o\000\040\000L\000i\000n\000e\000a\000l}{section.4}% 20
\BOOKMARK [3][-]{subsubsection.4.2.1}{\376\377\0004\000.\0002\000.\0001\000\040\000D\000e\000f\000i\000n\000i\000c\000i\000\363\000n\000\040\000d\000e\000\040\000v\000a\000r\000i\000a\000b\000l\000e\000s}{subsection.4.2}% 21
\BOOKMARK [3][-]{subsubsection.4.2.2}{\376\377\0004\000.\0002\000.\0002\000\040\000M\000o\000d\000e\000l\000o}{subsection.4.2}% 22
\BOOKMARK [1][]{section.5}{\376\377\0005\000\040\000P\000a\000r\000t\000e\000\040\0004}{title.0}% 23
\BOOKMARK [2][-]{subsection.5.1}{\376\377\0005\000.\0001\000\040\000D\000e\000s\000c\000r\000i\000p\000c\000i\000\363\000n}{section.5}% 24
\BOOKMARK [2][-]{subsection.5.2}{\376\377\0005\000.\0002\000\040\000M\000o\000d\000e\000l\000o\000\040\000L\000i\000n\000e\000a\000l}{section.5}% 25
\BOOKMARK [3][-]{subsubsection.5.2.1}{\376\377\0005\000.\0002\000.\0001\000\040\000D\000e\000f\000i\000n\000i\000c\000i\000\363\000n\000\040\000d\000e\000\040\000v\000a\000r\000i\000a\000b\000l\000e\000s}{subsection.5.2}% 26
\BOOKMARK [3][-]{subsubsection.5.2.2}{\376\377\0005\000.\0002\000.\0002\000\040\000M\000o\000d\000e\000l\000o}{subsection.5.2}% 27
\BOOKMARK [1][]{section.6}{\376\377\0006\000\040\000P\000a\000r\000t\000e\000\040\0005}{title.0}% 28
\BOOKMARK [2][-]{subsection.6.1}{\376\377\0006\000.\0001\000\040\000D\000e\000s\000c\000r\000i\000p\000c\000i\000\363\000n}{section.6}% 29
\BOOKMARK [2][-]{subsection.6.2}{\376\377\0006\000.\0002\000\040\000P\000s\000e\000u\000d\000o\000c\000\363\000d\000i\000g\000o\000\040\000d\000e\000\040\000a\000l\000t\000o\000\040\000n\000i\000v\000e\000l}{section.6}% 30
\BOOKMARK [1][]{section.7}{\376\377\0007\000\040\000P\000a\000r\000t\000e\000\040\0006}{title.0}% 31
\BOOKMARK [2][-]{subsection.7.1}{\376\377\0007\000.\0001\000\040\000D\000e\000s\000c\000r\000i\000p\000c\000i\000\363\000n}{section.7}% 32
\BOOKMARK [1][]{section.8}{\376\377\0008\000\040\000R\000e\000s\000u\000l\000t\000a\000d\000o\000s\000\040\000d\000e\000\040\000s\000c\000r\000i\000p\000t}{title.0}% 33
\BOOKMARK [1][]{section.9}{\376\377\0009\000\040\000C\000o\000n\000c\000l\000u\000s\000i\000o\000n\000e\000s}{title.0}% 34
