Para la configuracion del archivo, se han elegido 230 de los 2270 conjuntos de H:

Conjunto H_1: {'a0325', 'a0220'}.
Conjunto H_6: {'a0485'}.
Conjunto H_8: {'a0265', 'a0231'}.
Conjunto H_15: {'a0502', 'a0214'}.
Conjunto H_22: {'a0270'}.
Conjunto H_25: {'a0043'}.
Conjunto H_38: {'a0487'}.
Conjunto H_43: {'a0489', 'a0353'}.
Conjunto H_51: {'a0300', 'a0111'}.
Conjunto H_52: {'a0405', 'a0475', 'a0355'}.
Conjunto H_57: {'a0039', 'a0167'}.
Conjunto H_59: {'a0302'}.
Conjunto H_65: {'a0133'}.
Conjunto H_77: {'a0199'}.
Conjunto H_84: {'a0236'}.
Conjunto H_90: {'a0164'}.
Conjunto H_96: {'a0479', 'a0048'}.
Conjunto H_100: {'a0002'}.
Conjunto H_106: {'a0496'}.
Conjunto H_128: {'a0299'}.
Conjunto H_130: {'a0003'}.
Conjunto H_134: {'a0403'}.
Conjunto H_140: {'a0295', 'a0153', 'a0018'}.
Conjunto H_141: {'a0421', 'a0336'}.
Conjunto H_146: {'a0145'}.
Conjunto H_153: {'a0170'}.
Conjunto H_161: {'a0432'}.
Conjunto H_172: {'a0508'}.
Conjunto H_190: {'a0261'}.
Conjunto H_195: {'a0447'}.
Conjunto H_196: {'a0255', 'a0213'}.
Conjunto H_197: {'a0434', 'a0478'}.
Conjunto H_201: {'a0341'}.
Conjunto H_210: {'a0205'}.
Conjunto H_220: {'a0196'}.
Conjunto H_221: {'a0402'}.
Conjunto H_228: {'a0202'}.
Conjunto H_235: {'a0148', 'a0188'}.
Conjunto H_236: {'a0222', 'a0169'}.
Conjunto H_244: {'a0383', 'a0144'}.
Conjunto H_247: {'a0224', 'a0444'}.
Conjunto H_254: {'a0321'}.
Conjunto H_268: {'a0163'}.
Conjunto H_275: {'a0455'}.
Conjunto H_282: {'a0162'}.
Conjunto H_290: {'a0142', 'a0022', 'a0167'}.
Conjunto H_292: {'a0179', 'a0030'}.
Conjunto H_295: {'a0101'}.
Conjunto H_298: {'a0195', 'a0456'}.
Conjunto H_305: {'a0055', 'a0049'}.
Conjunto H_311: {'a0297', 'a0221'}.
Conjunto H_312: {'a0061'}.
Conjunto H_338: {'a0143', 'a0483'}.
Conjunto H_343: {'a0025', 'a0362'}.
Conjunto H_348: {'a0361', 'a0031'}.
Conjunto H_379: {'a0177'}.
Conjunto H_382: {'a0298'}.
Conjunto H_383: {'a0346', 'a0125'}.
Conjunto H_404: {'a0146', 'a0492'}.
Conjunto H_412: {'a0032'}.
Conjunto H_425: {'a0284', 'a0119'}.
Conjunto H_438: {'a0291'}.
Conjunto H_441: {'a0005', 'a0127', 'a0128'}.
Conjunto H_443: {'a0322'}.
Conjunto H_451: {'a0417'}.
Conjunto H_456: {'a0370'}.
Conjunto H_458: {'a0354'}.
Conjunto H_463: {'a0377', 'a0374'}.
Conjunto H_481: {'a0382'}.
Conjunto H_501: {'a0503', 'a0391'}.
Conjunto H_510: {'a0149'}.
Conjunto H_512: {'a0102', 'a0097'}.
Conjunto H_513: {'a0511'}.
Conjunto H_517: {'a0357', 'a0082'}.
Conjunto H_522: {'a0363'}.
Conjunto H_548: {'a0389', 'a0019', 'a0034'}.
Conjunto H_554: {'a0267'}.
Conjunto H_561: {'a0190', 'a0493'}.
Conjunto H_574: {'a0168', 'a0112'}.
Conjunto H_584: {'a0375', 'a0459'}.
Conjunto H_585: {'a0069', 'a0413'}.
Conjunto H_604: {'a0435', 'a0181'}.
Conjunto H_606: {'a0305', 'a0084'}.
Conjunto H_613: {'a0208', 'a0348'}.
Conjunto H_614: {'a0303'}.
Conjunto H_637: {'a0070'}.
Conjunto H_646: {'a0286', 'a0414'}.
Conjunto H_655: {'a0416'}.
Conjunto H_660: {'a0015'}.
Conjunto H_669: {'a0124', 'a0201'}.
Conjunto H_675: {'a0040'}.
Conjunto H_679: {'a0376', 'a0087'}.
Conjunto H_687: {'a0237', 'a0399'}.
Conjunto H_700: {'a0095'}.
Conjunto H_701: {'a0263'}.
Conjunto H_710: {'a0130', 'a0344'}.
Conjunto H_716: {'a0426', 'a0281'}.
Conjunto H_719: {'a0337'}.
Conjunto H_722: {'a0171', 'a0429'}.
Conjunto H_739: {'a0053', 'a0398'}.
Conjunto H_748: {'a0462', 'a0154'}.
Conjunto H_750: {'a0058', 'a0096'}.
Conjunto H_753: {'a0086'}.
Conjunto H_756: {'a0050'}.
Conjunto H_792: {'a0237', 'a0240'}.
Conjunto H_816: {'a0238', 'a0116'}.
Conjunto H_820: {'a0476', 'a0111'}.
Conjunto H_824: {'a0301'}.
Conjunto H_827: {'a0477'}.
Conjunto H_841: {'a0409', 'a0311'}.
Conjunto H_854: {'a0252', 'a0335', 'a0272'}.
Conjunto H_879: {'a0160'}.
Conjunto H_885: {'a0078', 'a0472'}.
Conjunto H_896: {'a0438'}.
Conjunto H_906: {'a0010'}.
Conjunto H_911: {'a0139', 'a0443'}.
Conjunto H_925: {'a0482'}.
Conjunto H_927: {'a0114', 'a0251'}.
Conjunto H_956: {'a0306'}.
Conjunto H_968: {'a0292'}.
Conjunto H_972: {'a0079', 'a0296'}.
Conjunto H_976: {'a0246', 'a0059'}.
Conjunto H_977: {'a0105', 'a0089'}.
Conjunto H_993: {'a0484', 'a0068'}.
Conjunto H_994: {'a0418', 'a0260'}.
Conjunto H_1015: {'a0100', 'a0453'}.
Conjunto H_1023: {'a0026'}.
Conjunto H_1027: {'a0258', 'a0390'}.
Conjunto H_1046: {'a0232', 'a0088'}.
Conjunto H_1057: {'a0290'}.
Conjunto H_1092: {'a0471'}.
Conjunto H_1094: {'a0320'}.
Conjunto H_1121: {'a0277', 'a0219'}.
Conjunto H_1139: {'a0430', 'a0134'}.
Conjunto H_1143: {'a0172', 'a0151'}.
Conjunto H_1152: {'a0407', 'a0052'}.
Conjunto H_1153: {'a0325', 'a0207', 'a0461'}.
Conjunto H_1154: {'a0446'}.
Conjunto H_1168: {'a0227', 'a0180'}.
Conjunto H_1182: {'a0085', 'a0345'}.
Conjunto H_1215: {'a0186', 'a0391'}.
Conjunto H_1218: {'a0215', 'a0193'}.
Conjunto H_1230: {'a0373'}.
Conjunto H_1248: {'a0310'}.
Conjunto H_1289: {'a0172', 'a0250', 'a0315'}.
Conjunto H_1291: {'a0427', 'a0247'}.
Conjunto H_1292: {'a0440', 'a0357'}.
Conjunto H_1295: {'a0512', 'a0293'}.
Conjunto H_1318: {'a0387'}.
Conjunto H_1325: {'a0393', 'a0054'}.
Conjunto H_1333: {'a0123', 'a0229'}.
Conjunto H_1348: {'a0147'}.
Conjunto H_1359: {'a0308', 'a0007'}.
Conjunto H_1363: {'a0396', 'a0289'}.
Conjunto H_1393: {'a0223', 'a0206'}.
Conjunto H_1400: {'a0340', 'a0410'}.
Conjunto H_1431: {'a0365', 'a0198'}.
Conjunto H_1432: {'a0384', 'a0433'}.
Conjunto H_1446: {'a0338', 'a0212'}.
Conjunto H_1457: {'a0491', 'a0083'}.
Conjunto H_1496: {'a0090'}.
Conjunto H_1505: {'a0172', 'a0352'}.
Conjunto H_1525: {'a0256', 'a0499'}.
Conjunto H_1528: {'a0036', 'a0106'}.
Conjunto H_1544: {'a0333', 'a0388'}.
Conjunto H_1548: {'a0158', 'a0505'}.
Conjunto H_1551: {'a0157', 'a0325', 'a0356'}.
Conjunto H_1562: {'a0053', 'a0283'}.
Conjunto H_1563: {'a0142', 'a0279'}.
Conjunto H_1565: {'a0051', 'a0176'}.
Conjunto H_1585: {'a0109', 'a0161'}.
Conjunto H_1650: {'a0268', 'a0189'}.
Conjunto H_1667: {'a0080', 'a0343'}.
Conjunto H_1670: {'a0140', 'a0314'}.
Conjunto H_1671: {'a0131', 'a0359'}.
Conjunto H_1715: {'a0194'}.
Conjunto H_1727: {'a0480', 'a0264'}.
Conjunto H_1740: {'a0423', 'a0269'}.
Conjunto H_1763: {'a0394', 'a0173'}.
Conjunto H_1781: {'a0210', 'a0323'}.
Conjunto H_1782: {'a0028', 'a0282'}.
Conjunto H_1784: {'a0141', 'a0502', 'a0266'}.
Conjunto H_1806: {'a0063', 'a0334'}.
Conjunto H_1851: {'a0422'}.
Conjunto H_1852: {'a0466', 'a0510'}.
Conjunto H_1877: {'a0233', 'a0490', 'a0108'}.
Conjunto H_1884: {'a0158', 'a0404'}.
Conjunto H_1919: {'a0182', 'a0262'}.
Conjunto H_1923: {'a0434', 'a0135'}.
Conjunto H_2013: {'a0324', 'a0224', 'a0280'}.
Conjunto H_2014: {'a0451', 'a0344'}.
Conjunto H_2024: {'a0174'}.
Conjunto H_2051: {'a0098', 'a0024'}.
Conjunto H_2058: {'a0027', 'a0347'}.
Conjunto H_2087: {'a0439', 'a0486'}.
Conjunto H_2095: {'a0064', 'a0165'}.
Conjunto H_2096: {'a0113', 'a0230', 'a0331', 'a0217'}.
Conjunto H_2099: {'a0094', 'a0379'}.
Conjunto H_2100: {'a0254', 'a0458'}.
Conjunto H_2108: {'a0360', 'a0197', 'a0412'}.
Conjunto H_2111: {'a0092', 'a0115'}.
Conjunto H_2119: {'a0120', 'a0129'}.
Conjunto H_2120: {'a0093', 'a0209'}.
Conjunto H_2128: {'a0259', 'a0121'}.
Conjunto H_2134: {'a0225', 'a0448'}.
Conjunto H_2140: {'a0369', 'a0304'}.
Conjunto H_2143: {'a0037', 'a0467', 'a0216'}.
Conjunto H_2144: {'a0316', 'a0497'}.
Conjunto H_2145: {'a0187', 'a0126'}.
Conjunto H_2147: {'a0067', 'a0449'}.
Conjunto H_2150: {'a0465', 'a0331', 'a0441'}.
Conjunto H_2155: {'a0474', 'a0327'}.
Conjunto H_2160: {'a0197', 'a0249', 'a0138'}.
Conjunto H_2165: {'a0332', 'a0235'}.
Conjunto H_2170: {'a0349', 'a0469', 'a0216'}.
Conjunto H_2172: {'a0252', 'a0004', 'a0107'}.
Conjunto H_2174: {'a0366', 'a0509', 'a0136'}.
Conjunto H_2192: {'a0326', 'a0397'}.
Conjunto H_2200: {'a0330', 'a0351'}.
Conjunto H_2203: {'a0044', 'a0242'}.
Conjunto H_2215: {'a0470', 'a0312'}.
Conjunto H_2223: {'a0498', 'a0504'}.
Conjunto H_2225: {'a0156', 'a0309'}.
Conjunto H_2226: {'a0381', 'a0008', 'a0038'}.
Conjunto H_2231: {'a0203', 'a0276', 'a0076'}.
Conjunto H_2232: {'a0488', 'a0005', 'a0073'}.
Conjunto H_2233: {'a0183', 'a0009'}.
Conjunto H_2236: {'a0029', 'a0437'}.
Conjunto H_2245: {'a0401', 'a0152'}.
Conjunto H_2262: {'a0046', 'a0457'}.
