Patrones seleccionados y archivos asignados

Patrón 0 (usado 1 veces):
Archivos cubiertos: a0016, a0020

Patrón 1 (usado 1 veces):
Archivos cubiertos: a0024, a0020

Patrón 2 (usado 1 veces):
Archivos cubiertos: a0022, a0020

Patrón 28 (usado 1 veces):
Archivos cubiertos: a0027, a0014, a0025

Patrón 30 (usado 1 veces):
Archivos cubiertos: a0009

Patrón 32 (usado 1 veces):
Archivos cubiertos: a0004, a0001, a0025, a0019

Patrón 34 (usado 1 veces):
Archivos cubiertos: a0028, a0025

Patrón 38 (usado 1 veces):
Archivos cubiertos: a0029, a0025

Patrón 40 (usado 1 veces):
Archivos cubiertos: a0015, a0025, a0019

Patrón 41 (usado 1 veces):
Archivos cubiertos: a0032, a0025

Patrón 65 (usado 1 veces):
Archivos cubiertos: a0010, a0005, a0019

Patrón 67 (usado 1 veces):
Archivos cubiertos: a0013, a0017, a0005

Patrón 70 (usado 1 veces):
Archivos cubiertos: a0026, a0005

Patrón 77 (usado 1 veces):
Archivos cubiertos: a0030, a0006, a0019

Patrón 80 (usado 1 veces):
Archivos cubiertos: a0021, a0008, a0019

Patrón 84 (usado 1 veces):
Archivos cubiertos: a0007, a0011, a0019

Patrón 85 (usado 1 veces):
Archivos cubiertos: a0023, a0011, a0019

Patrón 93 (usado 1 veces):
Archivos cubiertos: a0012, a0011, a0005

Patrón 95 (usado 1 veces):
Archivos cubiertos: a0002

Patrón 96 (usado 1 veces):
Archivos cubiertos: a0018, a0011, a0005

Patrón 106 (usado 1 veces):
Archivos cubiertos: a0031, a0005, a0019

Patrón 108 (usado 1 veces):
Archivos cubiertos: a0003, a0019

