Para la configuracion del archivo, se han elegido 19 de los 57 conjuntos de H:

Conjunto H_1: {'a0030', 'a0006', 'a0011', 'a0025', 'a0017'}.
Conjunto H_5: {'a0009', 'a0030', 'a0005'}.
Conjunto H_10: {'a0032'}.
Conjunto H_11: {'a0010'}.
Conjunto H_12: {'a0014', 'a0021'}.
Conjunto H_15: {'a0019', 'a0001', 'a0023'}.
Conjunto H_17: {'a0025', 'a0007'}.
Conjunto H_22: {'a0016', 'a0008'}.
Conjunto H_28: {'a0012', 'a0027'}.
Conjunto H_29: {'a0026'}.
Conjunto H_37: {'a0031', 'a0024', 'a0020'}.
Conjunto H_40: {'a0028'}.
Conjunto H_41: {'a0004'}.
Conjunto H_45: {'a0002'}.
Conjunto H_49: {'a0018'}.
Conjunto H_50: {'a0013', 'a0011', 'a0029'}.
Conjunto H_51: {'a0003'}.
Conjunto H_54: {'a0015', 'a0019'}.
Conjunto H_56: {'a0022'}.
