Para la configuracion del archivo, se han elegido 219 de los 1350 conjuntos de H:

Conjunto H_24: {'a0071', 'a0035'}.
Conjunto H_37: {'a0186', 'a0277'}.
Conjunto H_45: {'a0028', 'a0331'}.
Conjunto H_57: {'a0160', 'a0108'}.
Conjunto H_58: {'a0158', 'a0205'}.
Conjunto H_60: {'a0033', 'a0327'}.
Conjunto H_81: {'a0318', 'a0218'}.
Conjunto H_110: {'a0234', 'a0118'}.
Conjunto H_119: {'a0345'}.
Conjunto H_123: {'a0321', 'a0044'}.
Conjunto H_139: {'a0243', 'a0148', 'a0048'}.
Conjunto H_155: {'a0192', 'a0235', 'a0325', 'a0256'}.
Conjunto H_171: {'a0241', 'a0251'}.
Conjunto H_172: {'a0228', 'a0300'}.
Conjunto H_173: {'a0354', 'a0344'}.
Conjunto H_186: {'a0149'}.
Conjunto H_188: {'a0165', 'a0238'}.
Conjunto H_202: {'a0150', 'a0095'}.
Conjunto H_206: {'a0261'}.
Conjunto H_220: {'a0125', 'a0281'}.
Conjunto H_228: {'a0245', 'a0072'}.
Conjunto H_235: {'a0247', 'a0114', 'a0076'}.
Conjunto H_236: {'a0117', 'a0250'}.
Conjunto H_242: {'a0083', 'a0045'}.
Conjunto H_256: {'a0121', 'a0336'}.
Conjunto H_268: {'a0280', 'a0240'}.
Conjunto H_278: {'a0157', 'a0219'}.
Conjunto H_283: {'a0203', 'a0153', 'a0248'}.
Conjunto H_302: {'a0054'}.
Conjunto H_303: {'a0211', 'a0338'}.
Conjunto H_307: {'a0156', 'a0191', 'a0277'}.
Conjunto H_315: {'a0108', 'a0299'}.
Conjunto H_324: {'a0128', 'a0214'}.
Conjunto H_326: {'a0204', 'a0049'}.
Conjunto H_328: {'a0146', 'a0082'}.
Conjunto H_330: {'a0328'}.
Conjunto H_332: {'a0091', 'a0206'}.
Conjunto H_347: {'a0296', 'a0102'}.
Conjunto H_377: {'a0338', 'a0309'}.
Conjunto H_387: {'a0198', 'a0009', 'a0139'}.
Conjunto H_414: {'a0325', 'a0039'}.
Conjunto H_417: {'a0302'}.
Conjunto H_418: {'a0236'}.
Conjunto H_419: {'a0143', 'a0093'}.
Conjunto H_423: {'a0043'}.
Conjunto H_425: {'a0319', 'a0237'}.
Conjunto H_431: {'a0278', 'a0358', 'a0313'}.
Conjunto H_434: {'a0150', 'a0324', 'a0172'}.
Conjunto H_436: {'a0161', 'a0231'}.
Conjunto H_439: {'a0106', 'a0269'}.
Conjunto H_447: {'a0169', 'a0124'}.
Conjunto H_455: {'a0129', 'a0307'}.
Conjunto H_458: {'a0209', 'a0008'}.
Conjunto H_464: {'a0185', 'a0159'}.
Conjunto H_468: {'a0057', 'a0337'}.
Conjunto H_474: {'a0326', 'a0120'}.
Conjunto H_485: {'a0074', 'a0126', 'a0063'}.
Conjunto H_486: {'a0207'}.
Conjunto H_501: {'a0342', 'a0132'}.
Conjunto H_503: {'a0221', 'a0075'}.
Conjunto H_508: {'a0303', 'a0197'}.
Conjunto H_514: {'a0348', 'a0225'}.
Conjunto H_516: {'a0013', 'a0346', 'a0264'}.
Conjunto H_530: {'a0266', 'a0016'}.
Conjunto H_535: {'a0036', 'a0184'}.
Conjunto H_547: {'a0362', 'a0113'}.
Conjunto H_552: {'a0243', 'a0007'}.
Conjunto H_558: {'a0242', 'a0343'}.
Conjunto H_559: {'a0267', 'a0020'}.
Conjunto H_562: {'a0050', 'a0192'}.
Conjunto H_568: {'a0208', 'a0359'}.
Conjunto H_582: {'a0229', 'a0073'}.
Conjunto H_585: {'a0224', 'a0154'}.
Conjunto H_591: {'a0072', 'a0176'}.
Conjunto H_595: {'a0130'}.
Conjunto H_596: {'a0138', 'a0068'}.
Conjunto H_605: {'a0155', 'a0360'}.
Conjunto H_614: {'a0062', 'a0103'}.
Conjunto H_626: {'a0065', 'a0081'}.
Conjunto H_629: {'a0335', 'a0284'}.
Conjunto H_645: {'a0107', 'a0347'}.
Conjunto H_661: {'a0029', 'a0331', 'a0079'}.
Conjunto H_678: {'a0040', 'a0192'}.
Conjunto H_684: {'a0189', 'a0338'}.
Conjunto H_692: {'a0234', 'a0051'}.
Conjunto H_695: {'a0294', 'a0226'}.
Conjunto H_696: {'a0280', 'a0026'}.
Conjunto H_706: {'a0141', 'a0030'}.
Conjunto H_709: {'a0123'}.
Conjunto H_712: {'a0227', 'a0210'}.
Conjunto H_716: {'a0310'}.
Conjunto H_717: {'a0195', 'a0047'}.
Conjunto H_719: {'a0021', 'a0216', 'a0314'}.
Conjunto H_727: {'a0003'}.
Conjunto H_730: {'a0168', 'a0108'}.
Conjunto H_736: {'a0139', 'a0085', 'a0215'}.
Conjunto H_747: {'a0252', 'a0075', 'a0089', 'a0166'}.
Conjunto H_754: {'a0059', 'a0179'}.
Conjunto H_771: {'a0053', 'a0080'}.
Conjunto H_781: {'a0246', 'a0255'}.
Conjunto H_794: {'a0135', 'a0255'}.
Conjunto H_796: {'a0177'}.
Conjunto H_801: {'a0140'}.
Conjunto H_806: {'a0258', 'a0094'}.
Conjunto H_821: {'a0086', 'a0106'}.
Conjunto H_823: {'a0273', 'a0063'}.
Conjunto H_834: {'a0053', 'a0178', 'a0305'}.
Conjunto H_836: {'a0259', 'a0256'}.
Conjunto H_843: {'a0145'}.
Conjunto H_847: {'a0175', 'a0019'}.
Conjunto H_857: {'a0241', 'a0057', 'a0018'}.
Conjunto H_863: {'a0352'}.
Conjunto H_864: {'a0105', 'a0011'}.
Conjunto H_876: {'a0014', 'a0350'}.
Conjunto H_877: {'a0330', 'a0001'}.
Conjunto H_878: {'a0137', 'a0122'}.
Conjunto H_882: {'a0254', 'a0171'}.
Conjunto H_886: {'a0042', 'a0317'}.
Conjunto H_888: {'a0279'}.
Conjunto H_895: {'a0032', 'a0112'}.
Conjunto H_900: {'a0187'}.
Conjunto H_903: {'a0199'}.
Conjunto H_905: {'a0196'}.
Conjunto H_916: {'a0005', 'a0167', 'a0274'}.
Conjunto H_917: {'a0304', 'a0111'}.
Conjunto H_922: {'a0230', 'a0276'}.
Conjunto H_929: {'a0297', 'a0223'}.
Conjunto H_935: {'a0268'}.
Conjunto H_939: {'a0212', 'a0315'}.
Conjunto H_942: {'a0066', 'a0134'}.
Conjunto H_944: {'a0136', 'a0181'}.
Conjunto H_958: {'a0087', 'a0331'}.
Conjunto H_965: {'a0112', 'a0322', 'a0314'}.
Conjunto H_974: {'a0341'}.
Conjunto H_996: {'a0064', 'a0288'}.
Conjunto H_1002: {'a0108', 'a0067', 'a0004', 'a0153'}.
Conjunto H_1008: {'a0025', 'a0188'}.
Conjunto H_1018: {'a0041', 'a0065'}.
Conjunto H_1020: {'a0013', 'a0038'}.
Conjunto H_1023: {'a0088', 'a0260'}.
Conjunto H_1029: {'a0320', 'a0295'}.
Conjunto H_1031: {'a0357', 'a0356'}.
Conjunto H_1032: {'a0293'}.
Conjunto H_1049: {'a0287'}.
Conjunto H_1054: {'a0262', 'a0340', 'a0172', 'a0314'}.
Conjunto H_1071: {'a0058', 'a0096'}.
Conjunto H_1075: {'a0097', 'a0312'}.
Conjunto H_1079: {'a0031', 'a0338', 'a0277'}.
Conjunto H_1080: {'a0272', 'a0115'}.
Conjunto H_1081: {'a0100', 'a0078'}.
Conjunto H_1084: {'a0034', 'a0099', 'a0144'}.
Conjunto H_1086: {'a0070', 'a0277'}.
Conjunto H_1087: {'a0034', 'a0329', 'a0252'}.
Conjunto H_1090: {'a0069', 'a0152', 'a0265'}.
Conjunto H_1093: {'a0022'}.
Conjunto H_1097: {'a0355'}.
Conjunto H_1098: {'a0308', 'a0233'}.
Conjunto H_1100: {'a0194'}.
Conjunto H_1101: {'a0220'}.
Conjunto H_1103: {'a0015'}.
Conjunto H_1110: {'a0201'}.
Conjunto H_1115: {'a0010'}.
Conjunto H_1118: {'a0151'}.
Conjunto H_1123: {'a0163'}.
Conjunto H_1128: {'a0349', 'a0180', 'a0313'}.
Conjunto H_1133: {'a0104'}.
Conjunto H_1134: {'a0101', 'a0282'}.
Conjunto H_1138: {'a0342', 'a0339'}.
Conjunto H_1142: {'a0127'}.
Conjunto H_1143: {'a0142', 'a0090'}.
Conjunto H_1144: {'a0275', 'a0056'}.
Conjunto H_1146: {'a0002'}.
Conjunto H_1148: {'a0162'}.
Conjunto H_1158: {'a0131', 'a0282'}.
Conjunto H_1163: {'a0277', 'a0311'}.
Conjunto H_1165: {'a0285', 'a0052'}.
Conjunto H_1179: {'a0092', 'a0255'}.
Conjunto H_1183: {'a0222', 'a0270'}.
Conjunto H_1186: {'a0283'}.
Conjunto H_1187: {'a0098', 'a0027'}.
Conjunto H_1192: {'a0202'}.
Conjunto H_1194: {'a0128', 'a0361', 'a0252'}.
Conjunto H_1196: {'a0290'}.
Conjunto H_1198: {'a0359', 'a0286'}.
Conjunto H_1200: {'a0239'}.
Conjunto H_1206: {'a0200', 'a0006', 'a0083'}.
Conjunto H_1215: {'a0024', 'a0193'}.
Conjunto H_1220: {'a0075', 'a0222', 'a0315', 'a0190'}.
Conjunto H_1221: {'a0116'}.
Conjunto H_1224: {'a0292'}.
Conjunto H_1235: {'a0164'}.
Conjunto H_1238: {'a0006', 'a0173'}.
Conjunto H_1239: {'a0291'}.
Conjunto H_1242: {'a0318', 'a0332'}.
Conjunto H_1254: {'a0257', 'a0244'}.
Conjunto H_1259: {'a0301'}.
Conjunto H_1264: {'a0061'}.
Conjunto H_1268: {'a0037', 'a0346', 'a0305'}.
Conjunto H_1272: {'a0023', 'a0217'}.
Conjunto H_1274: {'a0263'}.
Conjunto H_1282: {'a0170', 'a0017'}.
Conjunto H_1284: {'a0316', 'a0046'}.
Conjunto H_1288: {'a0133'}.
Conjunto H_1291: {'a0213'}.
Conjunto H_1293: {'a0174', 'a0197'}.
Conjunto H_1298: {'a0353', 'a0323'}.
Conjunto H_1299: {'a0241', 'a0298', 'a0333'}.
Conjunto H_1300: {'a0060', 'a0012'}.
Conjunto H_1307: {'a0084'}.
Conjunto H_1321: {'a0147', 'a0197'}.
Conjunto H_1324: {'a0334', 'a0085'}.
Conjunto H_1327: {'a0109'}.
Conjunto H_1328: {'a0306'}.
Conjunto H_1338: {'a0271', 'a0289'}.
Conjunto H_1344: {'a0253', 'a0182'}.
Conjunto H_1345: {'a0055', 'a0110', 'a0077'}.
Conjunto H_1346: {'a0249', 'a0351', 'a0232'}.
Conjunto H_1348: {'a0183', 'a0119'}.
Conjunto H_1349: {'a0249', 'a0351', 'a0232'}.
