Para la configuracion del archivo, se han elegido 390 de los 3616 conjuntos de H:

Conjunto H_33: {'a0099', 'a0442'}.
Conjunto H_36: {'a0028', 'a0531'}.
Conjunto H_41: {'a0515', 'a0559'}.
Conjunto H_42: {'a0597', 'a0565'}.
Conjunto H_50: {'a0420', 'a0437'}.
Conjunto H_65: {'a0075', 'a0398'}.
Conjunto H_67: {'a0373', 'a0280'}.
Conjunto H_83: {'a0441', 'a0359', 'a0566'}.
Conjunto H_88: {'a0030', 'a0457'}.
Conjunto H_94: {'a0505'}.
Conjunto H_95: {'a0220', 'a0510'}.
Conjunto H_99: {'a0488', 'a0662'}.
Conjunto H_119: {'a0084', 'a0558'}.
Conjunto H_123: {'a0176', 'a0264'}.
Conjunto H_145: {'a0287', 'a0072'}.
Conjunto H_173: {'a0626', 'a0292'}.
Conjunto H_189: {'a0094', 'a0088'}.
Conjunto H_198: {'a0105', 'a0014'}.
Conjunto H_204: {'a0136', 'a0156'}.
Conjunto H_211: {'a0075', 'a0206', 'a0469'}.
Conjunto H_218: {'a0067', 'a0344', 'a0433'}.
Conjunto H_219: {'a0322', 'a0357'}.
Conjunto H_220: {'a0427', 'a0579'}.
Conjunto H_235: {'a0599', 'a0477'}.
Conjunto H_257: {'a0307', 'a0286'}.
Conjunto H_268: {'a0412', 'a0295'}.
Conjunto H_278: {'a0127', 'a0034', 'a0124'}.
Conjunto H_282: {'a0278', 'a0235', 'a0405'}.
Conjunto H_294: {'a0623', 'a0673'}.
Conjunto H_299: {'a0262', 'a0384'}.
Conjunto H_324: {'a0114', 'a0197', 'a0321'}.
Conjunto H_325: {'a0657', 'a0038'}.
Conjunto H_346: {'a0149', 'a0297'}.
Conjunto H_357: {'a0328', 'a0386'}.
Conjunto H_358: {'a0454', 'a0342'}.
Conjunto H_381: {'a0554', 'a0093'}.
Conjunto H_394: {'a0253', 'a0012'}.
Conjunto H_408: {'a0463', 'a0241', 'a0151'}.
Conjunto H_422: {'a0667', 'a0319', 'a0372'}.
Conjunto H_425: {'a0347', 'a0102'}.
Conjunto H_453: {'a0424', 'a0637'}.
Conjunto H_475: {'a0668', 'a0247'}.
Conjunto H_488: {'a0671', 'a0630'}.
Conjunto H_526: {'a0371', 'a0209'}.
Conjunto H_532: {'a0620', 'a0531'}.
Conjunto H_547: {'a0455', 'a0280'}.
Conjunto H_557: {'a0214', 'a0357'}.
Conjunto H_561: {'a0032', 'a0622'}.
Conjunto H_582: {'a0382', 'a0019'}.
Conjunto H_591: {'a0233', 'a0490'}.
Conjunto H_604: {'a0678', 'a0493'}.
Conjunto H_608: {'a0256', 'a0120'}.
Conjunto H_610: {'a0234', 'a0595'}.
Conjunto H_641: {'a0661', 'a0085', 'a0464'}.
Conjunto H_642: {'a0590', 'a0258'}.
Conjunto H_657: {'a0376', 'a0390', 'a0632'}.
Conjunto H_696: {'a0497', 'a0212'}.
Conjunto H_697: {'a0090', 'a0596'}.
Conjunto H_701: {'a0517', 'a0670'}.
Conjunto H_721: {'a0490', 'a0207'}.
Conjunto H_737: {'a0550', 'a0516'}.
Conjunto H_741: {'a0071', 'a0045'}.
Conjunto H_748: {'a0135', 'a0670'}.
Conjunto H_751: {'a0215', 'a0237'}.
Conjunto H_758: {'a0119', 'a0335', 'a0622'}.
Conjunto H_806: {'a0217', 'a0428'}.
Conjunto H_829: {'a0522', 'a0021', 'a0011'}.
Conjunto H_833: {'a0520', 'a0062'}.
Conjunto H_843: {'a0504', 'a0631'}.
Conjunto H_848: {'a0484', 'a0591'}.
Conjunto H_850: {'a0489', 'a0327'}.
Conjunto H_851: {'a0521', 'a0368'}.
Conjunto H_862: {'a0314', 'a0181', 'a0576'}.
Conjunto H_864: {'a0141', 'a0551'}.
Conjunto H_867: {'a0674', 'a0615', 'a0523'}.
Conjunto H_882: {'a0400', 'a0339'}.
Conjunto H_906: {'a0142', 'a0095'}.
Conjunto H_907: {'a0352', 'a0381'}.
Conjunto H_923: {'a0651', 'a0502'}.
Conjunto H_926: {'a0405', 'a0052'}.
Conjunto H_940: {'a0029', 'a0217'}.
Conjunto H_945: {'a0331', 'a0306'}.
Conjunto H_957: {'a0466', 'a0277'}.
Conjunto H_970: {'a0534', 'a0641', 'a0019'}.
Conjunto H_980: {'a0366', 'a0116'}.
Conjunto H_986: {'a0055', 'a0532'}.
Conjunto H_989: {'a0422', 'a0153'}.
Conjunto H_990: {'a0268', 'a0272'}.
Conjunto H_1016: {'a0324', 'a0591', 'a0655'}.
Conjunto H_1029: {'a0069', 'a0598'}.
Conjunto H_1041: {'a0213', 'a0462'}.
Conjunto H_1056: {'a0647', 'a0004'}.
Conjunto H_1058: {'a0526', 'a0110'}.
Conjunto H_1076: {'a0374', 'a0240'}.
Conjunto H_1082: {'a0518', 'a0574'}.
Conjunto H_1087: {'a0446', 'a0500'}.
Conjunto H_1089: {'a0265', 'a0082'}.
Conjunto H_1090: {'a0537', 'a0364', 'a0204', 'a0502'}.
Conjunto H_1091: {'a0473', 'a0024'}.
Conjunto H_1094: {'a0121', 'a0182'}.
Conjunto H_1120: {'a0118', 'a0232'}.
Conjunto H_1135: {'a0537', 'a0356'}.
Conjunto H_1139: {'a0091', 'a0266'}.
Conjunto H_1148: {'a0037', 'a0115'}.
Conjunto H_1155: {'a0048', 'a0409'}.
Conjunto H_1168: {'a0506', 'a0475', 'a0193'}.
Conjunto H_1174: {'a0294', 'a0284'}.
Conjunto H_1175: {'a0092', 'a0495'}.
Conjunto H_1180: {'a0569', 'a0616'}.
Conjunto H_1205: {'a0558', 'a0239', 'a0462'}.
Conjunto H_1220: {'a0528', 'a0399'}.
Conjunto H_1224: {'a0390', 'a0563'}.
Conjunto H_1266: {'a0571', 'a0018'}.
Conjunto H_1271: {'a0403'}.
Conjunto H_1280: {'a0439', 'a0180'}.
Conjunto H_1291: {'a0326', 'a0103'}.
Conjunto H_1304: {'a0086', 'a0588'}.
Conjunto H_1317: {'a0418', 'a0514', 'a0431'}.
Conjunto H_1318: {'a0337', 'a0192'}.
Conjunto H_1333: {'a0223', 'a0185', 'a0616'}.
Conjunto H_1337: {'a0525', 'a0169'}.
Conjunto H_1344: {'a0663', 'a0230'}.
Conjunto H_1347: {'a0057', 'a0199'}.
Conjunto H_1351: {'a0173', 'a0515'}.
Conjunto H_1360: {'a0397', 'a0462'}.
Conjunto H_1372: {'a0194'}.
Conjunto H_1380: {'a0375', 'a0198'}.
Conjunto H_1387: {'a0263', 'a0252'}.
Conjunto H_1388: {'a0314', 'a0675', 'a0417'}.
Conjunto H_1390: {'a0340', 'a0578'}.
Conjunto H_1400: {'a0659', 'a0586'}.
Conjunto H_1404: {'a0001', 'a0016'}.
Conjunto H_1417: {'a0039', 'a0376'}.
Conjunto H_1446: {'a0046', 'a0483'}.
Conjunto H_1453: {'a0076', 'a0535', 'a0391'}.
Conjunto H_1459: {'a0203', 'a0591', 'a0338'}.
Conjunto H_1461: {'a0408', 'a0627'}.
Conjunto H_1471: {'a0587', 'a0592'}.
Conjunto H_1477: {'a0458', 'a0470'}.
Conjunto H_1486: {'a0077', 'a0639', 'a0510'}.
Conjunto H_1487: {'a0420', 'a0201'}.
Conjunto H_1499: {'a0445', 'a0545'}.
Conjunto H_1506: {'a0170', 'a0669', 'a0172'}.
Conjunto H_1521: {'a0498', 'a0394'}.
Conjunto H_1549: {'a0137', 'a0619', 'a0405', 'a0150'}.
Conjunto H_1558: {'a0490', 'a0460', 'a0211'}.
Conjunto H_1563: {'a0117', 'a0378'}.
Conjunto H_1587: {'a0624'}.
Conjunto H_1593: {'a0160'}.
Conjunto H_1607: {'a0134', 'a0293', 'a0510'}.
Conjunto H_1618: {'a0605', 'a0377'}.
Conjunto H_1639: {'a0358', 'a0507'}.
Conjunto H_1640: {'a0290'}.
Conjunto H_1643: {'a0243', 'a0365'}.
Conjunto H_1682: {'a0635', 'a0531'}.
Conjunto H_1689: {'a0476', 'a0593'}.
Conjunto H_1713: {'a0178', 'a0551'}.
Conjunto H_1725: {'a0064', 'a0210'}.
Conjunto H_1726: {'a0312', 'a0426'}.
Conjunto H_1730: {'a0186', 'a0522'}.
Conjunto H_1736: {'a0379', 'a0465'}.
Conjunto H_1757: {'a0487', 'a0111'}.
Conjunto H_1768: {'a0139', 'a0245'}.
Conjunto H_1783: {'a0309', 'a0544'}.
Conjunto H_1787: {'a0650', 'a0481', 'a0315'}.
Conjunto H_1804: {'a0443', 'a0056'}.
Conjunto H_1805: {'a0621', 'a0472'}.
Conjunto H_1842: {'a0058', 'a0311'}.
Conjunto H_1843: {'a0676', 'a0575'}.
Conjunto H_1845: {'a0168', 'a0308'}.
Conjunto H_1846: {'a0025', 'a0608'}.
Conjunto H_1863: {'a0530'}.
Conjunto H_1867: {'a0370', 'a0531'}.
Conjunto H_1889: {'a0583', 'a0604', 'a0393'}.
Conjunto H_1904: {'a0187', 'a0349'}.
Conjunto H_1945: {'a0376', 'a0244', 'a0459', 'a0381', 'a0019', 'a0538'}.
Conjunto H_1954: {'a0491', 'a0124'}.
Conjunto H_1969: {'a0190', 'a0276'}.
Conjunto H_1970: {'a0277', 'a0603', 'a0313', 'a0280'}.
Conjunto H_1977: {'a0570'}.
Conjunto H_1978: {'a0568', 'a0451'}.
Conjunto H_1997: {'a0098', 'a0346'}.
Conjunto H_2003: {'a0638'}.
Conjunto H_2005: {'a0195', 'a0389'}.
Conjunto H_2007: {'a0047', 'a0401'}.
Conjunto H_2031: {'a0513', 'a0144'}.
Conjunto H_2054: {'a0453', 'a0035'}.
Conjunto H_2062: {'a0629', 'a0107'}.
Conjunto H_2064: {'a0410', 'a0055'}.
Conjunto H_2068: {'a0285', 'a0125'}.
Conjunto H_2072: {'a0302'}.
Conjunto H_2084: {'a0260', 'a0658'}.
Conjunto H_2091: {'a0271', 'a0414'}.
Conjunto H_2097: {'a0108', 'a0143', 'a0406'}.
Conjunto H_2099: {'a0656', 'a0059'}.
Conjunto H_2110: {'a0387', 'a0222'}.
Conjunto H_2116: {'a0191', 'a0004'}.
Conjunto H_2133: {'a0396', 'a0449'}.
Conjunto H_2147: {'a0333', 'a0298'}.
Conjunto H_2155: {'a0550', 'a0503'}.
Conjunto H_2164: {'a0407', 'a0097', 'a0059'}.
Conjunto H_2168: {'a0556', 'a0050'}.
Conjunto H_2183: {'a0468', 'a0392'}.
Conjunto H_2189: {'a0087', 'a0594'}.
Conjunto H_2196: {'a0664', 'a0421'}.
Conjunto H_2212: {'a0542'}.
Conjunto H_2215: {'a0533', 'a0273'}.
Conjunto H_2233: {'a0316', 'a0089'}.
Conjunto H_2260: {'a0122', 'a0395'}.
Conjunto H_2271: {'a0053', 'a0010'}.
Conjunto H_2272: {'a0329', 'a0305', 'a0594'}.
Conjunto H_2277: {'a0080', 'a0008'}.
Conjunto H_2278: {'a0555', 'a0177'}.
Conjunto H_2282: {'a0529', 'a0552'}.
Conjunto H_2304: {'a0175', 'a0288'}.
Conjunto H_2309: {'a0541', 'a0197', 'a0085'}.
Conjunto H_2310: {'a0431', 'a0336', 'a0486'}.
Conjunto H_2312: {'a0242', 'a0167', 'a0229'}.
Conjunto H_2313: {'a0438', 'a0325', 'a0591'}.
Conjunto H_2356: {'a0040', 'a0224'}.
Conjunto H_2358: {'a0669', 'a0413'}.
Conjunto H_2365: {'a0196', 'a0150'}.
Conjunto H_2369: {'a0475', 'a0640', 'a0059'}.
Conjunto H_2381: {'a0138', 'a0543'}.
Conjunto H_2383: {'a0065', 'a0636'}.
Conjunto H_2390: {'a0354', 'a0229'}.
Conjunto H_2396: {'a0025', 'a0380'}.
Conjunto H_2410: {'a0109'}.
Conjunto H_2428: {'a0523', 'a0361'}.
Conjunto H_2440: {'a0404', 'a0536'}.
Conjunto H_2442: {'a0081', 'a0009', 'a0592'}.
Conjunto H_2457: {'a0607', 'a0013'}.
Conjunto H_2459: {'a0429', 'a0353'}.
Conjunto H_2463: {'a0100', 'a0467'}.
Conjunto H_2465: {'a0166', 'a0512'}.
Conjunto H_2523: {'a0006', 'a0609'}.
Conjunto H_2531: {'a0174'}.
Conjunto H_2540: {'a0106', 'a0376', 'a0388'}.
Conjunto H_2543: {'a0369', 'a0249'}.
Conjunto H_2544: {'a0362', 'a0128'}.
Conjunto H_2552: {'a0677', 'a0314', 'a0351'}.
Conjunto H_2556: {'a0246'}.
Conjunto H_2558: {'a0358', 'a0355', 'a0241'}.
Conjunto H_2559: {'a0183', 'a0343'}.
Conjunto H_2561: {'a0653'}.
Conjunto H_2572: {'a0231', 'a0423'}.
Conjunto H_2578: {'a0152'}.
Conjunto H_2586: {'a0218', 'a0318'}.
Conjunto H_2598: {'a0385', 'a0079'}.
Conjunto H_2603: {'a0140', 'a0255'}.
Conjunto H_2623: {'a0060', 'a0649'}.
Conjunto H_2634: {'a0482'}.
Conjunto H_2660: {'a0145'}.
Conjunto H_2687: {'a0654'}.
Conjunto H_2702: {'a0129'}.
Conjunto H_2710: {'a0348', 'a0132'}.
Conjunto H_2719: {'a0402'}.
Conjunto H_2735: {'a0164'}.
Conjunto H_2736: {'a0583', 'a0007', 'a0617'}.
Conjunto H_2737: {'a0031', 'a0415'}.
Conjunto H_2739: {'a0480', 'a0074'}.
Conjunto H_2740: {'a0613'}.
Conjunto H_2759: {'a0366', 'a0216', 'a0131'}.
Conjunto H_2791: {'a0562', 'a0066'}.
Conjunto H_2801: {'a0189', 'a0419'}.
Conjunto H_2803: {'a0582', 'a0051'}.
Conjunto H_2810: {'a0522', 'a0310'}.
Conjunto H_2813: {'a0376', 'a0411', 'a0062'}.
Conjunto H_2819: {'a0672', 'a0514'}.
Conjunto H_2842: {'a0581', 'a0585'}.
Conjunto H_2851: {'a0147', 'a0195'}.
Conjunto H_2882: {'a0543', 'a0041'}.
Conjunto H_2886: {'a0605', 'a0096'}.
Conjunto H_2908: {'a0002'}.
Conjunto H_2912: {'a0161', 'a0334'}.
Conjunto H_2916: {'a0612'}.
Conjunto H_2918: {'a0020', 'a0547'}.
Conjunto H_2919: {'a0583', 'a0628'}.
Conjunto H_2922: {'a0568', 'a0301'}.
Conjunto H_2925: {'a0330', 'a0589'}.
Conjunto H_2936: {'a0053', 'a0452', 'a0652'}.
Conjunto H_2956: {'a0430', 'a0280', 'a0089'}.
Conjunto H_2969: {'a0162'}.
Conjunto H_2986: {'a0044', 'a0499'}.
Conjunto H_3034: {'a0219'}.
Conjunto H_3035: {'a0026', 'a0634'}.
Conjunto H_3042: {'a0344', 'a0350', 'a0644'}.
Conjunto H_3043: {'a0633', 'a0605', 'a0475'}.
Conjunto H_3047: {'a0003'}.
Conjunto H_3051: {'a0078', 'a0643'}.
Conjunto H_3053: {'a0450', 'a0179'}.
Conjunto H_3066: {'a0577'}.
Conjunto H_3069: {'a0456'}.
Conjunto H_3070: {'a0281', 'a0304'}.
Conjunto H_3074: {'a0251', 'a0357'}.
Conjunto H_3077: {'a0584', 'a0381'}.
Conjunto H_3098: {'a0539', 'a0142'}.
Conjunto H_3105: {'a0488', 'a0257', 'a0114'}.
Conjunto H_3110: {'a0267'}.
Conjunto H_3118: {'a0323', 'a0479'}.
Conjunto H_3149: {'a0188', 'a0461', 'a0128'}.
Conjunto H_3152: {'a0171', 'a0034', 'a0332'}.
Conjunto H_3168: {'a0123'}.
Conjunto H_3170: {'a0478'}.
Conjunto H_3179: {'a0133'}.
Conjunto H_3184: {'a0020', 'a0043'}.
Conjunto H_3187: {'a0508', 'a0083'}.
Conjunto H_3194: {'a0244', 'a0474'}.
Conjunto H_3200: {'a0236'}.
Conjunto H_3215: {'a0533', 'a0254', 'a0128'}.
Conjunto H_3228: {'a0130'}.
Conjunto H_3230: {'a0108', 'a0299'}.
Conjunto H_3231: {'a0573'}.
Conjunto H_3235: {'a0665'}.
Conjunto H_3238: {'a0184', 'a0250'}.
Conjunto H_3244: {'a0566', 'a0112', 'a0068', 'a0275'}.
Conjunto H_3247: {'a0666'}.
Conjunto H_3271: {'a0648', 'a0225', 'a0280'}.
Conjunto H_3272: {'a0279'}.
Conjunto H_3283: {'a0289', 'a0126'}.
Conjunto H_3285: {'a0049'}.
Conjunto H_3289: {'a0155', 'a0238'}.
Conjunto H_3292: {'a0416'}.
Conjunto H_3293: {'a0112', 'a0200', 'a0572'}.
Conjunto H_3303: {'a0070'}.
Conjunto H_3307: {'a0228', 'a0485'}.
Conjunto H_3318: {'a0036'}.
Conjunto H_3321: {'a0553'}.
Conjunto H_3328: {'a0303'}.
Conjunto H_3347: {'a0494', 'a0405', 'a0259'}.
Conjunto H_3350: {'a0202'}.
Conjunto H_3352: {'a0625', 'a0159'}.
Conjunto H_3358: {'a0205', 'a0394'}.
Conjunto H_3362: {'a0602', 'a0561'}.
Conjunto H_3371: {'a0527'}.
Conjunto H_3372: {'a0296', 'a0025', 'a0436'}.
Conjunto H_3388: {'a0363'}.
Conjunto H_3395: {'a0360', 'a0033'}.
Conjunto H_3401: {'a0650', 'a0618'}.
Conjunto H_3402: {'a0496'}.
Conjunto H_3406: {'a0345'}.
Conjunto H_3410: {'a0015', 'a0622'}.
Conjunto H_3415: {'a0073', 'a0524', 'a0282', 'a0594', 'a0222'}.
Conjunto H_3418: {'a0317', 'a0594'}.
Conjunto H_3419: {'a0320'}.
Conjunto H_3428: {'a0226', 'a0025', 'a0434', 'a0148'}.
Conjunto H_3430: {'a0300'}.
Conjunto H_3431: {'a0660'}.
Conjunto H_3435: {'a0444', 'a0391'}.
Conjunto H_3438: {'a0248', 'a0227', 'a0229'}.
Conjunto H_3439: {'a0645'}.
Conjunto H_3440: {'a0556', 'a0221'}.
Conjunto H_3443: {'a0023'}.
Conjunto H_3447: {'a0393', 'a0588', 'a0020', 'a0549'}.
Conjunto H_3459: {'a0557'}.
Conjunto H_3464: {'a0005', 'a0564'}.
Conjunto H_3465: {'a0614', 'a0165'}.
Conjunto H_3466: {'a0546'}.
Conjunto H_3468: {'a0471'}.
Conjunto H_3473: {'a0042', 'a0601'}.
Conjunto H_3474: {'a0383'}.
Conjunto H_3475: {'a0447'}.
Conjunto H_3484: {'a0519', 'a0432', 'a0606'}.
Conjunto H_3491: {'a0367', 'a0642'}.
Conjunto H_3504: {'a0492', 'a0566'}.
Conjunto H_3515: {'a0274', 'a0560'}.
Conjunto H_3520: {'a0475', 'a0425'}.
Conjunto H_3525: {'a0054', 'a0610'}.
Conjunto H_3526: {'a0113', 'a0435'}.
Conjunto H_3530: {'a0061'}.
Conjunto H_3534: {'a0548', 'a0063', 'a0381'}.
Conjunto H_3541: {'a0528', 'a0448'}.
Conjunto H_3544: {'a0027', 'a0540'}.
Conjunto H_3546: {'a0440', 'a0591'}.
Conjunto H_3548: {'a0017', 'a0154'}.
Conjunto H_3550: {'a0519', 'a0261'}.
Conjunto H_3552: {'a0646'}.
Conjunto H_3556: {'a0158', 'a0269', 'a0344'}.
Conjunto H_3562: {'a0567', 'a0157', 'a0146', 'a0381'}.
Conjunto H_3565: {'a0101', 'a0340'}.
Conjunto H_3566: {'a0283', 'a0600'}.
Conjunto H_3570: {'a0208', 'a0611'}.
Conjunto H_3572: {'a0501', 'a0314', 'a0104', 'a0616'}.
Conjunto H_3583: {'a0197', 'a0291'}.
Conjunto H_3591: {'a0580'}.
Conjunto H_3600: {'a0163'}.
Conjunto H_3603: {'a0511'}.
Conjunto H_3608: {'a0270'}.
Conjunto H_3611: {'a0022', 'a0509'}.
Conjunto H_3615: {'a0341'}.
